[3.721s] Invoking command in '/home/ubuntu/dev_ws/build/pigpio': /usr/bin/cmake --build /home/ubuntu/dev_ws/build/pigpio -- -j4 -l4
[4.417s] [ 13%] Built target pigpio
[4.752s] [ 26%] Built target pigs
[5.019s] [ 39%] Built target pig2vcd
[5.415s] [ 47%] Built target pigpiod
[5.770s] [ 56%] Built target x_pigpio
[6.064s] [ 69%] Built target pigpiod_if2
[6.391s] [ 82%] Built target pigpiod_if
[6.804s] [ 91%] Built target x_pigpiod_if2
[7.210s] [100%] Built target x_pigpiod_if
[7.362s] Invoked command in '/home/ubuntu/dev_ws/build/pigpio' returned '0': /usr/bin/cmake --build /home/ubuntu/dev_ws/build/pigpio -- -j4 -l4
[8.388s] Invoking command in '/home/ubuntu/dev_ws/build/pigpio': /usr/bin/cmake --install /home/ubuntu/dev_ws/build/pigpio
[8.518s] -- Install configuration: ""
[8.532s] -- Up-to-date: /home/ubuntu/dev_ws/install/pigpio/lib/libpigpio.so
[8.536s] -- Up-to-date: /home/ubuntu/dev_ws/install/pigpio/lib/libpigpiod_if.so
[8.537s] -- Up-to-date: /home/ubuntu/dev_ws/install/pigpio/lib/libpigpiod_if2.so
[8.543s] -- Up-to-date: /home/ubuntu/dev_ws/install/pigpio/bin/pig2vcd
[8.584s] -- Up-to-date: /home/ubuntu/dev_ws/install/pigpio/bin/pigpiod
[8.586s] -- Up-to-date: /home/ubuntu/dev_ws/install/pigpio/bin/pigs
[8.588s] -- Up-to-date: /home/ubuntu/dev_ws/install/pigpio/lib/cmake/pigpio/pigpioTargets.cmake
[8.590s] -- Up-to-date: /home/ubuntu/dev_ws/install/pigpio/lib/cmake/pigpio/pigpioTargets-noconfig.cmake
[8.592s] -- Up-to-date: /home/ubuntu/dev_ws/install/pigpio/lib/cmake/pigpio/pigpioConfig.cmake
[8.594s] -- Up-to-date: /home/ubuntu/dev_ws/install/pigpio/lib/cmake/pigpio/pigpioConfigVersion.cmake
[8.595s] -- Up-to-date: /home/ubuntu/dev_ws/install/pigpio/include/pigpio.h
[8.596s] -- Up-to-date: /home/ubuntu/dev_ws/install/pigpio/include/pigpiod_if.h
[8.597s] -- Up-to-date: /home/ubuntu/dev_ws/install/pigpio/include/pigpiod_if2.h
[8.599s] -- Up-to-date: /home/ubuntu/dev_ws/install/pigpio/man/man1/libpigpio.so.1
[8.600s] -- Up-to-date: /home/ubuntu/dev_ws/install/pigpio/man/man1/libpigpiod_if.so.1
[8.601s] -- Up-to-date: /home/ubuntu/dev_ws/install/pigpio/man/man1/libpigpiod_if2.so.1
[8.602s] -- Up-to-date: /home/ubuntu/dev_ws/install/pigpio/man/man1/pig2vcd.1
[8.604s] -- Up-to-date: /home/ubuntu/dev_ws/install/pigpio/man/man1/pigpiod.1
[8.605s] -- Up-to-date: /home/ubuntu/dev_ws/install/pigpio/man/man1/pigs.1
[8.606s] -- Up-to-date: /home/ubuntu/dev_ws/install/pigpio/man/man3/pigpio.3
[8.611s] -- Up-to-date: /home/ubuntu/dev_ws/install/pigpio/man/man3/pigpiod_if.3
[8.612s] -- Up-to-date: /home/ubuntu/dev_ws/install/pigpio/man/man3/pigpiod_if2.3
[9.141s] running install
[9.150s] running build
[9.163s] running build_py
[9.164s] running install_lib
[9.247s] running install_egg_info
[9.256s] Writing /usr/local/lib/python3.8/dist-packages/pigpio-1.44.egg-info
[9.275s] error: [Errno 13] Permission denied: '/usr/local/lib/python3.8/dist-packages/pigpio-1.44.egg-info'
[9.439s] Invoked command in '/home/ubuntu/dev_ws/build/pigpio' returned '0': /usr/bin/cmake --install /home/ubuntu/dev_ws/build/pigpio
