[3.610s] Invoking command in '/home/ubuntu/dev_ws/build/pigpio': /usr/bin/cmake --build /home/ubuntu/dev_ws/build/pigpio -- -j4 -l4
[4.274s] [ 13%] Built target pigpio
[4.551s] [ 26%] Built target pigs
[4.822s] [ 39%] Built target pig2vcd
[5.238s] [ 47%] Built target pigpiod
[5.646s] [ 56%] Built target x_pigpio
[5.940s] [ 69%] Built target pigpiod_if2
[6.268s] [ 82%] Built target pigpiod_if
[6.649s] [ 91%] Built target x_pigpiod_if2
[7.147s] [100%] Built target x_pigpiod_if
[7.283s] Invoked command in '/home/ubuntu/dev_ws/build/pigpio' returned '0': /usr/bin/cmake --build /home/ubuntu/dev_ws/build/pigpio -- -j4 -l4
[8.291s] Invoking command in '/home/ubuntu/dev_ws/build/pigpio': /usr/bin/cmake --install /home/ubuntu/dev_ws/build/pigpio
[8.408s] -- Install configuration: ""
[8.412s] -- Up-to-date: /home/ubuntu/dev_ws/install/pigpio/lib/libpigpio.so
[8.415s] -- Up-to-date: /home/ubuntu/dev_ws/install/pigpio/lib/libpigpiod_if.so
[8.422s] -- Up-to-date: /home/ubuntu/dev_ws/install/pigpio/lib/libpigpiod_if2.so
[8.423s] -- Up-to-date: /home/ubuntu/dev_ws/install/pigpio/bin/pig2vcd
[8.427s] -- Up-to-date: /home/ubuntu/dev_ws/install/pigpio/bin/pigpiod
[8.438s] -- Up-to-date: /home/ubuntu/dev_ws/install/pigpio/bin/pigs
[8.441s] -- Up-to-date: /home/ubuntu/dev_ws/install/pigpio/lib/cmake/pigpio/pigpioTargets.cmake
[8.446s] -- Up-to-date: /home/ubuntu/dev_ws/install/pigpio/lib/cmake/pigpio/pigpioTargets-noconfig.cmake
[8.448s] -- Up-to-date: /home/ubuntu/dev_ws/install/pigpio/lib/cmake/pigpio/pigpioConfig.cmake
[8.449s] -- Up-to-date: /home/ubuntu/dev_ws/install/pigpio/lib/cmake/pigpio/pigpioConfigVersion.cmake
[8.451s] -- Up-to-date: /home/ubuntu/dev_ws/install/pigpio/include/pigpio.h
[8.452s] -- Up-to-date: /home/ubuntu/dev_ws/install/pigpio/include/pigpiod_if.h
[8.456s] -- Up-to-date: /home/ubuntu/dev_ws/install/pigpio/include/pigpiod_if2.h
[8.461s] -- Up-to-date: /home/ubuntu/dev_ws/install/pigpio/man/man1/libpigpio.so.1
[8.466s] -- Up-to-date: /home/ubuntu/dev_ws/install/pigpio/man/man1/libpigpiod_if.so.1
[8.473s] -- Up-to-date: /home/ubuntu/dev_ws/install/pigpio/man/man1/libpigpiod_if2.so.1
[8.475s] -- Up-to-date: /home/ubuntu/dev_ws/install/pigpio/man/man1/pig2vcd.1
[8.477s] -- Up-to-date: /home/ubuntu/dev_ws/install/pigpio/man/man1/pigpiod.1
[8.478s] -- Up-to-date: /home/ubuntu/dev_ws/install/pigpio/man/man1/pigs.1
[8.480s] -- Up-to-date: /home/ubuntu/dev_ws/install/pigpio/man/man3/pigpio.3
[8.493s] -- Up-to-date: /home/ubuntu/dev_ws/install/pigpio/man/man3/pigpiod_if.3
[8.499s] -- Up-to-date: /home/ubuntu/dev_ws/install/pigpio/man/man3/pigpiod_if2.3
[8.944s] running install
[8.955s] running build
[8.956s] running build_py
[8.964s] running install_lib
[9.012s] running install_egg_info
[9.017s] error: [Errno 13] Permission denied: '/usr/local/lib/python3.8/dist-packages/pigpio-1.44.egg-info'
[9.019s] Writing /usr/local/lib/python3.8/dist-packages/pigpio-1.44.egg-info
[9.091s] Invoked command in '/home/ubuntu/dev_ws/build/pigpio' returned '0': /usr/bin/cmake --install /home/ubuntu/dev_ws/build/pigpio
