[9.971s] Invoking command in '/home/ubuntu/dev_ws/build/motor_controller': PYTHONPATH=/home/ubuntu/dev_ws/build/motor_controller/prefix_override:/usr/lib/python3/dist-packages/colcon_core/task/python/colcon_distutils_commands:/home/ubuntu/dev_ws/install/motor_controller/lib/python3.8/site-packages:${PYTHONPATH} /usr/bin/python3 -W ignore:setup.py install is deprecated setup.py develop --editable --build-directory /home/ubuntu/dev_ws/build/motor_controller/build --no-deps symlink_data
[13.334s] running develop
[15.528s] running egg_info
[15.532s] writing motor_controller.egg-info/PKG-INFO
[15.536s] writing dependency_links to motor_controller.egg-info/dependency_links.txt
[15.537s] writing entry points to motor_controller.egg-info/entry_points.txt
[15.538s] writing requirements to motor_controller.egg-info/requires.txt
[15.539s] writing top-level names to motor_controller.egg-info/top_level.txt
[15.909s] reading manifest file 'motor_controller.egg-info/SOURCES.txt'
[15.920s] writing manifest file 'motor_controller.egg-info/SOURCES.txt'
[16.434s] running build_ext
[16.436s] Creating /home/ubuntu/dev_ws/install/motor_controller/lib/python3.8/site-packages/motor-controller.egg-link (link to .)
[16.463s] Installing controller script to /home/ubuntu/dev_ws/install/motor_controller/lib/motor_controller
[16.466s] Installing estop script to /home/ubuntu/dev_ws/install/motor_controller/lib/motor_controller
[16.469s] Installing relay script to /home/ubuntu/dev_ws/install/motor_controller/lib/motor_controller
[16.475s] Installing salter script to /home/ubuntu/dev_ws/install/motor_controller/lib/motor_controller
[16.481s] 
[16.483s] Installed /home/ubuntu/dev_ws/build/motor_controller
[16.484s] running symlink_data
[16.729s] Invoked command in '/home/ubuntu/dev_ws/build/motor_controller' returned '0': PYTHONPATH=/home/ubuntu/dev_ws/build/motor_controller/prefix_override:/usr/lib/python3/dist-packages/colcon_core/task/python/colcon_distutils_commands:/home/ubuntu/dev_ws/install/motor_controller/lib/python3.8/site-packages:${PYTHONPATH} /usr/bin/python3 -W ignore:setup.py install is deprecated setup.py develop --editable --build-directory /home/ubuntu/dev_ws/build/motor_controller/build --no-deps symlink_data
