-- The C compiler identification is GNU 9.4.0
-- Check for working C compiler: /usr/bin/cc
-- Check for working C compiler: /usr/bin/cc -- works
-- Detecting C compiler ABI info
-- Detecting C compiler ABI info - done
-- Detecting C compile features
-- Detecting C compile features - done
-- Looking for pthread.h
-- Looking for pthread.h - found
-- Performing Test CMAKE_HAVE_LIBC_PTHREAD
-- Performing Test CMAKE_HAVE_LIBC_PTHREAD - Failed
-- Looking for pthread_create in pthreads
-- Looking for pthread_create in pthreads - not found
-- Looking for pthread_create in pthread
-- Looking for pthread_create in pthread - found
-- Found Threads: TRUE  
-- Found rt: /usr/lib/aarch64-linux-gnu/librt.so  
-- Performing Test COMPILER_HAS_HIDDEN_VISIBILITY
-- Performing Test COMPILER_HAS_HIDDEN_VISIBILITY - Success
-- Performing Test COMPILER_HAS_HIDDEN_INLINE_VISIBILITY
-- Performing Test COMPILER_HAS_HIDDEN_INLINE_VISIBILITY - Failed
-- Performing Test COMPILER_HAS_DEPRECATED_ATTR
-- Performing Test COMPILER_HAS_DEPRECATED_ATTR - Success
-- Configuring done
-- Generating done
-- Build files have been written to: /home/ubuntu/dev_ws/build/pigpio
[35m[1mScanning dependencies of target pigpio[0m
[  4%] [32mBuilding C object CMakeFiles/pigpio.dir/pigpio.c.o[0m
make[2]: *** [CMakeFiles/pigpio.dir/build.make:63: CMakeFiles/pigpio.dir/pigpio.c.o] Interrupt
make[1]: *** [CMakeFiles/Makefile2:92: CMakeFiles/pigpio.dir/all] Interrupt
make: *** [Makefile:152: all] Interrupt
