[3.584s] Invoking command in '/home/ubuntu/dev_ws/build/pigpio': /usr/bin/cmake --build /home/ubuntu/dev_ws/build/pigpio -- -j4 -l4
[4.410s] [ 13%] Built target pigpio
[4.829s] [ 26%] Built target pigs
[5.167s] [ 39%] Built target pig2vcd
[5.764s] [ 47%] Built target pigpiod
[6.158s] [ 56%] Built target x_pigpio
[6.526s] [ 69%] Built target pigpiod_if2
[6.807s] [ 82%] Built target pigpiod_if
[7.485s] [ 91%] Built target x_pigpiod_if2
[8.331s] [100%] Built target x_pigpiod_if
[8.581s] Invoked command in '/home/ubuntu/dev_ws/build/pigpio' returned '0': /usr/bin/cmake --build /home/ubuntu/dev_ws/build/pigpio -- -j4 -l4
[9.764s] Invoking command in '/home/ubuntu/dev_ws/build/pigpio': /usr/bin/cmake --install /home/ubuntu/dev_ws/build/pigpio
[9.901s] -- Install configuration: ""
[9.908s] -- Up-to-date: /home/ubuntu/dev_ws/install/pigpio/lib/libpigpio.so
[9.917s] -- Up-to-date: /home/ubuntu/dev_ws/install/pigpio/lib/libpigpiod_if.so
[9.946s] -- Up-to-date: /home/ubuntu/dev_ws/install/pigpio/lib/libpigpiod_if2.so
[9.960s] -- Up-to-date: /home/ubuntu/dev_ws/install/pigpio/bin/pig2vcd
[9.966s] -- Up-to-date: /home/ubuntu/dev_ws/install/pigpio/bin/pigpiod
[9.987s] -- Up-to-date: /home/ubuntu/dev_ws/install/pigpio/bin/pigs
[9.992s] -- Up-to-date: /home/ubuntu/dev_ws/install/pigpio/lib/cmake/pigpio/pigpioTargets.cmake
[10.001s] -- Up-to-date: /home/ubuntu/dev_ws/install/pigpio/lib/cmake/pigpio/pigpioTargets-noconfig.cmake
[10.006s] -- Up-to-date: /home/ubuntu/dev_ws/install/pigpio/lib/cmake/pigpio/pigpioConfig.cmake
[10.012s] -- Up-to-date: /home/ubuntu/dev_ws/install/pigpio/lib/cmake/pigpio/pigpioConfigVersion.cmake
[10.014s] -- Up-to-date: /home/ubuntu/dev_ws/install/pigpio/include/pigpio.h
[10.016s] -- Up-to-date: /home/ubuntu/dev_ws/install/pigpio/include/pigpiod_if.h
[10.021s] -- Up-to-date: /home/ubuntu/dev_ws/install/pigpio/include/pigpiod_if2.h
[10.035s] -- Up-to-date: /home/ubuntu/dev_ws/install/pigpio/man/man1/libpigpio.so.1
[10.037s] -- Up-to-date: /home/ubuntu/dev_ws/install/pigpio/man/man1/libpigpiod_if.so.1
[10.039s] -- Up-to-date: /home/ubuntu/dev_ws/install/pigpio/man/man1/libpigpiod_if2.so.1
[10.040s] -- Up-to-date: /home/ubuntu/dev_ws/install/pigpio/man/man1/pig2vcd.1
[10.042s] -- Up-to-date: /home/ubuntu/dev_ws/install/pigpio/man/man1/pigpiod.1
[10.066s] -- Up-to-date: /home/ubuntu/dev_ws/install/pigpio/man/man1/pigs.1
[10.074s] -- Up-to-date: /home/ubuntu/dev_ws/install/pigpio/man/man3/pigpio.3
[10.075s] -- Up-to-date: /home/ubuntu/dev_ws/install/pigpio/man/man3/pigpiod_if.3
[10.077s] -- Up-to-date: /home/ubuntu/dev_ws/install/pigpio/man/man3/pigpiod_if2.3
[11.073s] running install
[11.086s] running build
[11.092s] running build_py
[11.107s] running install_lib
[11.168s] running install_egg_info
[11.175s] Writing /usr/local/lib/python3.8/dist-packages/pigpio-1.44.egg-info
[11.188s] error: [Errno 13] Permission denied: '/usr/local/lib/python3.8/dist-packages/pigpio-1.44.egg-info'
[11.335s] Invoked command in '/home/ubuntu/dev_ws/build/pigpio' returned '0': /usr/bin/cmake --install /home/ubuntu/dev_ws/build/pigpio
