[1.515s] DEBUG:colcon:Command line arguments: ['/usr/bin/colcon', 'build', '--symlink-install']
[1.515s] DEBUG:colcon:Parsed command line arguments: Namespace(allow_overriding=[], ament_cmake_args=None, base_paths=['.'], build_base='build', catkin_cmake_args=None, catkin_skip_building_tests=False, cmake_args=None, cmake_clean_cache=False, cmake_clean_first=False, cmake_force_configure=False, cmake_target=None, cmake_target_skip_unavailable=False, continue_on_error=False, event_handlers=None, executor='parallel', ignore_user_meta=False, install_base='install', log_base=None, log_level=None, main=<bound method BuildVerb.main of <colcon_core.verb.build.BuildVerb object at 0xffffb0d0c790>>, merge_install=False, metas=['./colcon.meta'], mixin=None, mixin_files=None, mixin_verb=('build',), packages_above=None, packages_above_and_dependencies=None, packages_above_depth=None, packages_end=None, packages_ignore=None, packages_ignore_regex=None, packages_select=None, packages_select_build_failed=False, packages_select_by_dep=None, packages_select_regex=None, packages_select_test_failures=False, packages_skip=None, packages_skip_build_finished=False, packages_skip_by_dep=None, packages_skip_regex=None, packages_skip_test_passed=False, packages_skip_up_to=None, packages_start=None, packages_up_to=None, packages_up_to_regex=None, parallel_workers=4, paths=None, symlink_install=True, test_result_base=None, verb_extension=<colcon_core.verb.build.BuildVerb object at 0xffffb0d0c790>, verb_name='build', verb_parser=<colcon_mixin.mixin.mixin_argument.MixinArgumentDecorator object at 0xffffb0c775e0>)
[2.351s] Level 1:colcon.colcon_core.package_discovery:discover_packages(colcon_meta) check parameters
[2.352s] Level 1:colcon.colcon_core.package_discovery:discover_packages(recursive) check parameters
[2.352s] Level 1:colcon.colcon_core.package_discovery:discover_packages(ignore) check parameters
[2.352s] Level 1:colcon.colcon_core.package_discovery:discover_packages(path) check parameters
[2.352s] Level 1:colcon.colcon_core.package_discovery:discover_packages(colcon_meta) discover
[2.353s] Level 1:colcon.colcon_core.package_discovery:discover_packages(recursive) discover
[2.353s] INFO:colcon.colcon_core.package_discovery:Crawling recursively for packages in '/home/ubuntu/dev_ws'
[2.353s] Level 1:colcon.colcon_core.package_identification:_identify(.) by extensions ['ignore', 'ignore_ament_install']
[2.354s] Level 1:colcon.colcon_core.package_identification:_identify(.) by extension 'ignore'
[2.354s] Level 1:colcon.colcon_core.package_identification:_identify(.) by extension 'ignore_ament_install'
[2.354s] Level 1:colcon.colcon_core.package_identification:_identify(.) by extensions ['colcon_pkg']
[2.355s] Level 1:colcon.colcon_core.package_identification:_identify(.) by extension 'colcon_pkg'
[2.355s] Level 1:colcon.colcon_core.package_identification:_identify(.) by extensions ['colcon_meta']
[2.355s] Level 1:colcon.colcon_core.package_identification:_identify(.) by extension 'colcon_meta'
[2.355s] Level 1:colcon.colcon_core.package_identification:_identify(.) by extensions ['ros']
[2.355s] Level 1:colcon.colcon_core.package_identification:_identify(.) by extension 'ros'
[2.403s] Level 1:colcon.colcon_core.package_identification:_identify(.) by extensions ['cmake', 'python']
[2.403s] Level 1:colcon.colcon_core.package_identification:_identify(.) by extension 'cmake'
[2.404s] Level 1:colcon.colcon_core.package_identification:_identify(.) by extension 'python'
[2.404s] Level 1:colcon.colcon_core.package_identification:_identify(.) by extensions ['python_setup_py']
[2.404s] Level 1:colcon.colcon_core.package_identification:_identify(.) by extension 'python_setup_py'
[2.405s] Level 1:colcon.colcon_core.package_identification:_identify(build) by extensions ['ignore', 'ignore_ament_install']
[2.405s] Level 1:colcon.colcon_core.package_identification:_identify(build) by extension 'ignore'
[2.406s] Level 1:colcon.colcon_core.package_identification:_identify(build) ignored
[2.406s] Level 1:colcon.colcon_core.package_identification:_identify(install) by extensions ['ignore', 'ignore_ament_install']
[2.407s] Level 1:colcon.colcon_core.package_identification:_identify(install) by extension 'ignore'
[2.407s] Level 1:colcon.colcon_core.package_identification:_identify(install) ignored
[2.408s] Level 1:colcon.colcon_core.package_identification:_identify(log) by extensions ['ignore', 'ignore_ament_install']
[2.408s] Level 1:colcon.colcon_core.package_identification:_identify(log) by extension 'ignore'
[2.408s] Level 1:colcon.colcon_core.package_identification:_identify(log) ignored
[2.409s] Level 1:colcon.colcon_core.package_identification:_identify(src) by extensions ['ignore', 'ignore_ament_install']
[2.409s] Level 1:colcon.colcon_core.package_identification:_identify(src) by extension 'ignore'
[2.409s] Level 1:colcon.colcon_core.package_identification:_identify(src) by extension 'ignore_ament_install'
[2.410s] Level 1:colcon.colcon_core.package_identification:_identify(src) by extensions ['colcon_pkg']
[2.410s] Level 1:colcon.colcon_core.package_identification:_identify(src) by extension 'colcon_pkg'
[2.410s] Level 1:colcon.colcon_core.package_identification:_identify(src) by extensions ['colcon_meta']
[2.410s] Level 1:colcon.colcon_core.package_identification:_identify(src) by extension 'colcon_meta'
[2.410s] Level 1:colcon.colcon_core.package_identification:_identify(src) by extensions ['ros']
[2.411s] Level 1:colcon.colcon_core.package_identification:_identify(src) by extension 'ros'
[2.411s] Level 1:colcon.colcon_core.package_identification:_identify(src) by extensions ['cmake', 'python']
[2.411s] Level 1:colcon.colcon_core.package_identification:_identify(src) by extension 'cmake'
[2.411s] Level 1:colcon.colcon_core.package_identification:_identify(src) by extension 'python'
[2.411s] Level 1:colcon.colcon_core.package_identification:_identify(src) by extensions ['python_setup_py']
[2.412s] Level 1:colcon.colcon_core.package_identification:_identify(src) by extension 'python_setup_py'
[2.412s] Level 1:colcon.colcon_core.package_identification:_identify(src/motor_control) by extensions ['ignore', 'ignore_ament_install']
[2.413s] Level 1:colcon.colcon_core.package_identification:_identify(src/motor_control) by extension 'ignore'
[2.413s] Level 1:colcon.colcon_core.package_identification:_identify(src/motor_control) by extension 'ignore_ament_install'
[2.413s] Level 1:colcon.colcon_core.package_identification:_identify(src/motor_control) by extensions ['colcon_pkg']
[2.413s] Level 1:colcon.colcon_core.package_identification:_identify(src/motor_control) by extension 'colcon_pkg'
[2.414s] Level 1:colcon.colcon_core.package_identification:_identify(src/motor_control) by extensions ['colcon_meta']
[2.414s] Level 1:colcon.colcon_core.package_identification:_identify(src/motor_control) by extension 'colcon_meta'
[2.414s] Level 1:colcon.colcon_core.package_identification:_identify(src/motor_control) by extensions ['ros']
[2.414s] Level 1:colcon.colcon_core.package_identification:_identify(src/motor_control) by extension 'ros'
[2.423s] DEBUG:colcon.colcon_core.package_identification:Package 'src/motor_control' with type 'ros.ament_cmake' and name 'motor_control'
[2.424s] Level 1:colcon.colcon_core.package_discovery:discover_packages(recursive) using defaults
[2.424s] Level 1:colcon.colcon_core.package_discovery:discover_packages(ignore) discover
[2.424s] Level 1:colcon.colcon_core.package_discovery:discover_packages(ignore) using defaults
[2.424s] Level 1:colcon.colcon_core.package_discovery:discover_packages(path) discover
[2.424s] Level 1:colcon.colcon_core.package_discovery:discover_packages(path) using defaults
[2.496s] Level 1:colcon.colcon_core.package_discovery:discover_packages(prefix_path) check parameters
[2.497s] Level 1:colcon.colcon_core.package_discovery:discover_packages(prefix_path) discover
[2.512s] DEBUG:colcon.colcon_installed_package_information.package_discovery:Found 256 installed packages in /opt/ros/foxy
[2.519s] Level 1:colcon.colcon_core.package_discovery:discover_packages(prefix_path) using defaults
[2.953s] Level 5:colcon.colcon_core.verb:set package 'motor_control' build argument 'cmake_args' from command line to 'None'
[2.954s] Level 5:colcon.colcon_core.verb:set package 'motor_control' build argument 'cmake_target' from command line to 'None'
[2.954s] Level 5:colcon.colcon_core.verb:set package 'motor_control' build argument 'cmake_target_skip_unavailable' from command line to 'False'
[2.954s] Level 5:colcon.colcon_core.verb:set package 'motor_control' build argument 'cmake_clean_cache' from command line to 'False'
[2.954s] Level 5:colcon.colcon_core.verb:set package 'motor_control' build argument 'cmake_clean_first' from command line to 'False'
[2.954s] Level 5:colcon.colcon_core.verb:set package 'motor_control' build argument 'cmake_force_configure' from command line to 'False'
[2.954s] Level 5:colcon.colcon_core.verb:set package 'motor_control' build argument 'ament_cmake_args' from command line to 'None'
[2.955s] Level 5:colcon.colcon_core.verb:set package 'motor_control' build argument 'catkin_cmake_args' from command line to 'None'
[2.955s] Level 5:colcon.colcon_core.verb:set package 'motor_control' build argument 'catkin_skip_building_tests' from command line to 'False'
[2.955s] DEBUG:colcon.colcon_core.verb:Building package 'motor_control' with the following arguments: {'ament_cmake_args': None, 'build_base': '/home/ubuntu/dev_ws/build/motor_control', 'catkin_cmake_args': None, 'catkin_skip_building_tests': False, 'cmake_args': None, 'cmake_clean_cache': False, 'cmake_clean_first': False, 'cmake_force_configure': False, 'cmake_target': None, 'cmake_target_skip_unavailable': False, 'install_base': '/home/ubuntu/dev_ws/install/motor_control', 'merge_install': False, 'path': '/home/ubuntu/dev_ws/src/motor_control', 'symlink_install': True, 'test_result_base': None}
[2.955s] INFO:colcon.colcon_core.executor:Executing jobs using 'parallel' executor
[2.960s] DEBUG:colcon.colcon_parallel_executor.executor.parallel:run_until_complete
[2.961s] INFO:colcon.colcon_ros.task.ament_cmake.build:Building ROS package in '/home/ubuntu/dev_ws/src/motor_control' with build type 'ament_cmake'
[2.962s] INFO:colcon.colcon_cmake.task.cmake.build:Building CMake package in '/home/ubuntu/dev_ws/src/motor_control'
[2.970s] INFO:colcon.colcon_core.plugin_system:Skipping extension 'colcon_core.shell.bat': Not used on non-Windows systems
[2.972s] INFO:colcon.colcon_core.shell:Skip shell extension 'powershell' for command environment: Not usable outside of PowerShell
[2.972s] DEBUG:colcon.colcon_core.shell:Skip shell extension 'dsv' for command environment
[3.019s] DEBUG:colcon.colcon_core.event_handler.log_command:Invoking command in '/home/ubuntu/dev_ws/build/motor_control': CMAKE_PREFIX_PATH=/opt/ros/foxy /usr/bin/cmake --build /home/ubuntu/dev_ws/build/motor_control -- -j4 -l4
[3.207s] DEBUG:colcon.colcon_core.event_handler.log_command:Invoked command in '/home/ubuntu/dev_ws/build/motor_control' returned '0': CMAKE_PREFIX_PATH=/opt/ros/foxy /usr/bin/cmake --build /home/ubuntu/dev_ws/build/motor_control -- -j4 -l4
[3.379s] DEBUG:colcon.colcon_core.event_handler.log_command:Invoking command in '/home/ubuntu/dev_ws/build/motor_control': CMAKE_PREFIX_PATH=/opt/ros/foxy /usr/bin/cmake --install /home/ubuntu/dev_ws/build/motor_control
[3.491s] Level 1:colcon.colcon_core.environment:create_environment_scripts_only(motor_control)
[3.496s] DEBUG:colcon.colcon_core.event_handler.log_command:Invoked command in '/home/ubuntu/dev_ws/build/motor_control' returned '0': CMAKE_PREFIX_PATH=/opt/ros/foxy /usr/bin/cmake --install /home/ubuntu/dev_ws/build/motor_control
[3.508s] Level 1:colcon.colcon_core.environment:checking '/home/ubuntu/dev_ws/install/motor_control' for CMake module files
[3.511s] Level 1:colcon.colcon_core.environment:checking '/home/ubuntu/dev_ws/install/motor_control' for CMake config files
[3.514s] Level 1:colcon.colcon_core.shell:create_environment_hook('motor_control', 'cmake_prefix_path')
[3.515s] INFO:colcon.colcon_core.shell:Creating environment hook '/home/ubuntu/dev_ws/install/motor_control/share/motor_control/hook/cmake_prefix_path.ps1'
[3.518s] INFO:colcon.colcon_core.shell:Creating environment descriptor '/home/ubuntu/dev_ws/install/motor_control/share/motor_control/hook/cmake_prefix_path.dsv'
[3.521s] INFO:colcon.colcon_core.shell:Creating environment hook '/home/ubuntu/dev_ws/install/motor_control/share/motor_control/hook/cmake_prefix_path.sh'
[3.525s] Level 1:colcon.colcon_core.environment:checking '/home/ubuntu/dev_ws/install/motor_control/bin'
[3.526s] Level 1:colcon.colcon_core.environment:checking '/home/ubuntu/dev_ws/install/motor_control/lib/pkgconfig/motor_control.pc'
[3.527s] Level 1:colcon.colcon_core.environment:checking '/home/ubuntu/dev_ws/install/motor_control/lib/python3.8/site-packages'
[3.528s] Level 1:colcon.colcon_core.environment:checking '/home/ubuntu/dev_ws/install/motor_control/bin'
[3.529s] INFO:colcon.colcon_core.shell:Creating package script '/home/ubuntu/dev_ws/install/motor_control/share/motor_control/package.ps1'
[3.533s] INFO:colcon.colcon_core.shell:Creating package descriptor '/home/ubuntu/dev_ws/install/motor_control/share/motor_control/package.dsv'
[3.536s] INFO:colcon.colcon_core.shell:Creating package script '/home/ubuntu/dev_ws/install/motor_control/share/motor_control/package.sh'
[3.539s] INFO:colcon.colcon_core.shell:Creating package script '/home/ubuntu/dev_ws/install/motor_control/share/motor_control/package.bash'
[3.542s] INFO:colcon.colcon_core.shell:Creating package script '/home/ubuntu/dev_ws/install/motor_control/share/motor_control/package.zsh'
[3.546s] Level 1:colcon.colcon_core.environment:create_file_with_runtime_dependencies(/home/ubuntu/dev_ws/install/motor_control/share/colcon-core/packages/motor_control)
[3.655s] Level 1:colcon.colcon_core.environment:create_environment_scripts_only(motor_control)
[3.657s] Level 1:colcon.colcon_core.environment:checking '/home/ubuntu/dev_ws/install/motor_control' for CMake module files
[3.667s] Level 1:colcon.colcon_core.environment:checking '/home/ubuntu/dev_ws/install/motor_control' for CMake config files
[3.671s] Level 1:colcon.colcon_core.shell:create_environment_hook('motor_control', 'cmake_prefix_path')
[3.672s] INFO:colcon.colcon_core.shell:Creating environment hook '/home/ubuntu/dev_ws/install/motor_control/share/motor_control/hook/cmake_prefix_path.ps1'
[3.675s] INFO:colcon.colcon_core.shell:Creating environment descriptor '/home/ubuntu/dev_ws/install/motor_control/share/motor_control/hook/cmake_prefix_path.dsv'
[3.678s] INFO:colcon.colcon_core.shell:Creating environment hook '/home/ubuntu/dev_ws/install/motor_control/share/motor_control/hook/cmake_prefix_path.sh'
[3.681s] Level 1:colcon.colcon_core.environment:checking '/home/ubuntu/dev_ws/install/motor_control/bin'
[3.682s] Level 1:colcon.colcon_core.environment:checking '/home/ubuntu/dev_ws/install/motor_control/lib/pkgconfig/motor_control.pc'
[3.683s] Level 1:colcon.colcon_core.environment:checking '/home/ubuntu/dev_ws/install/motor_control/lib/python3.8/site-packages'
[3.683s] Level 1:colcon.colcon_core.environment:checking '/home/ubuntu/dev_ws/install/motor_control/bin'
[3.685s] INFO:colcon.colcon_core.shell:Creating package script '/home/ubuntu/dev_ws/install/motor_control/share/motor_control/package.ps1'
[3.688s] INFO:colcon.colcon_core.shell:Creating package descriptor '/home/ubuntu/dev_ws/install/motor_control/share/motor_control/package.dsv'
[3.691s] INFO:colcon.colcon_core.shell:Creating package script '/home/ubuntu/dev_ws/install/motor_control/share/motor_control/package.sh'
[3.694s] INFO:colcon.colcon_core.shell:Creating package script '/home/ubuntu/dev_ws/install/motor_control/share/motor_control/package.bash'
[3.697s] INFO:colcon.colcon_core.shell:Creating package script '/home/ubuntu/dev_ws/install/motor_control/share/motor_control/package.zsh'
[3.699s] Level 1:colcon.colcon_core.environment:create_file_with_runtime_dependencies(/home/ubuntu/dev_ws/install/motor_control/share/colcon-core/packages/motor_control)
[3.701s] DEBUG:colcon.colcon_parallel_executor.executor.parallel:closing loop
[3.702s] DEBUG:colcon.colcon_parallel_executor.executor.parallel:loop closed
[3.704s] DEBUG:colcon.colcon_parallel_executor.executor.parallel:run_until_complete finished with '0'
[3.706s] DEBUG:colcon.colcon_core.event_reactor:joining thread
[3.738s] INFO:colcon.colcon_core.plugin_system:Skipping extension 'colcon_notification.desktop_notification.terminal_notifier': Not used on non-Darwin systems
[3.739s] INFO:colcon.colcon_core.plugin_system:Skipping extension 'colcon_notification.desktop_notification.win32': Not used on non-Windows systems
[3.740s] INFO:colcon.colcon_notification.desktop_notification:Sending desktop notification using 'notify2'
[3.808s] DEBUG:colcon.colcon_core.event_reactor:joined thread
[3.809s] INFO:colcon.colcon_core.shell:Creating prefix script '/home/ubuntu/dev_ws/install/local_setup.ps1'
[3.814s] INFO:colcon.colcon_core.shell:Creating prefix util module '/home/ubuntu/dev_ws/install/_local_setup_util_ps1.py'
[3.820s] INFO:colcon.colcon_core.shell:Creating prefix chain script '/home/ubuntu/dev_ws/install/setup.ps1'
[3.826s] INFO:colcon.colcon_core.shell:Creating prefix script '/home/ubuntu/dev_ws/install/local_setup.sh'
[3.829s] INFO:colcon.colcon_core.shell:Creating prefix util module '/home/ubuntu/dev_ws/install/_local_setup_util_sh.py'
[3.832s] INFO:colcon.colcon_core.shell:Creating prefix chain script '/home/ubuntu/dev_ws/install/setup.sh'
[3.838s] INFO:colcon.colcon_core.shell:Creating prefix script '/home/ubuntu/dev_ws/install/local_setup.bash'
[3.841s] INFO:colcon.colcon_core.shell:Creating prefix chain script '/home/ubuntu/dev_ws/install/setup.bash'
[3.846s] INFO:colcon.colcon_core.shell:Creating prefix script '/home/ubuntu/dev_ws/install/local_setup.zsh'
[3.851s] INFO:colcon.colcon_core.shell:Creating prefix chain script '/home/ubuntu/dev_ws/install/setup.zsh'
