[1.324s] DEBUG:colcon:Command line arguments: ['/usr/bin/colcon', 'build', '--symlink-install']
[1.325s] DEBUG:colcon:Parsed command line arguments: Namespace(allow_overriding=[], ament_cmake_args=None, base_paths=['.'], build_base='build', catkin_cmake_args=None, catkin_skip_building_tests=False, cmake_args=None, cmake_clean_cache=False, cmake_clean_first=False, cmake_force_configure=False, cmake_target=None, cmake_target_skip_unavailable=False, continue_on_error=False, event_handlers=None, executor='parallel', ignore_user_meta=False, install_base='install', log_base=None, log_level=None, main=<bound method BuildVerb.main of <colcon_core.verb.build.BuildVerb object at 0xffff7eabb280>>, merge_install=False, metas=['./colcon.meta'], mixin=None, mixin_files=None, mixin_verb=('build',), packages_above=None, packages_above_and_dependencies=None, packages_above_depth=None, packages_end=None, packages_ignore=None, packages_ignore_regex=None, packages_select=None, packages_select_build_failed=False, packages_select_by_dep=None, packages_select_regex=None, packages_select_test_failures=False, packages_skip=None, packages_skip_build_finished=False, packages_skip_by_dep=None, packages_skip_regex=None, packages_skip_test_passed=False, packages_skip_up_to=None, packages_start=None, packages_up_to=None, packages_up_to_regex=None, parallel_workers=4, paths=None, symlink_install=True, test_result_base=None, verb_extension=<colcon_core.verb.build.BuildVerb object at 0xffff7eabb280>, verb_name='build', verb_parser=<colcon_mixin.mixin.mixin_argument.MixinArgumentDecorator object at 0xffff7ea250d0>)
[2.412s] Level 1:colcon.colcon_core.package_discovery:discover_packages(colcon_meta) check parameters
[2.413s] Level 1:colcon.colcon_core.package_discovery:discover_packages(recursive) check parameters
[2.413s] Level 1:colcon.colcon_core.package_discovery:discover_packages(ignore) check parameters
[2.414s] Level 1:colcon.colcon_core.package_discovery:discover_packages(path) check parameters
[2.415s] Level 1:colcon.colcon_core.package_discovery:discover_packages(colcon_meta) discover
[2.415s] Level 1:colcon.colcon_core.package_discovery:discover_packages(recursive) discover
[2.416s] INFO:colcon.colcon_core.package_discovery:Crawling recursively for packages in '/home/ubuntu/dev_ws'
[2.417s] Level 1:colcon.colcon_core.package_identification:_identify(.) by extensions ['ignore', 'ignore_ament_install']
[2.418s] Level 1:colcon.colcon_core.package_identification:_identify(.) by extension 'ignore'
[2.419s] Level 1:colcon.colcon_core.package_identification:_identify(.) by extension 'ignore_ament_install'
[2.420s] Level 1:colcon.colcon_core.package_identification:_identify(.) by extensions ['colcon_pkg']
[2.420s] Level 1:colcon.colcon_core.package_identification:_identify(.) by extension 'colcon_pkg'
[2.421s] Level 1:colcon.colcon_core.package_identification:_identify(.) by extensions ['colcon_meta']
[2.421s] Level 1:colcon.colcon_core.package_identification:_identify(.) by extension 'colcon_meta'
[2.421s] Level 1:colcon.colcon_core.package_identification:_identify(.) by extensions ['ros']
[2.421s] Level 1:colcon.colcon_core.package_identification:_identify(.) by extension 'ros'
[2.482s] Level 1:colcon.colcon_core.package_identification:_identify(.) by extensions ['cmake', 'python']
[2.482s] Level 1:colcon.colcon_core.package_identification:_identify(.) by extension 'cmake'
[2.483s] Level 1:colcon.colcon_core.package_identification:_identify(.) by extension 'python'
[2.483s] Level 1:colcon.colcon_core.package_identification:_identify(.) by extensions ['python_setup_py']
[2.483s] Level 1:colcon.colcon_core.package_identification:_identify(.) by extension 'python_setup_py'
[2.484s] Level 1:colcon.colcon_core.package_identification:_identify(build) by extensions ['ignore', 'ignore_ament_install']
[2.485s] Level 1:colcon.colcon_core.package_identification:_identify(build) by extension 'ignore'
[2.485s] Level 1:colcon.colcon_core.package_identification:_identify(build) ignored
[2.486s] Level 1:colcon.colcon_core.package_identification:_identify(install) by extensions ['ignore', 'ignore_ament_install']
[2.486s] Level 1:colcon.colcon_core.package_identification:_identify(install) by extension 'ignore'
[2.487s] Level 1:colcon.colcon_core.package_identification:_identify(install) ignored
[2.488s] Level 1:colcon.colcon_core.package_identification:_identify(log) by extensions ['ignore', 'ignore_ament_install']
[2.489s] Level 1:colcon.colcon_core.package_identification:_identify(log) by extension 'ignore'
[2.489s] Level 1:colcon.colcon_core.package_identification:_identify(log) ignored
[2.490s] Level 1:colcon.colcon_core.package_identification:_identify(src) by extensions ['ignore', 'ignore_ament_install']
[2.491s] Level 1:colcon.colcon_core.package_identification:_identify(src) by extension 'ignore'
[2.491s] Level 1:colcon.colcon_core.package_identification:_identify(src) by extension 'ignore_ament_install'
[2.491s] Level 1:colcon.colcon_core.package_identification:_identify(src) by extensions ['colcon_pkg']
[2.492s] Level 1:colcon.colcon_core.package_identification:_identify(src) by extension 'colcon_pkg'
[2.492s] Level 1:colcon.colcon_core.package_identification:_identify(src) by extensions ['colcon_meta']
[2.493s] Level 1:colcon.colcon_core.package_identification:_identify(src) by extension 'colcon_meta'
[2.493s] Level 1:colcon.colcon_core.package_identification:_identify(src) by extensions ['ros']
[2.493s] Level 1:colcon.colcon_core.package_identification:_identify(src) by extension 'ros'
[2.494s] Level 1:colcon.colcon_core.package_identification:_identify(src) by extensions ['cmake', 'python']
[2.494s] Level 1:colcon.colcon_core.package_identification:_identify(src) by extension 'cmake'
[2.494s] Level 1:colcon.colcon_core.package_identification:_identify(src) by extension 'python'
[2.494s] Level 1:colcon.colcon_core.package_identification:_identify(src) by extensions ['python_setup_py']
[2.495s] Level 1:colcon.colcon_core.package_identification:_identify(src) by extension 'python_setup_py'
[2.496s] Level 1:colcon.colcon_core.package_identification:_identify(src/build) by extensions ['ignore', 'ignore_ament_install']
[2.497s] Level 1:colcon.colcon_core.package_identification:_identify(src/build) by extension 'ignore'
[2.498s] Level 1:colcon.colcon_core.package_identification:_identify(src/build) ignored
[2.499s] Level 1:colcon.colcon_core.package_identification:_identify(src/install) by extensions ['ignore', 'ignore_ament_install']
[2.500s] Level 1:colcon.colcon_core.package_identification:_identify(src/install) by extension 'ignore'
[2.501s] Level 1:colcon.colcon_core.package_identification:_identify(src/install) ignored
[2.502s] Level 1:colcon.colcon_core.package_identification:_identify(src/log) by extensions ['ignore', 'ignore_ament_install']
[2.503s] Level 1:colcon.colcon_core.package_identification:_identify(src/log) by extension 'ignore'
[2.504s] Level 1:colcon.colcon_core.package_identification:_identify(src/log) ignored
[2.505s] Level 1:colcon.colcon_core.package_identification:_identify(src/motor_controller) by extensions ['ignore', 'ignore_ament_install']
[2.506s] Level 1:colcon.colcon_core.package_identification:_identify(src/motor_controller) by extension 'ignore'
[2.507s] Level 1:colcon.colcon_core.package_identification:_identify(src/motor_controller) by extension 'ignore_ament_install'
[2.508s] Level 1:colcon.colcon_core.package_identification:_identify(src/motor_controller) by extensions ['colcon_pkg']
[2.508s] Level 1:colcon.colcon_core.package_identification:_identify(src/motor_controller) by extension 'colcon_pkg'
[2.508s] Level 1:colcon.colcon_core.package_identification:_identify(src/motor_controller) by extensions ['colcon_meta']
[2.508s] Level 1:colcon.colcon_core.package_identification:_identify(src/motor_controller) by extension 'colcon_meta'
[2.509s] Level 1:colcon.colcon_core.package_identification:_identify(src/motor_controller) by extensions ['ros']
[2.509s] Level 1:colcon.colcon_core.package_identification:_identify(src/motor_controller) by extension 'ros'
[2.519s] DEBUG:colcon.colcon_core.package_identification:Package 'src/motor_controller' with type 'ros.ament_python' and name 'motor_controller'
[2.519s] Level 1:colcon.colcon_core.package_discovery:discover_packages(recursive) using defaults
[2.520s] Level 1:colcon.colcon_core.package_discovery:discover_packages(ignore) discover
[2.520s] Level 1:colcon.colcon_core.package_discovery:discover_packages(ignore) using defaults
[2.520s] Level 1:colcon.colcon_core.package_discovery:discover_packages(path) discover
[2.520s] Level 1:colcon.colcon_core.package_discovery:discover_packages(path) using defaults
[2.614s] Level 1:colcon.colcon_core.package_discovery:discover_packages(prefix_path) check parameters
[2.614s] Level 1:colcon.colcon_core.package_discovery:discover_packages(prefix_path) discover
[2.631s] DEBUG:colcon.colcon_installed_package_information.package_discovery:Found 256 installed packages in /opt/ros/foxy
[2.639s] Level 1:colcon.colcon_core.package_discovery:discover_packages(prefix_path) using defaults
[3.181s] Level 5:colcon.colcon_core.verb:set package 'motor_controller' build argument 'cmake_args' from command line to 'None'
[3.182s] Level 5:colcon.colcon_core.verb:set package 'motor_controller' build argument 'cmake_target' from command line to 'None'
[3.182s] Level 5:colcon.colcon_core.verb:set package 'motor_controller' build argument 'cmake_target_skip_unavailable' from command line to 'False'
[3.182s] Level 5:colcon.colcon_core.verb:set package 'motor_controller' build argument 'cmake_clean_cache' from command line to 'False'
[3.182s] Level 5:colcon.colcon_core.verb:set package 'motor_controller' build argument 'cmake_clean_first' from command line to 'False'
[3.182s] Level 5:colcon.colcon_core.verb:set package 'motor_controller' build argument 'cmake_force_configure' from command line to 'False'
[3.182s] Level 5:colcon.colcon_core.verb:set package 'motor_controller' build argument 'ament_cmake_args' from command line to 'None'
[3.182s] Level 5:colcon.colcon_core.verb:set package 'motor_controller' build argument 'catkin_cmake_args' from command line to 'None'
[3.183s] Level 5:colcon.colcon_core.verb:set package 'motor_controller' build argument 'catkin_skip_building_tests' from command line to 'False'
[3.183s] DEBUG:colcon.colcon_core.verb:Building package 'motor_controller' with the following arguments: {'ament_cmake_args': None, 'build_base': '/home/ubuntu/dev_ws/build/motor_controller', 'catkin_cmake_args': None, 'catkin_skip_building_tests': False, 'cmake_args': None, 'cmake_clean_cache': False, 'cmake_clean_first': False, 'cmake_force_configure': False, 'cmake_target': None, 'cmake_target_skip_unavailable': False, 'install_base': '/home/ubuntu/dev_ws/install/motor_controller', 'merge_install': False, 'path': '/home/ubuntu/dev_ws/src/motor_controller', 'symlink_install': True, 'test_result_base': None}
[3.183s] INFO:colcon.colcon_core.executor:Executing jobs using 'parallel' executor
[3.188s] DEBUG:colcon.colcon_parallel_executor.executor.parallel:run_until_complete
[3.189s] INFO:colcon.colcon_ros.task.ament_python.build:Building ROS package in '/home/ubuntu/dev_ws/src/motor_controller' with build type 'ament_python'
[3.189s] Level 1:colcon.colcon_core.shell:create_environment_hook('motor_controller', 'ament_prefix_path')
[3.198s] INFO:colcon.colcon_core.plugin_system:Skipping extension 'colcon_core.shell.bat': Not used on non-Windows systems
[3.199s] INFO:colcon.colcon_core.shell:Creating environment hook '/home/ubuntu/dev_ws/install/motor_controller/share/motor_controller/hook/ament_prefix_path.ps1'
[3.202s] INFO:colcon.colcon_core.shell:Creating environment descriptor '/home/ubuntu/dev_ws/install/motor_controller/share/motor_controller/hook/ament_prefix_path.dsv'
[3.205s] INFO:colcon.colcon_core.shell:Creating environment hook '/home/ubuntu/dev_ws/install/motor_controller/share/motor_controller/hook/ament_prefix_path.sh'
[3.209s] INFO:colcon.colcon_core.shell:Skip shell extension 'powershell' for command environment: Not usable outside of PowerShell
[3.209s] DEBUG:colcon.colcon_core.shell:Skip shell extension 'dsv' for command environment
[4.409s] INFO:colcon.colcon_core.task.python.build:Building Python package in '/home/ubuntu/dev_ws/src/motor_controller'
[4.411s] INFO:colcon.colcon_core.shell:Skip shell extension 'powershell' for command environment: Not usable outside of PowerShell
[4.411s] DEBUG:colcon.colcon_core.shell:Skip shell extension 'dsv' for command environment
[6.292s] DEBUG:colcon.colcon_core.event_handler.log_command:Invoking command in '/home/ubuntu/dev_ws/build/motor_controller': PYTHONPATH=/home/ubuntu/dev_ws/build/motor_controller/prefix_override:/usr/lib/python3/dist-packages/colcon_core/task/python/colcon_distutils_commands:/home/ubuntu/dev_ws/install/motor_controller/lib/python3.8/site-packages:${PYTHONPATH} /usr/bin/python3 -W ignore:setup.py install is deprecated setup.py develop --editable --build-directory /home/ubuntu/dev_ws/build/motor_controller/build --no-deps symlink_data
[8.793s] Level 1:colcon.colcon_core.shell:create_environment_hook('motor_controller', 'pythonpath_develop')
[8.795s] INFO:colcon.colcon_core.shell:Creating environment hook '/home/ubuntu/dev_ws/build/motor_controller/share/motor_controller/hook/pythonpath_develop.ps1'
[8.796s] DEBUG:colcon.colcon_core.event_handler.log_command:Invoked command in '/home/ubuntu/dev_ws/build/motor_controller' returned '0': PYTHONPATH=/home/ubuntu/dev_ws/build/motor_controller/prefix_override:/usr/lib/python3/dist-packages/colcon_core/task/python/colcon_distutils_commands:/home/ubuntu/dev_ws/install/motor_controller/lib/python3.8/site-packages:${PYTHONPATH} /usr/bin/python3 -W ignore:setup.py install is deprecated setup.py develop --editable --build-directory /home/ubuntu/dev_ws/build/motor_controller/build --no-deps symlink_data
[8.798s] INFO:colcon.colcon_core.shell:Creating environment descriptor '/home/ubuntu/dev_ws/build/motor_controller/share/motor_controller/hook/pythonpath_develop.dsv'
[8.801s] INFO:colcon.colcon_core.shell:Creating environment hook '/home/ubuntu/dev_ws/build/motor_controller/share/motor_controller/hook/pythonpath_develop.sh'
[8.816s] Level 1:colcon.colcon_core.environment:checking '/home/ubuntu/dev_ws/install/motor_controller' for CMake module files
[8.819s] Level 1:colcon.colcon_core.environment:checking '/home/ubuntu/dev_ws/install/motor_controller' for CMake config files
[8.822s] Level 1:colcon.colcon_core.environment:checking '/home/ubuntu/dev_ws/install/motor_controller/lib'
[8.823s] Level 1:colcon.colcon_core.environment:checking '/home/ubuntu/dev_ws/install/motor_controller/bin'
[8.824s] Level 1:colcon.colcon_core.environment:checking '/home/ubuntu/dev_ws/install/motor_controller/lib/pkgconfig/motor_controller.pc'
[8.825s] Level 1:colcon.colcon_core.environment:checking '/home/ubuntu/dev_ws/install/motor_controller/lib/python3.8/site-packages'
[8.825s] Level 1:colcon.colcon_core.shell:create_environment_hook('motor_controller', 'pythonpath')
[8.826s] INFO:colcon.colcon_core.shell:Creating environment hook '/home/ubuntu/dev_ws/install/motor_controller/share/motor_controller/hook/pythonpath.ps1'
[8.828s] INFO:colcon.colcon_core.shell:Creating environment descriptor '/home/ubuntu/dev_ws/install/motor_controller/share/motor_controller/hook/pythonpath.dsv'
[8.830s] INFO:colcon.colcon_core.shell:Creating environment hook '/home/ubuntu/dev_ws/install/motor_controller/share/motor_controller/hook/pythonpath.sh'
[8.832s] Level 1:colcon.colcon_core.environment:checking '/home/ubuntu/dev_ws/install/motor_controller/bin'
[8.833s] Level 1:colcon.colcon_core.environment:create_environment_scripts_only(motor_controller)
[8.834s] INFO:colcon.colcon_core.shell:Creating package script '/home/ubuntu/dev_ws/install/motor_controller/share/motor_controller/package.ps1'
[8.839s] INFO:colcon.colcon_core.shell:Creating package descriptor '/home/ubuntu/dev_ws/install/motor_controller/share/motor_controller/package.dsv'
[8.842s] INFO:colcon.colcon_core.shell:Creating package script '/home/ubuntu/dev_ws/install/motor_controller/share/motor_controller/package.sh'
[8.846s] INFO:colcon.colcon_core.shell:Creating package script '/home/ubuntu/dev_ws/install/motor_controller/share/motor_controller/package.bash'
[8.849s] INFO:colcon.colcon_core.shell:Creating package script '/home/ubuntu/dev_ws/install/motor_controller/share/motor_controller/package.zsh'
[8.853s] Level 1:colcon.colcon_core.environment:create_file_with_runtime_dependencies(/home/ubuntu/dev_ws/install/motor_controller/share/colcon-core/packages/motor_controller)
[8.855s] DEBUG:colcon.colcon_parallel_executor.executor.parallel:closing loop
[8.856s] DEBUG:colcon.colcon_parallel_executor.executor.parallel:loop closed
[8.857s] DEBUG:colcon.colcon_parallel_executor.executor.parallel:run_until_complete finished with '0'
[8.857s] DEBUG:colcon.colcon_core.event_reactor:joining thread
[8.883s] INFO:colcon.colcon_core.plugin_system:Skipping extension 'colcon_notification.desktop_notification.terminal_notifier': Not used on non-Darwin systems
[8.884s] INFO:colcon.colcon_core.plugin_system:Skipping extension 'colcon_notification.desktop_notification.win32': Not used on non-Windows systems
[8.884s] INFO:colcon.colcon_notification.desktop_notification:Sending desktop notification using 'notify2'
[8.950s] DEBUG:colcon.colcon_core.event_reactor:joined thread
[8.952s] INFO:colcon.colcon_core.shell:Creating prefix script '/home/ubuntu/dev_ws/install/local_setup.ps1'
[8.957s] INFO:colcon.colcon_core.shell:Creating prefix util module '/home/ubuntu/dev_ws/install/_local_setup_util_ps1.py'
[8.964s] INFO:colcon.colcon_core.shell:Creating prefix chain script '/home/ubuntu/dev_ws/install/setup.ps1'
[8.970s] INFO:colcon.colcon_core.shell:Creating prefix script '/home/ubuntu/dev_ws/install/local_setup.sh'
[8.974s] INFO:colcon.colcon_core.shell:Creating prefix util module '/home/ubuntu/dev_ws/install/_local_setup_util_sh.py'
[8.977s] INFO:colcon.colcon_core.shell:Creating prefix chain script '/home/ubuntu/dev_ws/install/setup.sh'
[8.982s] INFO:colcon.colcon_core.shell:Creating prefix script '/home/ubuntu/dev_ws/install/local_setup.bash'
[8.986s] INFO:colcon.colcon_core.shell:Creating prefix chain script '/home/ubuntu/dev_ws/install/setup.bash'
[8.991s] INFO:colcon.colcon_core.shell:Creating prefix script '/home/ubuntu/dev_ws/install/local_setup.zsh'
[8.994s] INFO:colcon.colcon_core.shell:Creating prefix chain script '/home/ubuntu/dev_ws/install/setup.zsh'
