[4.133s] Invoking command in '/home/ubuntu/dev_ws/src/py_pubsub': PYTHONPATH=/home/ubuntu/dev_ws/build/py_pubsub/prefix_override:/usr/lib/python3/dist-packages/colcon_core/task/python/colcon_distutils_commands:/home/ubuntu/dev_ws/install/py_pubsub/lib/python3.8/site-packages:${PYTHONPATH} /usr/bin/python3 -W ignore:setup.py install is deprecated setup.py egg_info --egg-base ../../build/py_pubsub build --build-base /home/ubuntu/dev_ws/build/py_pubsub/build install --record /home/ubuntu/dev_ws/build/py_pubsub/install.log --install-scripts $base/lib/py_pubsub --single-version-externally-managed install_data
[5.379s] running egg_info
[5.382s] creating ../../build/py_pubsub/py_pubsub.egg-info
[5.384s] writing ../../build/py_pubsub/py_pubsub.egg-info/PKG-INFO
[5.385s] writing dependency_links to ../../build/py_pubsub/py_pubsub.egg-info/dependency_links.txt
[5.387s] writing entry points to ../../build/py_pubsub/py_pubsub.egg-info/entry_points.txt
[5.388s] writing requirements to ../../build/py_pubsub/py_pubsub.egg-info/requires.txt
[5.389s] writing top-level names to ../../build/py_pubsub/py_pubsub.egg-info/top_level.txt
[5.395s] writing manifest file '../../build/py_pubsub/py_pubsub.egg-info/SOURCES.txt'
[5.595s] reading manifest file '../../build/py_pubsub/py_pubsub.egg-info/SOURCES.txt'
[5.601s] writing manifest file '../../build/py_pubsub/py_pubsub.egg-info/SOURCES.txt'
[5.602s] running build
[5.602s] running build_py
[5.603s] creating /home/ubuntu/dev_ws/build/py_pubsub/build
[5.603s] creating /home/ubuntu/dev_ws/build/py_pubsub/build/lib
[5.604s] creating /home/ubuntu/dev_ws/build/py_pubsub/build/lib/py_pubsub
[5.604s] copying py_pubsub/motor_driver.py -> /home/ubuntu/dev_ws/build/py_pubsub/build/lib/py_pubsub
[5.605s] copying py_pubsub/__init__.py -> /home/ubuntu/dev_ws/build/py_pubsub/build/lib/py_pubsub
[5.605s] running install
[5.608s] running install_lib
[5.614s] creating /home/ubuntu/dev_ws/install/py_pubsub/lib/python3.8/site-packages/py_pubsub
[5.615s] copying /home/ubuntu/dev_ws/build/py_pubsub/build/lib/py_pubsub/motor_driver.py -> /home/ubuntu/dev_ws/install/py_pubsub/lib/python3.8/site-packages/py_pubsub
[5.616s] copying /home/ubuntu/dev_ws/build/py_pubsub/build/lib/py_pubsub/__init__.py -> /home/ubuntu/dev_ws/install/py_pubsub/lib/python3.8/site-packages/py_pubsub
[5.619s] byte-compiling /home/ubuntu/dev_ws/install/py_pubsub/lib/python3.8/site-packages/py_pubsub/motor_driver.py to motor_driver.cpython-38.pyc
[5.623s] byte-compiling /home/ubuntu/dev_ws/install/py_pubsub/lib/python3.8/site-packages/py_pubsub/__init__.py to __init__.cpython-38.pyc
[5.625s] running install_data
[5.626s] creating /home/ubuntu/dev_ws/install/py_pubsub/share/ament_index
[5.627s] creating /home/ubuntu/dev_ws/install/py_pubsub/share/ament_index/resource_index
[5.628s] creating /home/ubuntu/dev_ws/install/py_pubsub/share/ament_index/resource_index/packages
[5.629s] copying resource/py_pubsub -> /home/ubuntu/dev_ws/install/py_pubsub/share/ament_index/resource_index/packages
[5.630s] copying package.xml -> /home/ubuntu/dev_ws/install/py_pubsub/share/py_pubsub
[5.630s] running install_egg_info
[5.637s] Copying ../../build/py_pubsub/py_pubsub.egg-info to /home/ubuntu/dev_ws/install/py_pubsub/lib/python3.8/site-packages/py_pubsub-0.0.0-py3.8.egg-info
[5.644s] running install_scripts
[5.731s] writing list of installed files to '/home/ubuntu/dev_ws/build/py_pubsub/install.log'
[5.860s] Invoked command in '/home/ubuntu/dev_ws/src/py_pubsub' returned '0': PYTHONPATH=/home/ubuntu/dev_ws/build/py_pubsub/prefix_override:/usr/lib/python3/dist-packages/colcon_core/task/python/colcon_distutils_commands:/home/ubuntu/dev_ws/install/py_pubsub/lib/python3.8/site-packages:${PYTHONPATH} /usr/bin/python3 -W ignore:setup.py install is deprecated setup.py egg_info --egg-base ../../build/py_pubsub build --build-base /home/ubuntu/dev_ws/build/py_pubsub/build install --record /home/ubuntu/dev_ws/build/py_pubsub/install.log --install-scripts $base/lib/py_pubsub --single-version-externally-managed install_data
