[0.053s] Invoking command in '/home/ubuntu/dev_ws/build/motor_control': CMAKE_PREFIX_PATH=${CMAKE_PREFIX_PATH}:/opt/ros/foxy /usr/bin/cmake --build /home/ubuntu/dev_ws/build/motor_control -- -j4 -l4
[0.225s] Invoked command in '/home/ubuntu/dev_ws/build/motor_control' returned '0': CMAKE_PREFIX_PATH=${CMAKE_PREFIX_PATH}:/opt/ros/foxy /usr/bin/cmake --build /home/ubuntu/dev_ws/build/motor_control -- -j4 -l4
[0.382s] Invoking command in '/home/ubuntu/dev_ws/build/motor_control': CMAKE_PREFIX_PATH=${CMAKE_PREFIX_PATH}:/opt/ros/foxy /usr/bin/cmake --install /home/ubuntu/dev_ws/build/motor_control
[0.417s] -- Install configuration: ""
[0.419s] -- Execute custom install script
[0.422s] -- Symlinking: /home/ubuntu/dev_ws/install/motor_control/share/motor_control/launch/listener.launch.py
[0.459s] -- Symlinking: /home/ubuntu/dev_ws/install/motor_control/share/motor_control/launch/talker.launch.py
[0.497s] -- Up-to-date symlink: /home/ubuntu/dev_ws/install/motor_control/share/ament_index/resource_index/package_run_dependencies/motor_control
[0.498s] -- Up-to-date symlink: /home/ubuntu/dev_ws/install/motor_control/share/ament_index/resource_index/parent_prefix_path/motor_control
[0.500s] -- Symlinking: /home/ubuntu/dev_ws/install/motor_control/share/motor_control/environment/ament_prefix_path.sh
[0.539s] -- Symlinking: /home/ubuntu/dev_ws/install/motor_control/share/motor_control/environment/ament_prefix_path.dsv
[0.579s] -- Symlinking: /home/ubuntu/dev_ws/install/motor_control/share/motor_control/environment/path.sh
[0.625s] -- Symlinking: /home/ubuntu/dev_ws/install/motor_control/share/motor_control/environment/path.dsv
[0.667s] -- Symlinking: /home/ubuntu/dev_ws/install/motor_control/share/motor_control/local_setup.bash
[0.704s] -- Symlinking: /home/ubuntu/dev_ws/install/motor_control/share/motor_control/local_setup.sh
[0.742s] -- Symlinking: /home/ubuntu/dev_ws/install/motor_control/share/motor_control/local_setup.zsh
[0.780s] -- Symlinking: /home/ubuntu/dev_ws/install/motor_control/share/motor_control/local_setup.dsv
[0.818s] -- Symlinking: /home/ubuntu/dev_ws/install/motor_control/share/motor_control/package.dsv
[0.856s] -- Up-to-date symlink: /home/ubuntu/dev_ws/install/motor_control/share/ament_index/resource_index/packages/motor_control
[0.858s] -- Symlinking: /home/ubuntu/dev_ws/install/motor_control/share/motor_control/cmake/motor_controlConfig.cmake
[0.896s] -- Symlinking: /home/ubuntu/dev_ws/install/motor_control/share/motor_control/cmake/motor_controlConfig-version.cmake
[0.933s] -- Symlinking: /home/ubuntu/dev_ws/install/motor_control/share/motor_control/package.xml
[0.976s] Invoked command in '/home/ubuntu/dev_ws/build/motor_control' returned '0': CMAKE_PREFIX_PATH=${CMAKE_PREFIX_PATH}:/opt/ros/foxy /usr/bin/cmake --install /home/ubuntu/dev_ws/build/motor_control
