[4.368s] Invoking command in '/home/ubuntu/dev_ws/src/motor_controller': PYTHONPATH=/home/ubuntu/dev_ws/build/motor_controller/prefix_override:/usr/lib/python3/dist-packages/colcon_core/task/python/colcon_distutils_commands:/home/ubuntu/dev_ws/install/motor_controller/lib/python3.8/site-packages:${PYTHONPATH} /usr/bin/python3 -W ignore:setup.py install is deprecated setup.py egg_info --egg-base ../../build/motor_controller build --build-base /home/ubuntu/dev_ws/build/motor_controller/build install --record /home/ubuntu/dev_ws/build/motor_controller/install.log --install-scripts $base/lib/motor_controller --single-version-externally-managed install_data
[5.472s] running egg_info
[5.474s] writing ../../build/motor_controller/motor_controller.egg-info/PKG-INFO
[5.475s] writing dependency_links to ../../build/motor_controller/motor_controller.egg-info/dependency_links.txt
[5.476s] writing entry points to ../../build/motor_controller/motor_controller.egg-info/entry_points.txt
[5.477s] writing requirements to ../../build/motor_controller/motor_controller.egg-info/requires.txt
[5.478s] writing top-level names to ../../build/motor_controller/motor_controller.egg-info/top_level.txt
[5.631s] reading manifest file '../../build/motor_controller/motor_controller.egg-info/SOURCES.txt'
[5.635s] writing manifest file '../../build/motor_controller/motor_controller.egg-info/SOURCES.txt'
[5.636s] running build
[5.636s] running build_py
[5.637s] running install
[5.640s] running install_lib
[5.647s] running install_data
[5.648s] running install_egg_info
[5.655s] removing '/home/ubuntu/dev_ws/install/motor_controller/lib/python3.8/site-packages/motor_controller-0.0.0-py3.8.egg-info' (and everything under it)
[5.657s] Copying ../../build/motor_controller/motor_controller.egg-info to /home/ubuntu/dev_ws/install/motor_controller/lib/python3.8/site-packages/motor_controller-0.0.0-py3.8.egg-info
[5.663s] running install_scripts
[5.734s] Installing controller script to /home/ubuntu/dev_ws/install/motor_controller/lib/motor_controller
[5.736s] writing list of installed files to '/home/ubuntu/dev_ws/build/motor_controller/install.log'
[5.835s] Invoked command in '/home/ubuntu/dev_ws/src/motor_controller' returned '0': PYTHONPATH=/home/ubuntu/dev_ws/build/motor_controller/prefix_override:/usr/lib/python3/dist-packages/colcon_core/task/python/colcon_distutils_commands:/home/ubuntu/dev_ws/install/motor_controller/lib/python3.8/site-packages:${PYTHONPATH} /usr/bin/python3 -W ignore:setup.py install is deprecated setup.py egg_info --egg-base ../../build/motor_controller build --build-base /home/ubuntu/dev_ws/build/motor_controller/build install --record /home/ubuntu/dev_ws/build/motor_controller/install.log --install-scripts $base/lib/motor_controller --single-version-externally-managed install_data
