-- Found ament_cmake: 0.9.12 (/opt/ros/foxy/share/ament_cmake/cmake)
-- Using PYTHON_EXECUTABLE: /usr/bin/python3
-- Override CMake install command with custom implementation using symlinks instead of copying resources
-- Found ament_lint_auto: 0.9.8 (/opt/ros/foxy/share/ament_lint_auto/cmake)
-- Added test 'copyright' to check source files copyright and LICENSE
-- Added test 'flake8' to check Python code syntax and style conventions
-- Added test 'lint_cmake' to check CMake code style
-- Added test 'pep257' to check Python code against some of the style conventions in PEP 257
-- Added test 'xmllint' to check XML markup files
-- Configuring done
-- Generating done
-- Build files have been written to: /home/ubuntu/dev_ws/build/motor_control
-- Install configuration: ""
-- Execute custom install script
-- Symlinking: /home/ubuntu/dev_ws/install/motor_control/src/$(PROJECT_NAME)/launch/listener.launch.py
-- Symlinking: /home/ubuntu/dev_ws/install/motor_control/src/$(PROJECT_NAME)/launch/talker.launch.py
-- Up-to-date symlink: /home/ubuntu/dev_ws/install/motor_control/share/ament_index/resource_index/package_run_dependencies/motor_control
-- Up-to-date symlink: /home/ubuntu/dev_ws/install/motor_control/share/ament_index/resource_index/parent_prefix_path/motor_control
-- Up-to-date symlink: /home/ubuntu/dev_ws/install/motor_control/share/motor_control/environment/ament_prefix_path.sh
-- Up-to-date symlink: /home/ubuntu/dev_ws/install/motor_control/share/motor_control/environment/ament_prefix_path.dsv
-- Up-to-date symlink: /home/ubuntu/dev_ws/install/motor_control/share/motor_control/environment/path.sh
-- Up-to-date symlink: /home/ubuntu/dev_ws/install/motor_control/share/motor_control/environment/path.dsv
-- Up-to-date symlink: /home/ubuntu/dev_ws/install/motor_control/share/motor_control/local_setup.bash
-- Up-to-date symlink: /home/ubuntu/dev_ws/install/motor_control/share/motor_control/local_setup.sh
-- Up-to-date symlink: /home/ubuntu/dev_ws/install/motor_control/share/motor_control/local_setup.zsh
-- Up-to-date symlink: /home/ubuntu/dev_ws/install/motor_control/share/motor_control/local_setup.dsv
-- Symlinking: /home/ubuntu/dev_ws/install/motor_control/share/motor_control/package.dsv
-- Up-to-date symlink: /home/ubuntu/dev_ws/install/motor_control/share/ament_index/resource_index/packages/motor_control
-- Up-to-date symlink: /home/ubuntu/dev_ws/install/motor_control/share/motor_control/cmake/motor_controlConfig.cmake
-- Up-to-date symlink: /home/ubuntu/dev_ws/install/motor_control/share/motor_control/cmake/motor_controlConfig-version.cmake
-- Up-to-date symlink: /home/ubuntu/dev_ws/install/motor_control/share/motor_control/package.xml
