[0.052s] Invoking command in '/home/ubuntu/dev_ws/build/motor_control': CMAKE_PREFIX_PATH=${CMAKE_PREFIX_PATH}:/opt/ros/foxy /usr/bin/cmake --build /home/ubuntu/dev_ws/build/motor_control -- -j4 -l4
[0.166s] -- Found ament_cmake: 0.9.12 (/opt/ros/foxy/share/ament_cmake/cmake)
[0.270s] -- Using PYTHON_EXECUTABLE: /usr/bin/python3
[1.176s] -- Override CMake install command with custom implementation using symlinks instead of copying resources
[1.209s] -- Found ament_lint_auto: 0.9.8 (/opt/ros/foxy/share/ament_lint_auto/cmake)
[1.508s] -- Added test 'copyright' to check source files copyright and LICENSE
[1.520s] -- Added test 'flake8' to check Python code syntax and style conventions
[1.523s] -- Added test 'lint_cmake' to check CMake code style
[1.525s] -- Added test 'pep257' to check Python code against some of the style conventions in PEP 257
[1.532s] -- Added test 'xmllint' to check XML markup files
[1.542s] -- Configuring done
[1.554s] -- Generating done
[1.560s] -- Build files have been written to: /home/ubuntu/dev_ws/build/motor_control
[1.645s] Invoked command in '/home/ubuntu/dev_ws/build/motor_control' returned '0': CMAKE_PREFIX_PATH=${CMAKE_PREFIX_PATH}:/opt/ros/foxy /usr/bin/cmake --build /home/ubuntu/dev_ws/build/motor_control -- -j4 -l4
[1.802s] Invoking command in '/home/ubuntu/dev_ws/build/motor_control': CMAKE_PREFIX_PATH=${CMAKE_PREFIX_PATH}:/opt/ros/foxy /usr/bin/cmake --install /home/ubuntu/dev_ws/build/motor_control
[1.841s] -- Install configuration: ""
[1.843s] -- Execute custom install script
[1.847s] -- Symlinking: /home/ubuntu/dev_ws/install/motor_control/src/$(PROJECT_NAME)/launch/listener.launch.py
[1.886s] -- Symlinking: /home/ubuntu/dev_ws/install/motor_control/src/$(PROJECT_NAME)/launch/talker.launch.py
[1.924s] -- Up-to-date symlink: /home/ubuntu/dev_ws/install/motor_control/share/ament_index/resource_index/package_run_dependencies/motor_control
[1.925s] -- Up-to-date symlink: /home/ubuntu/dev_ws/install/motor_control/share/ament_index/resource_index/parent_prefix_path/motor_control
[1.927s] -- Up-to-date symlink: /home/ubuntu/dev_ws/install/motor_control/share/motor_control/environment/ament_prefix_path.sh
[1.928s] -- Up-to-date symlink: /home/ubuntu/dev_ws/install/motor_control/share/motor_control/environment/ament_prefix_path.dsv
[1.930s] -- Up-to-date symlink: /home/ubuntu/dev_ws/install/motor_control/share/motor_control/environment/path.sh
[1.932s] -- Up-to-date symlink: /home/ubuntu/dev_ws/install/motor_control/share/motor_control/environment/path.dsv
[1.934s] -- Up-to-date symlink: /home/ubuntu/dev_ws/install/motor_control/share/motor_control/local_setup.bash
[1.935s] -- Up-to-date symlink: /home/ubuntu/dev_ws/install/motor_control/share/motor_control/local_setup.sh
[1.937s] -- Up-to-date symlink: /home/ubuntu/dev_ws/install/motor_control/share/motor_control/local_setup.zsh
[1.939s] -- Up-to-date symlink: /home/ubuntu/dev_ws/install/motor_control/share/motor_control/local_setup.dsv
[1.940s] -- Symlinking: /home/ubuntu/dev_ws/install/motor_control/share/motor_control/package.dsv
[1.978s] -- Up-to-date symlink: /home/ubuntu/dev_ws/install/motor_control/share/ament_index/resource_index/packages/motor_control
[1.979s] -- Up-to-date symlink: /home/ubuntu/dev_ws/install/motor_control/share/motor_control/cmake/motor_controlConfig.cmake
[1.980s] -- Up-to-date symlink: /home/ubuntu/dev_ws/install/motor_control/share/motor_control/cmake/motor_controlConfig-version.cmake
[1.982s] -- Up-to-date symlink: /home/ubuntu/dev_ws/install/motor_control/share/motor_control/package.xml
[1.989s] Invoked command in '/home/ubuntu/dev_ws/build/motor_control' returned '0': CMAKE_PREFIX_PATH=${CMAKE_PREFIX_PATH}:/opt/ros/foxy /usr/bin/cmake --install /home/ubuntu/dev_ws/build/motor_control
