[3.968s] Invoking command in '/home/ubuntu/dev_ws/build/pigpio': /usr/bin/cmake --build /home/ubuntu/dev_ws/build/pigpio -- -j4 -l4
[4.741s] [ 13%] Built target pigpio
[5.160s] [ 26%] Built target pigs
[5.503s] [ 39%] Built target pig2vcd
[5.908s] [ 47%] Built target pigpiod
[6.279s] [ 56%] Built target x_pigpio
[6.541s] [ 69%] Built target pigpiod_if2
[6.995s] [ 82%] Built target pigpiod_if
[7.460s] [ 91%] Built target x_pigpiod_if2
[7.990s] [100%] Built target x_pigpiod_if
[8.215s] Invoked command in '/home/ubuntu/dev_ws/build/pigpio' returned '0': /usr/bin/cmake --build /home/ubuntu/dev_ws/build/pigpio -- -j4 -l4
[9.292s] Invoking command in '/home/ubuntu/dev_ws/build/pigpio': /usr/bin/cmake --install /home/ubuntu/dev_ws/build/pigpio
[9.423s] -- Install configuration: ""
[9.429s] -- Up-to-date: /home/ubuntu/dev_ws/install/pigpio/lib/libpigpio.so
[9.434s] -- Up-to-date: /home/ubuntu/dev_ws/install/pigpio/lib/libpigpiod_if.so
[9.439s] -- Up-to-date: /home/ubuntu/dev_ws/install/pigpio/lib/libpigpiod_if2.so
[9.444s] -- Up-to-date: /home/ubuntu/dev_ws/install/pigpio/bin/pig2vcd
[9.450s] -- Up-to-date: /home/ubuntu/dev_ws/install/pigpio/bin/pigpiod
[9.457s] -- Up-to-date: /home/ubuntu/dev_ws/install/pigpio/bin/pigs
[9.472s] -- Up-to-date: /home/ubuntu/dev_ws/install/pigpio/lib/cmake/pigpio/pigpioTargets.cmake
[9.474s] -- Up-to-date: /home/ubuntu/dev_ws/install/pigpio/lib/cmake/pigpio/pigpioTargets-noconfig.cmake
[9.477s] -- Up-to-date: /home/ubuntu/dev_ws/install/pigpio/lib/cmake/pigpio/pigpioConfig.cmake
[9.483s] -- Up-to-date: /home/ubuntu/dev_ws/install/pigpio/lib/cmake/pigpio/pigpioConfigVersion.cmake
[9.484s] -- Up-to-date: /home/ubuntu/dev_ws/install/pigpio/include/pigpio.h
[9.490s] -- Up-to-date: /home/ubuntu/dev_ws/install/pigpio/include/pigpiod_if.h
[9.495s] -- Up-to-date: /home/ubuntu/dev_ws/install/pigpio/include/pigpiod_if2.h
[9.496s] -- Up-to-date: /home/ubuntu/dev_ws/install/pigpio/man/man1/libpigpio.so.1
[9.499s] -- Up-to-date: /home/ubuntu/dev_ws/install/pigpio/man/man1/libpigpiod_if.so.1
[9.500s] -- Up-to-date: /home/ubuntu/dev_ws/install/pigpio/man/man1/libpigpiod_if2.so.1
[9.515s] -- Up-to-date: /home/ubuntu/dev_ws/install/pigpio/man/man1/pig2vcd.1
[9.516s] -- Up-to-date: /home/ubuntu/dev_ws/install/pigpio/man/man1/pigpiod.1
[9.518s] -- Up-to-date: /home/ubuntu/dev_ws/install/pigpio/man/man1/pigs.1
[9.519s] -- Up-to-date: /home/ubuntu/dev_ws/install/pigpio/man/man3/pigpio.3
[9.525s] -- Up-to-date: /home/ubuntu/dev_ws/install/pigpio/man/man3/pigpiod_if.3
[9.526s] -- Up-to-date: /home/ubuntu/dev_ws/install/pigpio/man/man3/pigpiod_if2.3
[10.107s] running install
[10.118s] running build
[10.120s] running build_py
[10.133s] running install_lib
[10.248s] running install_egg_info
[10.251s] Writing /usr/local/lib/python3.8/dist-packages/pigpio-1.44.egg-info
[10.256s] error: [Errno 13] Permission denied: '/usr/local/lib/python3.8/dist-packages/pigpio-1.44.egg-info'
[10.376s] Invoked command in '/home/ubuntu/dev_ws/build/pigpio' returned '0': /usr/bin/cmake --install /home/ubuntu/dev_ws/build/pigpio
