[9.226s] Invoking command in '/home/ubuntu/dev_ws/build/motor_controller': PYTHONPATH=/home/ubuntu/dev_ws/build/motor_controller/prefix_override:/usr/lib/python3/dist-packages/colcon_core/task/python/colcon_distutils_commands:/home/ubuntu/dev_ws/install/motor_controller/lib/python3.8/site-packages:${PYTHONPATH} /usr/bin/python3 -W ignore:setup.py install is deprecated setup.py develop --editable --build-directory /home/ubuntu/dev_ws/build/motor_controller/build --no-deps symlink_data
[12.500s] running develop
[14.557s] running egg_info
[14.558s] writing motor_controller.egg-info/PKG-INFO
[14.561s] writing dependency_links to motor_controller.egg-info/dependency_links.txt
[14.563s] writing entry points to motor_controller.egg-info/entry_points.txt
[14.565s] writing requirements to motor_controller.egg-info/requires.txt
[14.567s] writing top-level names to motor_controller.egg-info/top_level.txt
[14.946s] reading manifest file 'motor_controller.egg-info/SOURCES.txt'
[14.956s] writing manifest file 'motor_controller.egg-info/SOURCES.txt'
[15.430s] running build_ext
[15.434s] Creating /home/ubuntu/dev_ws/install/motor_controller/lib/python3.8/site-packages/motor-controller.egg-link (link to .)
[15.445s] Installing controller script to /home/ubuntu/dev_ws/install/motor_controller/lib/motor_controller
[15.447s] Installing estop script to /home/ubuntu/dev_ws/install/motor_controller/lib/motor_controller
[15.450s] Installing relay script to /home/ubuntu/dev_ws/install/motor_controller/lib/motor_controller
[15.452s] Installing salter script to /home/ubuntu/dev_ws/install/motor_controller/lib/motor_controller
[15.456s] 
[15.458s] Installed /home/ubuntu/dev_ws/build/motor_controller
[15.460s] running symlink_data
[15.706s] Invoked command in '/home/ubuntu/dev_ws/build/motor_controller' returned '0': PYTHONPATH=/home/ubuntu/dev_ws/build/motor_controller/prefix_override:/usr/lib/python3/dist-packages/colcon_core/task/python/colcon_distutils_commands:/home/ubuntu/dev_ws/install/motor_controller/lib/python3.8/site-packages:${PYTHONPATH} /usr/bin/python3 -W ignore:setup.py install is deprecated setup.py develop --editable --build-directory /home/ubuntu/dev_ws/build/motor_controller/build --no-deps symlink_data
