[0.053s] Invoking command in '/home/ubuntu/dev_ws/build/motor_control': CMAKE_PREFIX_PATH=${CMAKE_PREFIX_PATH}:/opt/ros/foxy /usr/bin/cmake --build /home/ubuntu/dev_ws/build/motor_control -- -j4 -l4
[0.231s] Invoked command in '/home/ubuntu/dev_ws/build/motor_control' returned '0': CMAKE_PREFIX_PATH=${CMAKE_PREFIX_PATH}:/opt/ros/foxy /usr/bin/cmake --build /home/ubuntu/dev_ws/build/motor_control -- -j4 -l4
[0.398s] Invoking command in '/home/ubuntu/dev_ws/build/motor_control': CMAKE_PREFIX_PATH=${CMAKE_PREFIX_PATH}:/opt/ros/foxy /usr/bin/cmake --install /home/ubuntu/dev_ws/build/motor_control
[0.433s] -- Install configuration: ""
[0.435s] -- Execute custom install script
[0.437s] -- Up-to-date symlink: /home/ubuntu/dev_ws/install/motor_control/share/motor_control/launch/motor_control.launch.py
[0.439s] -- Up-to-date symlink: /home/ubuntu/dev_ws/install/motor_control/share/ament_index/resource_index/package_run_dependencies/motor_control
[0.441s] -- Up-to-date symlink: /home/ubuntu/dev_ws/install/motor_control/share/ament_index/resource_index/parent_prefix_path/motor_control
[0.443s] -- Up-to-date symlink: /home/ubuntu/dev_ws/install/motor_control/share/motor_control/environment/ament_prefix_path.sh
[0.444s] -- Up-to-date symlink: /home/ubuntu/dev_ws/install/motor_control/share/motor_control/environment/ament_prefix_path.dsv
[0.446s] -- Up-to-date symlink: /home/ubuntu/dev_ws/install/motor_control/share/motor_control/environment/path.sh
[0.447s] -- Up-to-date symlink: /home/ubuntu/dev_ws/install/motor_control/share/motor_control/environment/path.dsv
[0.448s] -- Up-to-date symlink: /home/ubuntu/dev_ws/install/motor_control/share/motor_control/local_setup.bash
[0.450s] -- Up-to-date symlink: /home/ubuntu/dev_ws/install/motor_control/share/motor_control/local_setup.sh
[0.451s] -- Up-to-date symlink: /home/ubuntu/dev_ws/install/motor_control/share/motor_control/local_setup.zsh
[0.453s] -- Up-to-date symlink: /home/ubuntu/dev_ws/install/motor_control/share/motor_control/local_setup.dsv
[0.454s] -- Symlinking: /home/ubuntu/dev_ws/install/motor_control/share/motor_control/package.dsv
[0.493s] -- Up-to-date symlink: /home/ubuntu/dev_ws/install/motor_control/share/ament_index/resource_index/packages/motor_control
[0.494s] -- Up-to-date symlink: /home/ubuntu/dev_ws/install/motor_control/share/motor_control/cmake/motor_controlConfig.cmake
[0.495s] -- Up-to-date symlink: /home/ubuntu/dev_ws/install/motor_control/share/motor_control/cmake/motor_controlConfig-version.cmake
[0.497s] -- Up-to-date symlink: /home/ubuntu/dev_ws/install/motor_control/share/motor_control/package.xml
[0.505s] Invoked command in '/home/ubuntu/dev_ws/build/motor_control' returned '0': CMAKE_PREFIX_PATH=${CMAKE_PREFIX_PATH}:/opt/ros/foxy /usr/bin/cmake --install /home/ubuntu/dev_ws/build/motor_control
