[2.722s] DEBUG:colcon:Command line arguments: ['/usr/bin/colcon', 'build', '--symlink-install']
[2.724s] DEBUG:colcon:Parsed command line arguments: Namespace(allow_overriding=[], ament_cmake_args=None, base_paths=['.'], build_base='build', catkin_cmake_args=None, catkin_skip_building_tests=False, cmake_args=None, cmake_clean_cache=False, cmake_clean_first=False, cmake_force_configure=False, cmake_target=None, cmake_target_skip_unavailable=False, continue_on_error=False, event_handlers=None, executor='parallel', ignore_user_meta=False, install_base='install', log_base=None, log_level=None, main=<bound method BuildVerb.main of <colcon_core.verb.build.BuildVerb object at 0xffffacdddaf0>>, merge_install=False, metas=['./colcon.meta'], mixin=None, mixin_files=None, mixin_verb=('build',), packages_above=None, packages_above_and_dependencies=None, packages_above_depth=None, packages_end=None, packages_ignore=None, packages_ignore_regex=None, packages_select=None, packages_select_build_failed=False, packages_select_by_dep=None, packages_select_regex=None, packages_select_test_failures=False, packages_skip=None, packages_skip_build_finished=False, packages_skip_by_dep=None, packages_skip_regex=None, packages_skip_test_passed=False, packages_skip_up_to=None, packages_start=None, packages_up_to=None, packages_up_to_regex=None, parallel_workers=4, paths=None, symlink_install=True, test_result_base=None, verb_extension=<colcon_core.verb.build.BuildVerb object at 0xffffacdddaf0>, verb_name='build', verb_parser=<colcon_mixin.mixin.mixin_argument.MixinArgumentDecorator object at 0xffffaccca9a0>)
[5.611s] Level 1:colcon.colcon_core.package_discovery:discover_packages(colcon_meta) check parameters
[5.618s] Level 1:colcon.colcon_core.package_discovery:discover_packages(recursive) check parameters
[5.623s] Level 1:colcon.colcon_core.package_discovery:discover_packages(ignore) check parameters
[5.624s] Level 1:colcon.colcon_core.package_discovery:discover_packages(path) check parameters
[5.625s] Level 1:colcon.colcon_core.package_discovery:discover_packages(colcon_meta) discover
[5.627s] Level 1:colcon.colcon_core.package_discovery:discover_packages(recursive) discover
[5.629s] INFO:colcon.colcon_core.package_discovery:Crawling recursively for packages in '/home/ubuntu/dev_ws'
[5.631s] Level 1:colcon.colcon_core.package_identification:_identify(.) by extensions ['ignore', 'ignore_ament_install']
[5.633s] Level 1:colcon.colcon_core.package_identification:_identify(.) by extension 'ignore'
[5.635s] Level 1:colcon.colcon_core.package_identification:_identify(.) by extension 'ignore_ament_install'
[5.637s] Level 1:colcon.colcon_core.package_identification:_identify(.) by extensions ['colcon_pkg']
[5.639s] Level 1:colcon.colcon_core.package_identification:_identify(.) by extension 'colcon_pkg'
[5.642s] Level 1:colcon.colcon_core.package_identification:_identify(.) by extensions ['colcon_meta']
[5.645s] Level 1:colcon.colcon_core.package_identification:_identify(.) by extension 'colcon_meta'
[5.648s] Level 1:colcon.colcon_core.package_identification:_identify(.) by extensions ['ros']
[5.653s] Level 1:colcon.colcon_core.package_identification:_identify(.) by extension 'ros'
[5.818s] Level 1:colcon.colcon_core.package_identification:_identify(.) by extensions ['cmake', 'python']
[5.819s] Level 1:colcon.colcon_core.package_identification:_identify(.) by extension 'cmake'
[5.820s] Level 1:colcon.colcon_core.package_identification:_identify(.) by extension 'python'
[5.821s] Level 1:colcon.colcon_core.package_identification:_identify(.) by extensions ['python_setup_py']
[5.821s] Level 1:colcon.colcon_core.package_identification:_identify(.) by extension 'python_setup_py'
[5.823s] Level 1:colcon.colcon_core.package_identification:_identify(build) by extensions ['ignore', 'ignore_ament_install']
[5.824s] Level 1:colcon.colcon_core.package_identification:_identify(build) by extension 'ignore'
[5.825s] Level 1:colcon.colcon_core.package_identification:_identify(build) ignored
[5.827s] Level 1:colcon.colcon_core.package_identification:_identify(install) by extensions ['ignore', 'ignore_ament_install']
[5.829s] Level 1:colcon.colcon_core.package_identification:_identify(install) by extension 'ignore'
[5.829s] Level 1:colcon.colcon_core.package_identification:_identify(install) ignored
[5.833s] Level 1:colcon.colcon_core.package_identification:_identify(log) by extensions ['ignore', 'ignore_ament_install']
[5.834s] Level 1:colcon.colcon_core.package_identification:_identify(log) by extension 'ignore'
[5.835s] Level 1:colcon.colcon_core.package_identification:_identify(log) ignored
[5.838s] Level 1:colcon.colcon_core.package_identification:_identify(pigpio-master) by extensions ['ignore', 'ignore_ament_install']
[5.839s] Level 1:colcon.colcon_core.package_identification:_identify(pigpio-master) by extension 'ignore'
[5.840s] Level 1:colcon.colcon_core.package_identification:_identify(pigpio-master) by extension 'ignore_ament_install'
[5.841s] Level 1:colcon.colcon_core.package_identification:_identify(pigpio-master) by extensions ['colcon_pkg']
[5.841s] Level 1:colcon.colcon_core.package_identification:_identify(pigpio-master) by extension 'colcon_pkg'
[5.842s] Level 1:colcon.colcon_core.package_identification:_identify(pigpio-master) by extensions ['colcon_meta']
[5.843s] Level 1:colcon.colcon_core.package_identification:_identify(pigpio-master) by extension 'colcon_meta'
[5.843s] Level 1:colcon.colcon_core.package_identification:_identify(pigpio-master) by extensions ['ros']
[5.844s] Level 1:colcon.colcon_core.package_identification:_identify(pigpio-master) by extension 'ros'
[5.845s] Level 1:colcon.colcon_core.package_identification:_identify(pigpio-master) by extensions ['cmake', 'python']
[5.845s] Level 1:colcon.colcon_core.package_identification:_identify(pigpio-master) by extension 'cmake'
[5.891s] Level 1:colcon.colcon_core.package_identification:_identify(pigpio-master) by extension 'python'
[5.893s] DEBUG:colcon.colcon_core.package_identification:Package 'pigpio-master' with type 'cmake' and name 'pigpio'
[5.894s] Level 1:colcon.colcon_core.package_identification:_identify(src) by extensions ['ignore', 'ignore_ament_install']
[5.895s] Level 1:colcon.colcon_core.package_identification:_identify(src) by extension 'ignore'
[5.896s] Level 1:colcon.colcon_core.package_identification:_identify(src) by extension 'ignore_ament_install'
[5.898s] Level 1:colcon.colcon_core.package_identification:_identify(src) by extensions ['colcon_pkg']
[5.898s] Level 1:colcon.colcon_core.package_identification:_identify(src) by extension 'colcon_pkg'
[5.899s] Level 1:colcon.colcon_core.package_identification:_identify(src) by extensions ['colcon_meta']
[5.900s] Level 1:colcon.colcon_core.package_identification:_identify(src) by extension 'colcon_meta'
[5.900s] Level 1:colcon.colcon_core.package_identification:_identify(src) by extensions ['ros']
[5.901s] Level 1:colcon.colcon_core.package_identification:_identify(src) by extension 'ros'
[5.902s] Level 1:colcon.colcon_core.package_identification:_identify(src) by extensions ['cmake', 'python']
[5.902s] Level 1:colcon.colcon_core.package_identification:_identify(src) by extension 'cmake'
[5.903s] Level 1:colcon.colcon_core.package_identification:_identify(src) by extension 'python'
[5.904s] Level 1:colcon.colcon_core.package_identification:_identify(src) by extensions ['python_setup_py']
[5.904s] Level 1:colcon.colcon_core.package_identification:_identify(src) by extension 'python_setup_py'
[5.906s] Level 1:colcon.colcon_core.package_identification:_identify(src/build) by extensions ['ignore', 'ignore_ament_install']
[5.907s] Level 1:colcon.colcon_core.package_identification:_identify(src/build) by extension 'ignore'
[5.907s] Level 1:colcon.colcon_core.package_identification:_identify(src/build) ignored
[5.909s] Level 1:colcon.colcon_core.package_identification:_identify(src/install) by extensions ['ignore', 'ignore_ament_install']
[5.910s] Level 1:colcon.colcon_core.package_identification:_identify(src/install) by extension 'ignore'
[5.911s] Level 1:colcon.colcon_core.package_identification:_identify(src/install) ignored
[5.912s] Level 1:colcon.colcon_core.package_identification:_identify(src/log) by extensions ['ignore', 'ignore_ament_install']
[5.913s] Level 1:colcon.colcon_core.package_identification:_identify(src/log) by extension 'ignore'
[5.914s] Level 1:colcon.colcon_core.package_identification:_identify(src/log) ignored
[5.915s] Level 1:colcon.colcon_core.package_identification:_identify(src/motor_controller) by extensions ['ignore', 'ignore_ament_install']
[5.916s] Level 1:colcon.colcon_core.package_identification:_identify(src/motor_controller) by extension 'ignore'
[5.917s] Level 1:colcon.colcon_core.package_identification:_identify(src/motor_controller) by extension 'ignore_ament_install'
[5.918s] Level 1:colcon.colcon_core.package_identification:_identify(src/motor_controller) by extensions ['colcon_pkg']
[5.918s] Level 1:colcon.colcon_core.package_identification:_identify(src/motor_controller) by extension 'colcon_pkg'
[5.919s] Level 1:colcon.colcon_core.package_identification:_identify(src/motor_controller) by extensions ['colcon_meta']
[5.919s] Level 1:colcon.colcon_core.package_identification:_identify(src/motor_controller) by extension 'colcon_meta'
[5.920s] Level 1:colcon.colcon_core.package_identification:_identify(src/motor_controller) by extensions ['ros']
[5.920s] Level 1:colcon.colcon_core.package_identification:_identify(src/motor_controller) by extension 'ros'
[5.947s] DEBUG:colcon.colcon_core.package_identification:Package 'src/motor_controller' with type 'ros.ament_python' and name 'motor_controller'
[5.948s] Level 1:colcon.colcon_core.package_discovery:discover_packages(recursive) using defaults
[5.949s] Level 1:colcon.colcon_core.package_discovery:discover_packages(ignore) discover
[5.949s] Level 1:colcon.colcon_core.package_discovery:discover_packages(ignore) using defaults
[5.950s] Level 1:colcon.colcon_core.package_discovery:discover_packages(path) discover
[5.950s] Level 1:colcon.colcon_core.package_discovery:discover_packages(path) using defaults
[6.145s] Level 1:colcon.colcon_core.package_discovery:discover_packages(prefix_path) check parameters
[6.145s] Level 1:colcon.colcon_core.package_discovery:discover_packages(prefix_path) discover
[6.160s] Level 1:colcon.colcon_core.package_discovery:discover_packages(prefix_path) using defaults
[6.177s] Level 5:colcon.colcon_core.verb:set package 'motor_controller' build argument 'cmake_args' from command line to 'None'
[6.178s] Level 5:colcon.colcon_core.verb:set package 'motor_controller' build argument 'cmake_target' from command line to 'None'
[6.179s] Level 5:colcon.colcon_core.verb:set package 'motor_controller' build argument 'cmake_target_skip_unavailable' from command line to 'False'
[6.181s] Level 5:colcon.colcon_core.verb:set package 'motor_controller' build argument 'cmake_clean_cache' from command line to 'False'
[6.182s] Level 5:colcon.colcon_core.verb:set package 'motor_controller' build argument 'cmake_clean_first' from command line to 'False'
[6.183s] Level 5:colcon.colcon_core.verb:set package 'motor_controller' build argument 'cmake_force_configure' from command line to 'False'
[6.185s] Level 5:colcon.colcon_core.verb:set package 'motor_controller' build argument 'ament_cmake_args' from command line to 'None'
[6.186s] Level 5:colcon.colcon_core.verb:set package 'motor_controller' build argument 'catkin_cmake_args' from command line to 'None'
[6.187s] Level 5:colcon.colcon_core.verb:set package 'motor_controller' build argument 'catkin_skip_building_tests' from command line to 'False'
[6.189s] DEBUG:colcon.colcon_core.verb:Building package 'motor_controller' with the following arguments: {'ament_cmake_args': None, 'build_base': '/home/ubuntu/dev_ws/build/motor_controller', 'catkin_cmake_args': None, 'catkin_skip_building_tests': False, 'cmake_args': None, 'cmake_clean_cache': False, 'cmake_clean_first': False, 'cmake_force_configure': False, 'cmake_target': None, 'cmake_target_skip_unavailable': False, 'install_base': '/home/ubuntu/dev_ws/install/motor_controller', 'merge_install': False, 'path': '/home/ubuntu/dev_ws/src/motor_controller', 'symlink_install': True, 'test_result_base': None}
[6.195s] Level 5:colcon.colcon_core.verb:set package 'pigpio' build argument 'cmake_args' from command line to 'None'
[6.196s] Level 5:colcon.colcon_core.verb:set package 'pigpio' build argument 'cmake_target' from command line to 'None'
[6.196s] Level 5:colcon.colcon_core.verb:set package 'pigpio' build argument 'cmake_target_skip_unavailable' from command line to 'False'
[6.196s] Level 5:colcon.colcon_core.verb:set package 'pigpio' build argument 'cmake_clean_cache' from command line to 'False'
[6.197s] Level 5:colcon.colcon_core.verb:set package 'pigpio' build argument 'cmake_clean_first' from command line to 'False'
[6.197s] Level 5:colcon.colcon_core.verb:set package 'pigpio' build argument 'cmake_force_configure' from command line to 'False'
[6.198s] Level 5:colcon.colcon_core.verb:set package 'pigpio' build argument 'ament_cmake_args' from command line to 'None'
[6.198s] Level 5:colcon.colcon_core.verb:set package 'pigpio' build argument 'catkin_cmake_args' from command line to 'None'
[6.198s] Level 5:colcon.colcon_core.verb:set package 'pigpio' build argument 'catkin_skip_building_tests' from command line to 'False'
[6.199s] DEBUG:colcon.colcon_core.verb:Building package 'pigpio' with the following arguments: {'ament_cmake_args': None, 'build_base': '/home/ubuntu/dev_ws/build/pigpio', 'catkin_cmake_args': None, 'catkin_skip_building_tests': False, 'cmake_args': None, 'cmake_clean_cache': False, 'cmake_clean_first': False, 'cmake_force_configure': False, 'cmake_target': None, 'cmake_target_skip_unavailable': False, 'install_base': '/home/ubuntu/dev_ws/install/pigpio', 'merge_install': False, 'path': '/home/ubuntu/dev_ws/pigpio-master', 'symlink_install': True, 'test_result_base': None}
[6.201s] INFO:colcon.colcon_core.executor:Executing jobs using 'parallel' executor
[6.211s] DEBUG:colcon.colcon_parallel_executor.executor.parallel:run_until_complete
[6.215s] INFO:colcon.colcon_ros.task.ament_python.build:Building ROS package in '/home/ubuntu/dev_ws/src/motor_controller' with build type 'ament_python'
[6.216s] Level 1:colcon.colcon_core.shell:create_environment_hook('motor_controller', 'ament_prefix_path')
[6.241s] INFO:colcon.colcon_core.plugin_system:Skipping extension 'colcon_core.shell.bat': Not used on non-Windows systems
[6.244s] INFO:colcon.colcon_core.shell:Creating environment hook '/home/ubuntu/dev_ws/install/motor_controller/share/motor_controller/hook/ament_prefix_path.ps1'
[6.251s] INFO:colcon.colcon_core.shell:Creating environment descriptor '/home/ubuntu/dev_ws/install/motor_controller/share/motor_controller/hook/ament_prefix_path.dsv'
[6.257s] INFO:colcon.colcon_core.shell:Creating environment hook '/home/ubuntu/dev_ws/install/motor_controller/share/motor_controller/hook/ament_prefix_path.sh'
[6.267s] INFO:colcon.colcon_core.shell:Skip shell extension 'powershell' for command environment: Not usable outside of PowerShell
[6.268s] DEBUG:colcon.colcon_core.shell:Skip shell extension 'dsv' for command environment
[6.304s] INFO:colcon.colcon_cmake.task.cmake.build:Building CMake package in '/home/ubuntu/dev_ws/pigpio-master'
[6.309s] INFO:colcon.colcon_core.shell:Skip shell extension 'powershell' for command environment: Not usable outside of PowerShell
[6.313s] DEBUG:colcon.colcon_core.shell:Skip shell extension 'dsv' for command environment
[9.685s] INFO:colcon.colcon_core.task.python.build:Building Python package in '/home/ubuntu/dev_ws/src/motor_controller'
[9.690s] INFO:colcon.colcon_core.shell:Skip shell extension 'powershell' for command environment: Not usable outside of PowerShell
[9.691s] DEBUG:colcon.colcon_core.shell:Skip shell extension 'dsv' for command environment
[9.890s] DEBUG:colcon.colcon_core.event_handler.log_command:Invoking command in '/home/ubuntu/dev_ws/build/pigpio': /usr/bin/cmake --build /home/ubuntu/dev_ws/build/pigpio -- -j4 -l4
[14.887s] DEBUG:colcon.colcon_core.event_handler.log_command:Invoked command in '/home/ubuntu/dev_ws/build/pigpio' returned '0': /usr/bin/cmake --build /home/ubuntu/dev_ws/build/pigpio -- -j4 -l4
[16.073s] DEBUG:colcon.colcon_core.event_handler.log_command:Invoking command in '/home/ubuntu/dev_ws/build/pigpio': /usr/bin/cmake --install /home/ubuntu/dev_ws/build/pigpio
[17.458s] DEBUG:colcon.colcon_core.event_handler.log_command:Invoking command in '/home/ubuntu/dev_ws/build/motor_controller': PYTHONPATH=/home/ubuntu/dev_ws/build/motor_controller/prefix_override:/usr/lib/python3/dist-packages/colcon_core/task/python/colcon_distutils_commands:/home/ubuntu/dev_ws/install/motor_controller/lib/python3.8/site-packages: /usr/bin/python3 -W ignore:setup.py install is deprecated setup.py develop --editable --build-directory /home/ubuntu/dev_ws/build/motor_controller/build --no-deps symlink_data
[17.637s] Level 1:colcon.colcon_core.environment:create_environment_scripts_only(pigpio)
[17.641s] DEBUG:colcon.colcon_core.event_handler.log_command:Invoked command in '/home/ubuntu/dev_ws/build/pigpio' returned '0': /usr/bin/cmake --install /home/ubuntu/dev_ws/build/pigpio
[17.740s] Level 1:colcon.colcon_core.environment:checking '/home/ubuntu/dev_ws/install/pigpio' for CMake module files
[17.754s] Level 1:colcon.colcon_core.environment:checking '/home/ubuntu/dev_ws/install/pigpio' for CMake config files
[17.759s] Level 1:colcon.colcon_core.shell:create_environment_hook('pigpio', 'cmake_prefix_path')
[17.773s] INFO:colcon.colcon_core.shell:Creating environment hook '/home/ubuntu/dev_ws/install/pigpio/share/pigpio/hook/cmake_prefix_path.ps1'
[17.810s] INFO:colcon.colcon_core.shell:Creating environment descriptor '/home/ubuntu/dev_ws/install/pigpio/share/pigpio/hook/cmake_prefix_path.dsv'
[17.820s] INFO:colcon.colcon_core.shell:Creating environment hook '/home/ubuntu/dev_ws/install/pigpio/share/pigpio/hook/cmake_prefix_path.sh'
[17.841s] Level 1:colcon.colcon_core.environment:checking '/home/ubuntu/dev_ws/install/pigpio/lib'
[17.845s] Level 1:colcon.colcon_core.shell:create_environment_hook('pigpio', 'ld_library_path_lib')
[17.850s] INFO:colcon.colcon_core.shell:Creating environment hook '/home/ubuntu/dev_ws/install/pigpio/share/pigpio/hook/ld_library_path_lib.ps1'
[17.864s] INFO:colcon.colcon_core.shell:Creating environment descriptor '/home/ubuntu/dev_ws/install/pigpio/share/pigpio/hook/ld_library_path_lib.dsv'
[17.885s] INFO:colcon.colcon_core.shell:Creating environment hook '/home/ubuntu/dev_ws/install/pigpio/share/pigpio/hook/ld_library_path_lib.sh'
[17.899s] Level 1:colcon.colcon_core.environment:checking '/home/ubuntu/dev_ws/install/pigpio/bin'
[17.901s] Level 1:colcon.colcon_core.shell:create_environment_hook('pigpio', 'path')
[17.905s] INFO:colcon.colcon_core.shell:Creating environment hook '/home/ubuntu/dev_ws/install/pigpio/share/pigpio/hook/path.ps1'
[17.913s] INFO:colcon.colcon_core.shell:Creating environment descriptor '/home/ubuntu/dev_ws/install/pigpio/share/pigpio/hook/path.dsv'
[17.921s] INFO:colcon.colcon_core.shell:Creating environment hook '/home/ubuntu/dev_ws/install/pigpio/share/pigpio/hook/path.sh'
[17.929s] Level 1:colcon.colcon_core.environment:checking '/home/ubuntu/dev_ws/install/pigpio/lib/pkgconfig/pigpio.pc'
[17.932s] Level 1:colcon.colcon_core.environment:checking '/home/ubuntu/dev_ws/install/pigpio/lib/python3.8/site-packages'
[17.935s] Level 1:colcon.colcon_core.environment:checking '/home/ubuntu/dev_ws/install/pigpio/bin'
[17.938s] Level 1:colcon.colcon_core.shell:create_environment_hook('pigpio', 'pythonscriptspath')
[17.942s] INFO:colcon.colcon_core.shell:Creating environment hook '/home/ubuntu/dev_ws/install/pigpio/share/pigpio/hook/pythonscriptspath.ps1'
[17.952s] INFO:colcon.colcon_core.shell:Creating environment descriptor '/home/ubuntu/dev_ws/install/pigpio/share/pigpio/hook/pythonscriptspath.dsv'
[17.961s] INFO:colcon.colcon_core.shell:Creating environment hook '/home/ubuntu/dev_ws/install/pigpio/share/pigpio/hook/pythonscriptspath.sh'
[17.972s] INFO:colcon.colcon_core.shell:Creating package script '/home/ubuntu/dev_ws/install/pigpio/share/pigpio/package.ps1'
[17.988s] INFO:colcon.colcon_core.shell:Creating package descriptor '/home/ubuntu/dev_ws/install/pigpio/share/pigpio/package.dsv'
[18.000s] INFO:colcon.colcon_core.shell:Creating package script '/home/ubuntu/dev_ws/install/pigpio/share/pigpio/package.sh'
[18.014s] INFO:colcon.colcon_core.shell:Creating package script '/home/ubuntu/dev_ws/install/pigpio/share/pigpio/package.bash'
[18.026s] INFO:colcon.colcon_core.shell:Creating package script '/home/ubuntu/dev_ws/install/pigpio/share/pigpio/package.zsh'
[18.039s] Level 1:colcon.colcon_core.environment:create_file_with_runtime_dependencies(/home/ubuntu/dev_ws/install/pigpio/share/colcon-core/packages/pigpio)
[24.391s] Level 1:colcon.colcon_core.shell:create_environment_hook('motor_controller', 'pythonpath_develop')
[24.397s] INFO:colcon.colcon_core.shell:Creating environment hook '/home/ubuntu/dev_ws/build/motor_controller/share/motor_controller/hook/pythonpath_develop.ps1'
[24.398s] DEBUG:colcon.colcon_core.event_handler.log_command:Invoked command in '/home/ubuntu/dev_ws/build/motor_controller' returned '0': PYTHONPATH=/home/ubuntu/dev_ws/build/motor_controller/prefix_override:/usr/lib/python3/dist-packages/colcon_core/task/python/colcon_distutils_commands:/home/ubuntu/dev_ws/install/motor_controller/lib/python3.8/site-packages: /usr/bin/python3 -W ignore:setup.py install is deprecated setup.py develop --editable --build-directory /home/ubuntu/dev_ws/build/motor_controller/build --no-deps symlink_data
[24.408s] INFO:colcon.colcon_core.shell:Creating environment descriptor '/home/ubuntu/dev_ws/build/motor_controller/share/motor_controller/hook/pythonpath_develop.dsv'
[24.415s] INFO:colcon.colcon_core.shell:Creating environment hook '/home/ubuntu/dev_ws/build/motor_controller/share/motor_controller/hook/pythonpath_develop.sh'
[24.424s] Level 1:colcon.colcon_core.environment:checking '/home/ubuntu/dev_ws/install/motor_controller' for CMake module files
[24.431s] Level 1:colcon.colcon_core.environment:checking '/home/ubuntu/dev_ws/install/motor_controller' for CMake config files
[24.441s] Level 1:colcon.colcon_core.environment:checking '/home/ubuntu/dev_ws/install/motor_controller/lib'
[24.442s] Level 1:colcon.colcon_core.environment:checking '/home/ubuntu/dev_ws/install/motor_controller/bin'
[24.443s] Level 1:colcon.colcon_core.environment:checking '/home/ubuntu/dev_ws/install/motor_controller/lib/pkgconfig/motor_controller.pc'
[24.448s] Level 1:colcon.colcon_core.environment:checking '/home/ubuntu/dev_ws/install/motor_controller/lib/python3.8/site-packages'
[24.449s] Level 1:colcon.colcon_core.shell:create_environment_hook('motor_controller', 'pythonpath')
[24.452s] INFO:colcon.colcon_core.shell:Creating environment hook '/home/ubuntu/dev_ws/install/motor_controller/share/motor_controller/hook/pythonpath.ps1'
[24.460s] INFO:colcon.colcon_core.shell:Creating environment descriptor '/home/ubuntu/dev_ws/install/motor_controller/share/motor_controller/hook/pythonpath.dsv'
[24.465s] INFO:colcon.colcon_core.shell:Creating environment hook '/home/ubuntu/dev_ws/install/motor_controller/share/motor_controller/hook/pythonpath.sh'
[24.473s] Level 1:colcon.colcon_core.environment:checking '/home/ubuntu/dev_ws/install/motor_controller/bin'
[24.474s] Level 1:colcon.colcon_core.environment:create_environment_scripts_only(motor_controller)
[24.483s] INFO:colcon.colcon_core.shell:Creating package script '/home/ubuntu/dev_ws/install/motor_controller/share/motor_controller/package.ps1'
[24.504s] INFO:colcon.colcon_core.shell:Creating package descriptor '/home/ubuntu/dev_ws/install/motor_controller/share/motor_controller/package.dsv'
[24.514s] INFO:colcon.colcon_core.shell:Creating package script '/home/ubuntu/dev_ws/install/motor_controller/share/motor_controller/package.sh'
[24.524s] INFO:colcon.colcon_core.shell:Creating package script '/home/ubuntu/dev_ws/install/motor_controller/share/motor_controller/package.bash'
[24.532s] INFO:colcon.colcon_core.shell:Creating package script '/home/ubuntu/dev_ws/install/motor_controller/share/motor_controller/package.zsh'
[24.538s] Level 1:colcon.colcon_core.environment:create_file_with_runtime_dependencies(/home/ubuntu/dev_ws/install/motor_controller/share/colcon-core/packages/motor_controller)
[24.546s] DEBUG:colcon.colcon_parallel_executor.executor.parallel:closing loop
[24.548s] DEBUG:colcon.colcon_parallel_executor.executor.parallel:loop closed
[24.549s] DEBUG:colcon.colcon_parallel_executor.executor.parallel:run_until_complete finished with '0'
[24.551s] DEBUG:colcon.colcon_core.event_reactor:joining thread
[24.617s] INFO:colcon.colcon_core.plugin_system:Skipping extension 'colcon_notification.desktop_notification.terminal_notifier': Not used on non-Darwin systems
[24.619s] INFO:colcon.colcon_core.plugin_system:Skipping extension 'colcon_notification.desktop_notification.win32': Not used on non-Windows systems
[24.621s] INFO:colcon.colcon_notification.desktop_notification:Sending desktop notification using 'notify2'
[24.641s] DEBUG:colcon.colcon_notification.desktop_notification.notify2:Failed to initialize notify2: org.freedesktop.DBus.Error.ServiceUnknown: The name org.freedesktop.Notifications was not provided by any .service files
[24.643s] DEBUG:colcon.colcon_core.event_reactor:joined thread
[24.645s] INFO:colcon.colcon_core.shell:Creating prefix script '/home/ubuntu/dev_ws/install/local_setup.ps1'
[24.658s] INFO:colcon.colcon_core.shell:Creating prefix util module '/home/ubuntu/dev_ws/install/_local_setup_util_ps1.py'
[24.682s] INFO:colcon.colcon_core.shell:Creating prefix chain script '/home/ubuntu/dev_ws/install/setup.ps1'
[24.697s] INFO:colcon.colcon_core.shell:Creating prefix script '/home/ubuntu/dev_ws/install/local_setup.sh'
[24.706s] INFO:colcon.colcon_core.shell:Creating prefix util module '/home/ubuntu/dev_ws/install/_local_setup_util_sh.py'
[24.715s] INFO:colcon.colcon_core.shell:Creating prefix chain script '/home/ubuntu/dev_ws/install/setup.sh'
[24.727s] INFO:colcon.colcon_core.shell:Creating prefix script '/home/ubuntu/dev_ws/install/local_setup.bash'
[24.735s] INFO:colcon.colcon_core.shell:Creating prefix chain script '/home/ubuntu/dev_ws/install/setup.bash'
[24.747s] INFO:colcon.colcon_core.shell:Creating prefix script '/home/ubuntu/dev_ws/install/local_setup.zsh'
[24.756s] INFO:colcon.colcon_core.shell:Creating prefix chain script '/home/ubuntu/dev_ws/install/setup.zsh'
