[3.940s] DEBUG:colcon:Command line arguments: ['/usr/bin/colcon', 'build', '--symlink-install']
[3.941s] DEBUG:colcon:Parsed command line arguments: Namespace(allow_overriding=[], ament_cmake_args=None, base_paths=['.'], build_base='build', catkin_cmake_args=None, catkin_skip_building_tests=False, cmake_args=None, cmake_clean_cache=False, cmake_clean_first=False, cmake_force_configure=False, cmake_target=None, cmake_target_skip_unavailable=False, continue_on_error=False, event_handlers=None, executor='parallel', ignore_user_meta=False, install_base='install', log_base=None, log_level=None, main=<bound method BuildVerb.main of <colcon_core.verb.build.BuildVerb object at 0xffff8a729b20>>, merge_install=False, metas=['./colcon.meta'], mixin=None, mixin_files=None, mixin_verb=('build',), packages_above=None, packages_above_and_dependencies=None, packages_above_depth=None, packages_end=None, packages_ignore=None, packages_ignore_regex=None, packages_select=None, packages_select_build_failed=False, packages_select_by_dep=None, packages_select_regex=None, packages_select_test_failures=False, packages_skip=None, packages_skip_build_finished=False, packages_skip_by_dep=None, packages_skip_regex=None, packages_skip_test_passed=False, packages_skip_up_to=None, packages_start=None, packages_up_to=None, packages_up_to_regex=None, parallel_workers=4, paths=None, symlink_install=True, test_result_base=None, verb_extension=<colcon_core.verb.build.BuildVerb object at 0xffff8a729b20>, verb_name='build', verb_parser=<colcon_mixin.mixin.mixin_argument.MixinArgumentDecorator object at 0xffff8a68da60>)
[6.513s] Level 1:colcon.colcon_core.package_discovery:discover_packages(colcon_meta) check parameters
[6.514s] Level 1:colcon.colcon_core.package_discovery:discover_packages(recursive) check parameters
[6.515s] Level 1:colcon.colcon_core.package_discovery:discover_packages(ignore) check parameters
[6.515s] Level 1:colcon.colcon_core.package_discovery:discover_packages(path) check parameters
[6.516s] Level 1:colcon.colcon_core.package_discovery:discover_packages(colcon_meta) discover
[6.516s] Level 1:colcon.colcon_core.package_discovery:discover_packages(recursive) discover
[6.517s] INFO:colcon.colcon_core.package_discovery:Crawling recursively for packages in '/home/ubuntu/dev_ws'
[6.518s] Level 1:colcon.colcon_core.package_identification:_identify(.) by extensions ['ignore', 'ignore_ament_install']
[6.519s] Level 1:colcon.colcon_core.package_identification:_identify(.) by extension 'ignore'
[6.520s] Level 1:colcon.colcon_core.package_identification:_identify(.) by extension 'ignore_ament_install'
[6.522s] Level 1:colcon.colcon_core.package_identification:_identify(.) by extensions ['colcon_pkg']
[6.522s] Level 1:colcon.colcon_core.package_identification:_identify(.) by extension 'colcon_pkg'
[6.523s] Level 1:colcon.colcon_core.package_identification:_identify(.) by extensions ['colcon_meta']
[6.524s] Level 1:colcon.colcon_core.package_identification:_identify(.) by extension 'colcon_meta'
[6.524s] Level 1:colcon.colcon_core.package_identification:_identify(.) by extensions ['ros']
[6.525s] Level 1:colcon.colcon_core.package_identification:_identify(.) by extension 'ros'
[6.662s] Level 1:colcon.colcon_core.package_identification:_identify(.) by extensions ['cmake', 'python']
[6.663s] Level 1:colcon.colcon_core.package_identification:_identify(.) by extension 'cmake'
[6.664s] Level 1:colcon.colcon_core.package_identification:_identify(.) by extension 'python'
[6.664s] Level 1:colcon.colcon_core.package_identification:_identify(.) by extensions ['python_setup_py']
[6.665s] Level 1:colcon.colcon_core.package_identification:_identify(.) by extension 'python_setup_py'
[6.667s] Level 1:colcon.colcon_core.package_identification:_identify(build) by extensions ['ignore', 'ignore_ament_install']
[6.668s] Level 1:colcon.colcon_core.package_identification:_identify(build) by extension 'ignore'
[6.669s] Level 1:colcon.colcon_core.package_identification:_identify(build) ignored
[6.671s] Level 1:colcon.colcon_core.package_identification:_identify(install) by extensions ['ignore', 'ignore_ament_install']
[6.672s] Level 1:colcon.colcon_core.package_identification:_identify(install) by extension 'ignore'
[6.673s] Level 1:colcon.colcon_core.package_identification:_identify(install) ignored
[6.677s] Level 1:colcon.colcon_core.package_identification:_identify(log) by extensions ['ignore', 'ignore_ament_install']
[6.678s] Level 1:colcon.colcon_core.package_identification:_identify(log) by extension 'ignore'
[6.679s] Level 1:colcon.colcon_core.package_identification:_identify(log) ignored
[6.682s] Level 1:colcon.colcon_core.package_identification:_identify(pigpio-master) by extensions ['ignore', 'ignore_ament_install']
[6.683s] Level 1:colcon.colcon_core.package_identification:_identify(pigpio-master) by extension 'ignore'
[6.684s] Level 1:colcon.colcon_core.package_identification:_identify(pigpio-master) by extension 'ignore_ament_install'
[6.685s] Level 1:colcon.colcon_core.package_identification:_identify(pigpio-master) by extensions ['colcon_pkg']
[6.685s] Level 1:colcon.colcon_core.package_identification:_identify(pigpio-master) by extension 'colcon_pkg'
[6.686s] Level 1:colcon.colcon_core.package_identification:_identify(pigpio-master) by extensions ['colcon_meta']
[6.686s] Level 1:colcon.colcon_core.package_identification:_identify(pigpio-master) by extension 'colcon_meta'
[6.687s] Level 1:colcon.colcon_core.package_identification:_identify(pigpio-master) by extensions ['ros']
[6.687s] Level 1:colcon.colcon_core.package_identification:_identify(pigpio-master) by extension 'ros'
[6.688s] Level 1:colcon.colcon_core.package_identification:_identify(pigpio-master) by extensions ['cmake', 'python']
[6.689s] Level 1:colcon.colcon_core.package_identification:_identify(pigpio-master) by extension 'cmake'
[6.737s] Level 1:colcon.colcon_core.package_identification:_identify(pigpio-master) by extension 'python'
[6.739s] DEBUG:colcon.colcon_core.package_identification:Package 'pigpio-master' with type 'cmake' and name 'pigpio'
[6.740s] Level 1:colcon.colcon_core.package_identification:_identify(src) by extensions ['ignore', 'ignore_ament_install']
[6.741s] Level 1:colcon.colcon_core.package_identification:_identify(src) by extension 'ignore'
[6.744s] Level 1:colcon.colcon_core.package_identification:_identify(src) by extension 'ignore_ament_install'
[6.745s] Level 1:colcon.colcon_core.package_identification:_identify(src) by extensions ['colcon_pkg']
[6.746s] Level 1:colcon.colcon_core.package_identification:_identify(src) by extension 'colcon_pkg'
[6.747s] Level 1:colcon.colcon_core.package_identification:_identify(src) by extensions ['colcon_meta']
[6.748s] Level 1:colcon.colcon_core.package_identification:_identify(src) by extension 'colcon_meta'
[6.748s] Level 1:colcon.colcon_core.package_identification:_identify(src) by extensions ['ros']
[6.749s] Level 1:colcon.colcon_core.package_identification:_identify(src) by extension 'ros'
[6.750s] Level 1:colcon.colcon_core.package_identification:_identify(src) by extensions ['cmake', 'python']
[6.751s] Level 1:colcon.colcon_core.package_identification:_identify(src) by extension 'cmake'
[6.752s] Level 1:colcon.colcon_core.package_identification:_identify(src) by extension 'python'
[6.753s] Level 1:colcon.colcon_core.package_identification:_identify(src) by extensions ['python_setup_py']
[6.754s] Level 1:colcon.colcon_core.package_identification:_identify(src) by extension 'python_setup_py'
[6.755s] Level 1:colcon.colcon_core.package_identification:_identify(src/build) by extensions ['ignore', 'ignore_ament_install']
[6.757s] Level 1:colcon.colcon_core.package_identification:_identify(src/build) by extension 'ignore'
[6.758s] Level 1:colcon.colcon_core.package_identification:_identify(src/build) ignored
[6.759s] Level 1:colcon.colcon_core.package_identification:_identify(src/install) by extensions ['ignore', 'ignore_ament_install']
[6.761s] Level 1:colcon.colcon_core.package_identification:_identify(src/install) by extension 'ignore'
[6.762s] Level 1:colcon.colcon_core.package_identification:_identify(src/install) ignored
[6.764s] Level 1:colcon.colcon_core.package_identification:_identify(src/log) by extensions ['ignore', 'ignore_ament_install']
[6.765s] Level 1:colcon.colcon_core.package_identification:_identify(src/log) by extension 'ignore'
[6.766s] Level 1:colcon.colcon_core.package_identification:_identify(src/log) ignored
[6.768s] Level 1:colcon.colcon_core.package_identification:_identify(src/motor_controller) by extensions ['ignore', 'ignore_ament_install']
[6.769s] Level 1:colcon.colcon_core.package_identification:_identify(src/motor_controller) by extension 'ignore'
[6.770s] Level 1:colcon.colcon_core.package_identification:_identify(src/motor_controller) by extension 'ignore_ament_install'
[6.771s] Level 1:colcon.colcon_core.package_identification:_identify(src/motor_controller) by extensions ['colcon_pkg']
[6.771s] Level 1:colcon.colcon_core.package_identification:_identify(src/motor_controller) by extension 'colcon_pkg'
[6.772s] Level 1:colcon.colcon_core.package_identification:_identify(src/motor_controller) by extensions ['colcon_meta']
[6.773s] Level 1:colcon.colcon_core.package_identification:_identify(src/motor_controller) by extension 'colcon_meta'
[6.773s] Level 1:colcon.colcon_core.package_identification:_identify(src/motor_controller) by extensions ['ros']
[6.774s] Level 1:colcon.colcon_core.package_identification:_identify(src/motor_controller) by extension 'ros'
[6.800s] DEBUG:colcon.colcon_core.package_identification:Package 'src/motor_controller' with type 'ros.ament_python' and name 'motor_controller'
[6.800s] Level 1:colcon.colcon_core.package_discovery:discover_packages(recursive) using defaults
[6.801s] Level 1:colcon.colcon_core.package_discovery:discover_packages(ignore) discover
[6.801s] Level 1:colcon.colcon_core.package_discovery:discover_packages(ignore) using defaults
[6.802s] Level 1:colcon.colcon_core.package_discovery:discover_packages(path) discover
[6.802s] Level 1:colcon.colcon_core.package_discovery:discover_packages(path) using defaults
[6.971s] Level 1:colcon.colcon_core.package_discovery:discover_packages(prefix_path) check parameters
[6.972s] Level 1:colcon.colcon_core.package_discovery:discover_packages(prefix_path) discover
[6.996s] DEBUG:colcon.colcon_installed_package_information.package_discovery:Found 4 installed packages in /home/ubuntu/dev_ws/install
[7.018s] DEBUG:colcon.colcon_installed_package_information.package_discovery:Found 255 installed packages in /opt/ros/foxy
[7.046s] Level 1:colcon.colcon_core.package_discovery:discover_packages(prefix_path) using defaults
[8.135s] Level 5:colcon.colcon_core.verb:set package 'motor_controller' build argument 'cmake_args' from command line to 'None'
[8.136s] Level 5:colcon.colcon_core.verb:set package 'motor_controller' build argument 'cmake_target' from command line to 'None'
[8.136s] Level 5:colcon.colcon_core.verb:set package 'motor_controller' build argument 'cmake_target_skip_unavailable' from command line to 'False'
[8.137s] Level 5:colcon.colcon_core.verb:set package 'motor_controller' build argument 'cmake_clean_cache' from command line to 'False'
[8.137s] Level 5:colcon.colcon_core.verb:set package 'motor_controller' build argument 'cmake_clean_first' from command line to 'False'
[8.137s] Level 5:colcon.colcon_core.verb:set package 'motor_controller' build argument 'cmake_force_configure' from command line to 'False'
[8.138s] Level 5:colcon.colcon_core.verb:set package 'motor_controller' build argument 'ament_cmake_args' from command line to 'None'
[8.138s] Level 5:colcon.colcon_core.verb:set package 'motor_controller' build argument 'catkin_cmake_args' from command line to 'None'
[8.138s] Level 5:colcon.colcon_core.verb:set package 'motor_controller' build argument 'catkin_skip_building_tests' from command line to 'False'
[8.139s] DEBUG:colcon.colcon_core.verb:Building package 'motor_controller' with the following arguments: {'ament_cmake_args': None, 'build_base': '/home/ubuntu/dev_ws/build/motor_controller', 'catkin_cmake_args': None, 'catkin_skip_building_tests': False, 'cmake_args': None, 'cmake_clean_cache': False, 'cmake_clean_first': False, 'cmake_force_configure': False, 'cmake_target': None, 'cmake_target_skip_unavailable': False, 'install_base': '/home/ubuntu/dev_ws/install/motor_controller', 'merge_install': False, 'path': '/home/ubuntu/dev_ws/src/motor_controller', 'symlink_install': True, 'test_result_base': None}
[8.144s] Level 5:colcon.colcon_core.verb:set package 'pigpio' build argument 'cmake_args' from command line to 'None'
[8.145s] Level 5:colcon.colcon_core.verb:set package 'pigpio' build argument 'cmake_target' from command line to 'None'
[8.145s] Level 5:colcon.colcon_core.verb:set package 'pigpio' build argument 'cmake_target_skip_unavailable' from command line to 'False'
[8.145s] Level 5:colcon.colcon_core.verb:set package 'pigpio' build argument 'cmake_clean_cache' from command line to 'False'
[8.146s] Level 5:colcon.colcon_core.verb:set package 'pigpio' build argument 'cmake_clean_first' from command line to 'False'
[8.146s] Level 5:colcon.colcon_core.verb:set package 'pigpio' build argument 'cmake_force_configure' from command line to 'False'
[8.146s] Level 5:colcon.colcon_core.verb:set package 'pigpio' build argument 'ament_cmake_args' from command line to 'None'
[8.147s] Level 5:colcon.colcon_core.verb:set package 'pigpio' build argument 'catkin_cmake_args' from command line to 'None'
[8.147s] Level 5:colcon.colcon_core.verb:set package 'pigpio' build argument 'catkin_skip_building_tests' from command line to 'False'
[8.147s] DEBUG:colcon.colcon_core.verb:Building package 'pigpio' with the following arguments: {'ament_cmake_args': None, 'build_base': '/home/ubuntu/dev_ws/build/pigpio', 'catkin_cmake_args': None, 'catkin_skip_building_tests': False, 'cmake_args': None, 'cmake_clean_cache': False, 'cmake_clean_first': False, 'cmake_force_configure': False, 'cmake_target': None, 'cmake_target_skip_unavailable': False, 'install_base': '/home/ubuntu/dev_ws/install/pigpio', 'merge_install': False, 'path': '/home/ubuntu/dev_ws/pigpio-master', 'symlink_install': True, 'test_result_base': None}
[8.149s] INFO:colcon.colcon_core.executor:Executing jobs using 'parallel' executor
[8.157s] DEBUG:colcon.colcon_parallel_executor.executor.parallel:run_until_complete
[8.160s] INFO:colcon.colcon_ros.task.ament_python.build:Building ROS package in '/home/ubuntu/dev_ws/src/motor_controller' with build type 'ament_python'
[8.162s] Level 1:colcon.colcon_core.shell:create_environment_hook('motor_controller', 'ament_prefix_path')
[8.188s] INFO:colcon.colcon_core.plugin_system:Skipping extension 'colcon_core.shell.bat': Not used on non-Windows systems
[8.192s] INFO:colcon.colcon_core.shell:Creating environment hook '/home/ubuntu/dev_ws/install/motor_controller/share/motor_controller/hook/ament_prefix_path.ps1'
[8.201s] INFO:colcon.colcon_core.shell:Creating environment descriptor '/home/ubuntu/dev_ws/install/motor_controller/share/motor_controller/hook/ament_prefix_path.dsv'
[8.208s] INFO:colcon.colcon_core.shell:Creating environment hook '/home/ubuntu/dev_ws/install/motor_controller/share/motor_controller/hook/ament_prefix_path.sh'
[8.220s] INFO:colcon.colcon_core.shell:Skip shell extension 'powershell' for command environment: Not usable outside of PowerShell
[8.221s] DEBUG:colcon.colcon_core.shell:Skip shell extension 'dsv' for command environment
[8.296s] INFO:colcon.colcon_cmake.task.cmake.build:Building CMake package in '/home/ubuntu/dev_ws/pigpio-master'
[8.302s] INFO:colcon.colcon_core.shell:Skip shell extension 'powershell' for command environment: Not usable outside of PowerShell
[8.303s] DEBUG:colcon.colcon_core.shell:Skip shell extension 'dsv' for command environment
[11.790s] INFO:colcon.colcon_core.task.python.build:Building Python package in '/home/ubuntu/dev_ws/src/motor_controller'
[11.797s] INFO:colcon.colcon_core.shell:Skip shell extension 'powershell' for command environment: Not usable outside of PowerShell
[11.799s] DEBUG:colcon.colcon_core.shell:Skip shell extension 'dsv' for command environment
[11.908s] DEBUG:colcon.colcon_core.event_handler.log_command:Invoking command in '/home/ubuntu/dev_ws/build/pigpio': /usr/bin/cmake --build /home/ubuntu/dev_ws/build/pigpio -- -j4 -l4
[15.581s] DEBUG:colcon.colcon_core.event_handler.log_command:Invoked command in '/home/ubuntu/dev_ws/build/pigpio' returned '0': /usr/bin/cmake --build /home/ubuntu/dev_ws/build/pigpio -- -j4 -l4
[16.589s] DEBUG:colcon.colcon_core.event_handler.log_command:Invoking command in '/home/ubuntu/dev_ws/build/pigpio': /usr/bin/cmake --install /home/ubuntu/dev_ws/build/pigpio
[17.386s] Level 1:colcon.colcon_core.environment:create_environment_scripts_only(pigpio)
[17.390s] DEBUG:colcon.colcon_core.event_handler.log_command:Invoked command in '/home/ubuntu/dev_ws/build/pigpio' returned '0': /usr/bin/cmake --install /home/ubuntu/dev_ws/build/pigpio
[17.425s] Level 1:colcon.colcon_core.environment:checking '/home/ubuntu/dev_ws/install/pigpio' for CMake module files
[17.435s] Level 1:colcon.colcon_core.environment:checking '/home/ubuntu/dev_ws/install/pigpio' for CMake config files
[17.442s] Level 1:colcon.colcon_core.shell:create_environment_hook('pigpio', 'cmake_prefix_path')
[17.445s] INFO:colcon.colcon_core.shell:Creating environment hook '/home/ubuntu/dev_ws/install/pigpio/share/pigpio/hook/cmake_prefix_path.ps1'
[17.452s] INFO:colcon.colcon_core.shell:Creating environment descriptor '/home/ubuntu/dev_ws/install/pigpio/share/pigpio/hook/cmake_prefix_path.dsv'
[17.460s] INFO:colcon.colcon_core.shell:Creating environment hook '/home/ubuntu/dev_ws/install/pigpio/share/pigpio/hook/cmake_prefix_path.sh'
[17.469s] Level 1:colcon.colcon_core.environment:checking '/home/ubuntu/dev_ws/install/pigpio/lib'
[17.475s] Level 1:colcon.colcon_core.shell:create_environment_hook('pigpio', 'ld_library_path_lib')
[17.478s] INFO:colcon.colcon_core.shell:Creating environment hook '/home/ubuntu/dev_ws/install/pigpio/share/pigpio/hook/ld_library_path_lib.ps1'
[17.486s] INFO:colcon.colcon_core.shell:Creating environment descriptor '/home/ubuntu/dev_ws/install/pigpio/share/pigpio/hook/ld_library_path_lib.dsv'
[17.492s] INFO:colcon.colcon_core.shell:Creating environment hook '/home/ubuntu/dev_ws/install/pigpio/share/pigpio/hook/ld_library_path_lib.sh'
[17.499s] Level 1:colcon.colcon_core.environment:checking '/home/ubuntu/dev_ws/install/pigpio/bin'
[17.500s] Level 1:colcon.colcon_core.shell:create_environment_hook('pigpio', 'path')
[17.505s] INFO:colcon.colcon_core.shell:Creating environment hook '/home/ubuntu/dev_ws/install/pigpio/share/pigpio/hook/path.ps1'
[17.514s] INFO:colcon.colcon_core.shell:Creating environment descriptor '/home/ubuntu/dev_ws/install/pigpio/share/pigpio/hook/path.dsv'
[17.526s] INFO:colcon.colcon_core.shell:Creating environment hook '/home/ubuntu/dev_ws/install/pigpio/share/pigpio/hook/path.sh'
[17.536s] Level 1:colcon.colcon_core.environment:checking '/home/ubuntu/dev_ws/install/pigpio/lib/pkgconfig/pigpio.pc'
[17.541s] Level 1:colcon.colcon_core.environment:checking '/home/ubuntu/dev_ws/install/pigpio/lib/python3.8/site-packages'
[17.554s] Level 1:colcon.colcon_core.environment:checking '/home/ubuntu/dev_ws/install/pigpio/bin'
[17.556s] Level 1:colcon.colcon_core.shell:create_environment_hook('pigpio', 'pythonscriptspath')
[17.568s] INFO:colcon.colcon_core.shell:Creating environment hook '/home/ubuntu/dev_ws/install/pigpio/share/pigpio/hook/pythonscriptspath.ps1'
[17.588s] INFO:colcon.colcon_core.shell:Creating environment descriptor '/home/ubuntu/dev_ws/install/pigpio/share/pigpio/hook/pythonscriptspath.dsv'
[17.612s] INFO:colcon.colcon_core.shell:Creating environment hook '/home/ubuntu/dev_ws/install/pigpio/share/pigpio/hook/pythonscriptspath.sh'
[17.645s] INFO:colcon.colcon_core.shell:Creating package script '/home/ubuntu/dev_ws/install/pigpio/share/pigpio/package.ps1'
[17.689s] INFO:colcon.colcon_core.shell:Creating package descriptor '/home/ubuntu/dev_ws/install/pigpio/share/pigpio/package.dsv'
[17.738s] INFO:colcon.colcon_core.shell:Creating package script '/home/ubuntu/dev_ws/install/pigpio/share/pigpio/package.sh'
[17.764s] INFO:colcon.colcon_core.shell:Creating package script '/home/ubuntu/dev_ws/install/pigpio/share/pigpio/package.bash'
[17.816s] INFO:colcon.colcon_core.shell:Creating package script '/home/ubuntu/dev_ws/install/pigpio/share/pigpio/package.zsh'
[17.837s] Level 1:colcon.colcon_core.environment:create_file_with_runtime_dependencies(/home/ubuntu/dev_ws/install/pigpio/share/colcon-core/packages/pigpio)
[17.901s] DEBUG:colcon.colcon_core.event_handler.log_command:Invoking command in '/home/ubuntu/dev_ws/build/motor_controller': PYTHONPATH=/home/ubuntu/dev_ws/build/motor_controller/prefix_override:/usr/lib/python3/dist-packages/colcon_core/task/python/colcon_distutils_commands:/home/ubuntu/dev_ws/install/motor_controller/lib/python3.8/site-packages:${PYTHONPATH} /usr/bin/python3 -W ignore:setup.py install is deprecated setup.py develop --editable --build-directory /home/ubuntu/dev_ws/build/motor_controller/build --no-deps symlink_data
[24.718s] Level 1:colcon.colcon_core.shell:create_environment_hook('motor_controller', 'pythonpath_develop')
[24.721s] INFO:colcon.colcon_core.shell:Creating environment hook '/home/ubuntu/dev_ws/build/motor_controller/share/motor_controller/hook/pythonpath_develop.ps1'
[24.727s] DEBUG:colcon.colcon_core.event_handler.log_command:Invoked command in '/home/ubuntu/dev_ws/build/motor_controller' returned '0': PYTHONPATH=/home/ubuntu/dev_ws/build/motor_controller/prefix_override:/usr/lib/python3/dist-packages/colcon_core/task/python/colcon_distutils_commands:/home/ubuntu/dev_ws/install/motor_controller/lib/python3.8/site-packages:${PYTHONPATH} /usr/bin/python3 -W ignore:setup.py install is deprecated setup.py develop --editable --build-directory /home/ubuntu/dev_ws/build/motor_controller/build --no-deps symlink_data
[24.734s] INFO:colcon.colcon_core.shell:Creating environment descriptor '/home/ubuntu/dev_ws/build/motor_controller/share/motor_controller/hook/pythonpath_develop.dsv'
[24.740s] INFO:colcon.colcon_core.shell:Creating environment hook '/home/ubuntu/dev_ws/build/motor_controller/share/motor_controller/hook/pythonpath_develop.sh'
[24.750s] Level 1:colcon.colcon_core.environment:checking '/home/ubuntu/dev_ws/install/motor_controller' for CMake module files
[24.757s] Level 1:colcon.colcon_core.environment:checking '/home/ubuntu/dev_ws/install/motor_controller' for CMake config files
[24.765s] Level 1:colcon.colcon_core.environment:checking '/home/ubuntu/dev_ws/install/motor_controller/lib'
[24.767s] Level 1:colcon.colcon_core.environment:checking '/home/ubuntu/dev_ws/install/motor_controller/bin'
[24.768s] Level 1:colcon.colcon_core.environment:checking '/home/ubuntu/dev_ws/install/motor_controller/lib/pkgconfig/motor_controller.pc'
[24.770s] Level 1:colcon.colcon_core.environment:checking '/home/ubuntu/dev_ws/install/motor_controller/lib/python3.8/site-packages'
[24.771s] Level 1:colcon.colcon_core.shell:create_environment_hook('motor_controller', 'pythonpath')
[24.774s] INFO:colcon.colcon_core.shell:Creating environment hook '/home/ubuntu/dev_ws/install/motor_controller/share/motor_controller/hook/pythonpath.ps1'
[24.779s] INFO:colcon.colcon_core.shell:Creating environment descriptor '/home/ubuntu/dev_ws/install/motor_controller/share/motor_controller/hook/pythonpath.dsv'
[24.788s] INFO:colcon.colcon_core.shell:Creating environment hook '/home/ubuntu/dev_ws/install/motor_controller/share/motor_controller/hook/pythonpath.sh'
[24.796s] Level 1:colcon.colcon_core.environment:checking '/home/ubuntu/dev_ws/install/motor_controller/bin'
[24.797s] Level 1:colcon.colcon_core.environment:create_environment_scripts_only(motor_controller)
[24.803s] INFO:colcon.colcon_core.shell:Creating package script '/home/ubuntu/dev_ws/install/motor_controller/share/motor_controller/package.ps1'
[24.812s] INFO:colcon.colcon_core.shell:Creating package descriptor '/home/ubuntu/dev_ws/install/motor_controller/share/motor_controller/package.dsv'
[24.819s] INFO:colcon.colcon_core.shell:Creating package script '/home/ubuntu/dev_ws/install/motor_controller/share/motor_controller/package.sh'
[24.832s] INFO:colcon.colcon_core.shell:Creating package script '/home/ubuntu/dev_ws/install/motor_controller/share/motor_controller/package.bash'
[24.842s] INFO:colcon.colcon_core.shell:Creating package script '/home/ubuntu/dev_ws/install/motor_controller/share/motor_controller/package.zsh'
[24.848s] Level 1:colcon.colcon_core.environment:create_file_with_runtime_dependencies(/home/ubuntu/dev_ws/install/motor_controller/share/colcon-core/packages/motor_controller)
[24.854s] DEBUG:colcon.colcon_parallel_executor.executor.parallel:closing loop
[24.859s] DEBUG:colcon.colcon_parallel_executor.executor.parallel:loop closed
[24.861s] DEBUG:colcon.colcon_parallel_executor.executor.parallel:run_until_complete finished with '0'
[24.863s] DEBUG:colcon.colcon_core.event_reactor:joining thread
[24.969s] INFO:colcon.colcon_core.plugin_system:Skipping extension 'colcon_notification.desktop_notification.terminal_notifier': Not used on non-Darwin systems
[24.970s] INFO:colcon.colcon_core.plugin_system:Skipping extension 'colcon_notification.desktop_notification.win32': Not used on non-Windows systems
[24.971s] INFO:colcon.colcon_notification.desktop_notification:Sending desktop notification using 'notify2'
[24.983s] DEBUG:colcon.colcon_notification.desktop_notification.notify2:Failed to initialize notify2: org.freedesktop.DBus.Error.ServiceUnknown: The name org.freedesktop.Notifications was not provided by any .service files
[24.984s] DEBUG:colcon.colcon_core.event_reactor:joined thread
[24.987s] INFO:colcon.colcon_core.shell:Creating prefix script '/home/ubuntu/dev_ws/install/local_setup.ps1'
[24.999s] INFO:colcon.colcon_core.shell:Creating prefix util module '/home/ubuntu/dev_ws/install/_local_setup_util_ps1.py'
[25.015s] INFO:colcon.colcon_core.shell:Creating prefix chain script '/home/ubuntu/dev_ws/install/setup.ps1'
[25.040s] INFO:colcon.colcon_core.shell:Creating prefix script '/home/ubuntu/dev_ws/install/local_setup.sh'
[25.053s] INFO:colcon.colcon_core.shell:Creating prefix util module '/home/ubuntu/dev_ws/install/_local_setup_util_sh.py'
[25.063s] INFO:colcon.colcon_core.shell:Creating prefix chain script '/home/ubuntu/dev_ws/install/setup.sh'
[25.081s] INFO:colcon.colcon_core.shell:Creating prefix script '/home/ubuntu/dev_ws/install/local_setup.bash'
[25.088s] INFO:colcon.colcon_core.shell:Creating prefix chain script '/home/ubuntu/dev_ws/install/setup.bash'
[25.104s] INFO:colcon.colcon_core.shell:Creating prefix script '/home/ubuntu/dev_ws/install/local_setup.zsh'
[25.112s] INFO:colcon.colcon_core.shell:Creating prefix chain script '/home/ubuntu/dev_ws/install/setup.zsh'
