[2.812s] DEBUG:colcon:Command line arguments: ['/usr/bin/colcon', 'build', '--symlink-install']
[2.814s] DEBUG:colcon:Parsed command line arguments: Namespace(allow_overriding=[], ament_cmake_args=None, base_paths=['.'], build_base='build', catkin_cmake_args=None, catkin_skip_building_tests=False, cmake_args=None, cmake_clean_cache=False, cmake_clean_first=False, cmake_force_configure=False, cmake_target=None, cmake_target_skip_unavailable=False, continue_on_error=False, event_handlers=None, executor='parallel', ignore_user_meta=False, install_base='install', log_base=None, log_level=None, main=<bound method BuildVerb.main of <colcon_core.verb.build.BuildVerb object at 0xffff96d2eaf0>>, merge_install=False, metas=['./colcon.meta'], mixin=None, mixin_files=None, mixin_verb=('build',), packages_above=None, packages_above_and_dependencies=None, packages_above_depth=None, packages_end=None, packages_ignore=None, packages_ignore_regex=None, packages_select=None, packages_select_build_failed=False, packages_select_by_dep=None, packages_select_regex=None, packages_select_test_failures=False, packages_skip=None, packages_skip_build_finished=False, packages_skip_by_dep=None, packages_skip_regex=None, packages_skip_test_passed=False, packages_skip_up_to=None, packages_start=None, packages_up_to=None, packages_up_to_regex=None, parallel_workers=4, paths=None, symlink_install=True, test_result_base=None, verb_extension=<colcon_core.verb.build.BuildVerb object at 0xffff96d2eaf0>, verb_name='build', verb_parser=<colcon_mixin.mixin.mixin_argument.MixinArgumentDecorator object at 0xffff96c99a30>)
[5.356s] Level 1:colcon.colcon_core.package_discovery:discover_packages(colcon_meta) check parameters
[5.358s] Level 1:colcon.colcon_core.package_discovery:discover_packages(recursive) check parameters
[5.358s] Level 1:colcon.colcon_core.package_discovery:discover_packages(ignore) check parameters
[5.359s] Level 1:colcon.colcon_core.package_discovery:discover_packages(path) check parameters
[5.359s] Level 1:colcon.colcon_core.package_discovery:discover_packages(colcon_meta) discover
[5.361s] Level 1:colcon.colcon_core.package_discovery:discover_packages(recursive) discover
[5.362s] INFO:colcon.colcon_core.package_discovery:Crawling recursively for packages in '/home/ubuntu/dev_ws'
[5.365s] Level 1:colcon.colcon_core.package_identification:_identify(.) by extensions ['ignore', 'ignore_ament_install']
[5.366s] Level 1:colcon.colcon_core.package_identification:_identify(.) by extension 'ignore'
[5.368s] Level 1:colcon.colcon_core.package_identification:_identify(.) by extension 'ignore_ament_install'
[5.370s] Level 1:colcon.colcon_core.package_identification:_identify(.) by extensions ['colcon_pkg']
[5.371s] Level 1:colcon.colcon_core.package_identification:_identify(.) by extension 'colcon_pkg'
[5.373s] Level 1:colcon.colcon_core.package_identification:_identify(.) by extensions ['colcon_meta']
[5.374s] Level 1:colcon.colcon_core.package_identification:_identify(.) by extension 'colcon_meta'
[5.376s] Level 1:colcon.colcon_core.package_identification:_identify(.) by extensions ['ros']
[5.377s] Level 1:colcon.colcon_core.package_identification:_identify(.) by extension 'ros'
[5.533s] Level 1:colcon.colcon_core.package_identification:_identify(.) by extensions ['cmake', 'python']
[5.534s] Level 1:colcon.colcon_core.package_identification:_identify(.) by extension 'cmake'
[5.535s] Level 1:colcon.colcon_core.package_identification:_identify(.) by extension 'python'
[5.536s] Level 1:colcon.colcon_core.package_identification:_identify(.) by extensions ['python_setup_py']
[5.536s] Level 1:colcon.colcon_core.package_identification:_identify(.) by extension 'python_setup_py'
[5.538s] Level 1:colcon.colcon_core.package_identification:_identify(build) by extensions ['ignore', 'ignore_ament_install']
[5.539s] Level 1:colcon.colcon_core.package_identification:_identify(build) by extension 'ignore'
[5.540s] Level 1:colcon.colcon_core.package_identification:_identify(build) ignored
[5.542s] Level 1:colcon.colcon_core.package_identification:_identify(install) by extensions ['ignore', 'ignore_ament_install']
[5.543s] Level 1:colcon.colcon_core.package_identification:_identify(install) by extension 'ignore'
[5.544s] Level 1:colcon.colcon_core.package_identification:_identify(install) ignored
[5.548s] Level 1:colcon.colcon_core.package_identification:_identify(log) by extensions ['ignore', 'ignore_ament_install']
[5.549s] Level 1:colcon.colcon_core.package_identification:_identify(log) by extension 'ignore'
[5.549s] Level 1:colcon.colcon_core.package_identification:_identify(log) ignored
[5.553s] Level 1:colcon.colcon_core.package_identification:_identify(pigpio-master) by extensions ['ignore', 'ignore_ament_install']
[5.554s] Level 1:colcon.colcon_core.package_identification:_identify(pigpio-master) by extension 'ignore'
[5.555s] Level 1:colcon.colcon_core.package_identification:_identify(pigpio-master) by extension 'ignore_ament_install'
[5.556s] Level 1:colcon.colcon_core.package_identification:_identify(pigpio-master) by extensions ['colcon_pkg']
[5.557s] Level 1:colcon.colcon_core.package_identification:_identify(pigpio-master) by extension 'colcon_pkg'
[5.559s] Level 1:colcon.colcon_core.package_identification:_identify(pigpio-master) by extensions ['colcon_meta']
[5.559s] Level 1:colcon.colcon_core.package_identification:_identify(pigpio-master) by extension 'colcon_meta'
[5.560s] Level 1:colcon.colcon_core.package_identification:_identify(pigpio-master) by extensions ['ros']
[5.561s] Level 1:colcon.colcon_core.package_identification:_identify(pigpio-master) by extension 'ros'
[5.563s] Level 1:colcon.colcon_core.package_identification:_identify(pigpio-master) by extensions ['cmake', 'python']
[5.563s] Level 1:colcon.colcon_core.package_identification:_identify(pigpio-master) by extension 'cmake'
[5.611s] Level 1:colcon.colcon_core.package_identification:_identify(pigpio-master) by extension 'python'
[5.613s] DEBUG:colcon.colcon_core.package_identification:Package 'pigpio-master' with type 'cmake' and name 'pigpio'
[5.614s] Level 1:colcon.colcon_core.package_identification:_identify(src) by extensions ['ignore', 'ignore_ament_install']
[5.616s] Level 1:colcon.colcon_core.package_identification:_identify(src) by extension 'ignore'
[5.617s] Level 1:colcon.colcon_core.package_identification:_identify(src) by extension 'ignore_ament_install'
[5.618s] Level 1:colcon.colcon_core.package_identification:_identify(src) by extensions ['colcon_pkg']
[5.619s] Level 1:colcon.colcon_core.package_identification:_identify(src) by extension 'colcon_pkg'
[5.619s] Level 1:colcon.colcon_core.package_identification:_identify(src) by extensions ['colcon_meta']
[5.620s] Level 1:colcon.colcon_core.package_identification:_identify(src) by extension 'colcon_meta'
[5.620s] Level 1:colcon.colcon_core.package_identification:_identify(src) by extensions ['ros']
[5.621s] Level 1:colcon.colcon_core.package_identification:_identify(src) by extension 'ros'
[5.622s] Level 1:colcon.colcon_core.package_identification:_identify(src) by extensions ['cmake', 'python']
[5.623s] Level 1:colcon.colcon_core.package_identification:_identify(src) by extension 'cmake'
[5.624s] Level 1:colcon.colcon_core.package_identification:_identify(src) by extension 'python'
[5.624s] Level 1:colcon.colcon_core.package_identification:_identify(src) by extensions ['python_setup_py']
[5.625s] Level 1:colcon.colcon_core.package_identification:_identify(src) by extension 'python_setup_py'
[5.627s] Level 1:colcon.colcon_core.package_identification:_identify(src/build) by extensions ['ignore', 'ignore_ament_install']
[5.628s] Level 1:colcon.colcon_core.package_identification:_identify(src/build) by extension 'ignore'
[5.628s] Level 1:colcon.colcon_core.package_identification:_identify(src/build) ignored
[5.630s] Level 1:colcon.colcon_core.package_identification:_identify(src/install) by extensions ['ignore', 'ignore_ament_install']
[5.632s] Level 1:colcon.colcon_core.package_identification:_identify(src/install) by extension 'ignore'
[5.632s] Level 1:colcon.colcon_core.package_identification:_identify(src/install) ignored
[5.634s] Level 1:colcon.colcon_core.package_identification:_identify(src/log) by extensions ['ignore', 'ignore_ament_install']
[5.635s] Level 1:colcon.colcon_core.package_identification:_identify(src/log) by extension 'ignore'
[5.636s] Level 1:colcon.colcon_core.package_identification:_identify(src/log) ignored
[5.638s] Level 1:colcon.colcon_core.package_identification:_identify(src/motor_controller) by extensions ['ignore', 'ignore_ament_install']
[5.639s] Level 1:colcon.colcon_core.package_identification:_identify(src/motor_controller) by extension 'ignore'
[5.640s] Level 1:colcon.colcon_core.package_identification:_identify(src/motor_controller) by extension 'ignore_ament_install'
[5.642s] Level 1:colcon.colcon_core.package_identification:_identify(src/motor_controller) by extensions ['colcon_pkg']
[5.642s] Level 1:colcon.colcon_core.package_identification:_identify(src/motor_controller) by extension 'colcon_pkg'
[5.643s] Level 1:colcon.colcon_core.package_identification:_identify(src/motor_controller) by extensions ['colcon_meta']
[5.644s] Level 1:colcon.colcon_core.package_identification:_identify(src/motor_controller) by extension 'colcon_meta'
[5.644s] Level 1:colcon.colcon_core.package_identification:_identify(src/motor_controller) by extensions ['ros']
[5.645s] Level 1:colcon.colcon_core.package_identification:_identify(src/motor_controller) by extension 'ros'
[5.674s] DEBUG:colcon.colcon_core.package_identification:Package 'src/motor_controller' with type 'ros.ament_python' and name 'motor_controller'
[5.675s] Level 1:colcon.colcon_core.package_discovery:discover_packages(recursive) using defaults
[5.676s] Level 1:colcon.colcon_core.package_discovery:discover_packages(ignore) discover
[5.676s] Level 1:colcon.colcon_core.package_discovery:discover_packages(ignore) using defaults
[5.677s] Level 1:colcon.colcon_core.package_discovery:discover_packages(path) discover
[5.677s] Level 1:colcon.colcon_core.package_discovery:discover_packages(path) using defaults
[5.882s] Level 1:colcon.colcon_core.package_discovery:discover_packages(prefix_path) check parameters
[5.883s] Level 1:colcon.colcon_core.package_discovery:discover_packages(prefix_path) discover
[5.909s] DEBUG:colcon.colcon_installed_package_information.package_discovery:Found 4 installed packages in /home/ubuntu/dev_ws/install
[5.934s] DEBUG:colcon.colcon_installed_package_information.package_discovery:Found 255 installed packages in /opt/ros/foxy
[5.967s] Level 1:colcon.colcon_core.package_discovery:discover_packages(prefix_path) using defaults
[7.133s] Level 5:colcon.colcon_core.verb:set package 'motor_controller' build argument 'cmake_args' from command line to 'None'
[7.134s] Level 5:colcon.colcon_core.verb:set package 'motor_controller' build argument 'cmake_target' from command line to 'None'
[7.134s] Level 5:colcon.colcon_core.verb:set package 'motor_controller' build argument 'cmake_target_skip_unavailable' from command line to 'False'
[7.134s] Level 5:colcon.colcon_core.verb:set package 'motor_controller' build argument 'cmake_clean_cache' from command line to 'False'
[7.135s] Level 5:colcon.colcon_core.verb:set package 'motor_controller' build argument 'cmake_clean_first' from command line to 'False'
[7.135s] Level 5:colcon.colcon_core.verb:set package 'motor_controller' build argument 'cmake_force_configure' from command line to 'False'
[7.135s] Level 5:colcon.colcon_core.verb:set package 'motor_controller' build argument 'ament_cmake_args' from command line to 'None'
[7.136s] Level 5:colcon.colcon_core.verb:set package 'motor_controller' build argument 'catkin_cmake_args' from command line to 'None'
[7.136s] Level 5:colcon.colcon_core.verb:set package 'motor_controller' build argument 'catkin_skip_building_tests' from command line to 'False'
[7.136s] DEBUG:colcon.colcon_core.verb:Building package 'motor_controller' with the following arguments: {'ament_cmake_args': None, 'build_base': '/home/ubuntu/dev_ws/build/motor_controller', 'catkin_cmake_args': None, 'catkin_skip_building_tests': False, 'cmake_args': None, 'cmake_clean_cache': False, 'cmake_clean_first': False, 'cmake_force_configure': False, 'cmake_target': None, 'cmake_target_skip_unavailable': False, 'install_base': '/home/ubuntu/dev_ws/install/motor_controller', 'merge_install': False, 'path': '/home/ubuntu/dev_ws/src/motor_controller', 'symlink_install': True, 'test_result_base': None}
[7.141s] Level 5:colcon.colcon_core.verb:set package 'pigpio' build argument 'cmake_args' from command line to 'None'
[7.142s] Level 5:colcon.colcon_core.verb:set package 'pigpio' build argument 'cmake_target' from command line to 'None'
[7.142s] Level 5:colcon.colcon_core.verb:set package 'pigpio' build argument 'cmake_target_skip_unavailable' from command line to 'False'
[7.142s] Level 5:colcon.colcon_core.verb:set package 'pigpio' build argument 'cmake_clean_cache' from command line to 'False'
[7.143s] Level 5:colcon.colcon_core.verb:set package 'pigpio' build argument 'cmake_clean_first' from command line to 'False'
[7.143s] Level 5:colcon.colcon_core.verb:set package 'pigpio' build argument 'cmake_force_configure' from command line to 'False'
[7.144s] Level 5:colcon.colcon_core.verb:set package 'pigpio' build argument 'ament_cmake_args' from command line to 'None'
[7.144s] Level 5:colcon.colcon_core.verb:set package 'pigpio' build argument 'catkin_cmake_args' from command line to 'None'
[7.145s] Level 5:colcon.colcon_core.verb:set package 'pigpio' build argument 'catkin_skip_building_tests' from command line to 'False'
[7.145s] DEBUG:colcon.colcon_core.verb:Building package 'pigpio' with the following arguments: {'ament_cmake_args': None, 'build_base': '/home/ubuntu/dev_ws/build/pigpio', 'catkin_cmake_args': None, 'catkin_skip_building_tests': False, 'cmake_args': None, 'cmake_clean_cache': False, 'cmake_clean_first': False, 'cmake_force_configure': False, 'cmake_target': None, 'cmake_target_skip_unavailable': False, 'install_base': '/home/ubuntu/dev_ws/install/pigpio', 'merge_install': False, 'path': '/home/ubuntu/dev_ws/pigpio-master', 'symlink_install': True, 'test_result_base': None}
[7.147s] INFO:colcon.colcon_core.executor:Executing jobs using 'parallel' executor
[7.156s] DEBUG:colcon.colcon_parallel_executor.executor.parallel:run_until_complete
[7.159s] INFO:colcon.colcon_ros.task.ament_python.build:Building ROS package in '/home/ubuntu/dev_ws/src/motor_controller' with build type 'ament_python'
[7.161s] Level 1:colcon.colcon_core.shell:create_environment_hook('motor_controller', 'ament_prefix_path')
[7.184s] INFO:colcon.colcon_core.plugin_system:Skipping extension 'colcon_core.shell.bat': Not used on non-Windows systems
[7.187s] INFO:colcon.colcon_core.shell:Creating environment hook '/home/ubuntu/dev_ws/install/motor_controller/share/motor_controller/hook/ament_prefix_path.ps1'
[7.194s] INFO:colcon.colcon_core.shell:Creating environment descriptor '/home/ubuntu/dev_ws/install/motor_controller/share/motor_controller/hook/ament_prefix_path.dsv'
[7.201s] INFO:colcon.colcon_core.shell:Creating environment hook '/home/ubuntu/dev_ws/install/motor_controller/share/motor_controller/hook/ament_prefix_path.sh'
[7.209s] INFO:colcon.colcon_core.shell:Skip shell extension 'powershell' for command environment: Not usable outside of PowerShell
[7.210s] DEBUG:colcon.colcon_core.shell:Skip shell extension 'dsv' for command environment
[7.272s] INFO:colcon.colcon_cmake.task.cmake.build:Building CMake package in '/home/ubuntu/dev_ws/pigpio-master'
[7.276s] INFO:colcon.colcon_core.shell:Skip shell extension 'powershell' for command environment: Not usable outside of PowerShell
[7.278s] DEBUG:colcon.colcon_core.shell:Skip shell extension 'dsv' for command environment
[11.020s] INFO:colcon.colcon_core.task.python.build:Building Python package in '/home/ubuntu/dev_ws/src/motor_controller'
[11.024s] INFO:colcon.colcon_core.shell:Skip shell extension 'powershell' for command environment: Not usable outside of PowerShell
[11.025s] DEBUG:colcon.colcon_core.shell:Skip shell extension 'dsv' for command environment
[11.153s] DEBUG:colcon.colcon_core.event_handler.log_command:Invoking command in '/home/ubuntu/dev_ws/build/pigpio': /usr/bin/cmake --build /home/ubuntu/dev_ws/build/pigpio -- -j4 -l4
[15.670s] DEBUG:colcon.colcon_core.event_handler.log_command:Invoked command in '/home/ubuntu/dev_ws/build/pigpio' returned '0': /usr/bin/cmake --build /home/ubuntu/dev_ws/build/pigpio -- -j4 -l4
[16.662s] DEBUG:colcon.colcon_core.event_handler.log_command:Invoking command in '/home/ubuntu/dev_ws/build/pigpio': /usr/bin/cmake --install /home/ubuntu/dev_ws/build/pigpio
[18.122s] Level 1:colcon.colcon_core.environment:create_environment_scripts_only(pigpio)
[18.129s] DEBUG:colcon.colcon_core.event_handler.log_command:Invoked command in '/home/ubuntu/dev_ws/build/pigpio' returned '0': /usr/bin/cmake --install /home/ubuntu/dev_ws/build/pigpio
[18.201s] Level 1:colcon.colcon_core.environment:checking '/home/ubuntu/dev_ws/install/pigpio' for CMake module files
[18.210s] Level 1:colcon.colcon_core.environment:checking '/home/ubuntu/dev_ws/install/pigpio' for CMake config files
[18.217s] Level 1:colcon.colcon_core.shell:create_environment_hook('pigpio', 'cmake_prefix_path')
[18.221s] INFO:colcon.colcon_core.shell:Creating environment hook '/home/ubuntu/dev_ws/install/pigpio/share/pigpio/hook/cmake_prefix_path.ps1'
[18.227s] INFO:colcon.colcon_core.shell:Creating environment descriptor '/home/ubuntu/dev_ws/install/pigpio/share/pigpio/hook/cmake_prefix_path.dsv'
[18.233s] INFO:colcon.colcon_core.shell:Creating environment hook '/home/ubuntu/dev_ws/install/pigpio/share/pigpio/hook/cmake_prefix_path.sh'
[18.242s] Level 1:colcon.colcon_core.environment:checking '/home/ubuntu/dev_ws/install/pigpio/lib'
[18.244s] Level 1:colcon.colcon_core.shell:create_environment_hook('pigpio', 'ld_library_path_lib')
[18.247s] INFO:colcon.colcon_core.shell:Creating environment hook '/home/ubuntu/dev_ws/install/pigpio/share/pigpio/hook/ld_library_path_lib.ps1'
[18.253s] INFO:colcon.colcon_core.shell:Creating environment descriptor '/home/ubuntu/dev_ws/install/pigpio/share/pigpio/hook/ld_library_path_lib.dsv'
[18.259s] INFO:colcon.colcon_core.shell:Creating environment hook '/home/ubuntu/dev_ws/install/pigpio/share/pigpio/hook/ld_library_path_lib.sh'
[18.266s] Level 1:colcon.colcon_core.environment:checking '/home/ubuntu/dev_ws/install/pigpio/bin'
[18.271s] Level 1:colcon.colcon_core.shell:create_environment_hook('pigpio', 'path')
[18.274s] INFO:colcon.colcon_core.shell:Creating environment hook '/home/ubuntu/dev_ws/install/pigpio/share/pigpio/hook/path.ps1'
[18.282s] INFO:colcon.colcon_core.shell:Creating environment descriptor '/home/ubuntu/dev_ws/install/pigpio/share/pigpio/hook/path.dsv'
[18.296s] INFO:colcon.colcon_core.shell:Creating environment hook '/home/ubuntu/dev_ws/install/pigpio/share/pigpio/hook/path.sh'
[18.305s] Level 1:colcon.colcon_core.environment:checking '/home/ubuntu/dev_ws/install/pigpio/lib/pkgconfig/pigpio.pc'
[18.308s] Level 1:colcon.colcon_core.environment:checking '/home/ubuntu/dev_ws/install/pigpio/lib/python3.8/site-packages'
[18.311s] Level 1:colcon.colcon_core.environment:checking '/home/ubuntu/dev_ws/install/pigpio/bin'
[18.313s] Level 1:colcon.colcon_core.shell:create_environment_hook('pigpio', 'pythonscriptspath')
[18.317s] INFO:colcon.colcon_core.shell:Creating environment hook '/home/ubuntu/dev_ws/install/pigpio/share/pigpio/hook/pythonscriptspath.ps1'
[18.325s] INFO:colcon.colcon_core.shell:Creating environment descriptor '/home/ubuntu/dev_ws/install/pigpio/share/pigpio/hook/pythonscriptspath.dsv'
[18.331s] INFO:colcon.colcon_core.shell:Creating environment hook '/home/ubuntu/dev_ws/install/pigpio/share/pigpio/hook/pythonscriptspath.sh'
[18.350s] INFO:colcon.colcon_core.shell:Creating package script '/home/ubuntu/dev_ws/install/pigpio/share/pigpio/package.ps1'
[18.366s] INFO:colcon.colcon_core.shell:Creating package descriptor '/home/ubuntu/dev_ws/install/pigpio/share/pigpio/package.dsv'
[18.381s] INFO:colcon.colcon_core.shell:Creating package script '/home/ubuntu/dev_ws/install/pigpio/share/pigpio/package.sh'
[18.397s] INFO:colcon.colcon_core.shell:Creating package script '/home/ubuntu/dev_ws/install/pigpio/share/pigpio/package.bash'
[18.413s] INFO:colcon.colcon_core.shell:Creating package script '/home/ubuntu/dev_ws/install/pigpio/share/pigpio/package.zsh'
[18.425s] Level 1:colcon.colcon_core.environment:create_file_with_runtime_dependencies(/home/ubuntu/dev_ws/install/pigpio/share/colcon-core/packages/pigpio)
[18.462s] DEBUG:colcon.colcon_core.event_handler.log_command:Invoking command in '/home/ubuntu/dev_ws/build/motor_controller': PYTHONPATH=/home/ubuntu/dev_ws/build/motor_controller/prefix_override:/usr/lib/python3/dist-packages/colcon_core/task/python/colcon_distutils_commands:/home/ubuntu/dev_ws/install/motor_controller/lib/python3.8/site-packages:${PYTHONPATH} /usr/bin/python3 -W ignore:setup.py install is deprecated setup.py develop --editable --build-directory /home/ubuntu/dev_ws/build/motor_controller/build --no-deps symlink_data
[29.667s] Level 1:colcon.colcon_core.shell:create_environment_hook('motor_controller', 'pythonpath_develop')
[29.671s] DEBUG:colcon.colcon_core.event_handler.log_command:Invoked command in '/home/ubuntu/dev_ws/build/motor_controller' returned '0': PYTHONPATH=/home/ubuntu/dev_ws/build/motor_controller/prefix_override:/usr/lib/python3/dist-packages/colcon_core/task/python/colcon_distutils_commands:/home/ubuntu/dev_ws/install/motor_controller/lib/python3.8/site-packages:${PYTHONPATH} /usr/bin/python3 -W ignore:setup.py install is deprecated setup.py develop --editable --build-directory /home/ubuntu/dev_ws/build/motor_controller/build --no-deps symlink_data
[29.677s] INFO:colcon.colcon_core.shell:Creating environment hook '/home/ubuntu/dev_ws/build/motor_controller/share/motor_controller/hook/pythonpath_develop.ps1'
[29.697s] INFO:colcon.colcon_core.shell:Creating environment descriptor '/home/ubuntu/dev_ws/build/motor_controller/share/motor_controller/hook/pythonpath_develop.dsv'
[29.715s] INFO:colcon.colcon_core.shell:Creating environment hook '/home/ubuntu/dev_ws/build/motor_controller/share/motor_controller/hook/pythonpath_develop.sh'
[29.753s] Level 1:colcon.colcon_core.environment:checking '/home/ubuntu/dev_ws/install/motor_controller' for CMake module files
[29.776s] Level 1:colcon.colcon_core.environment:checking '/home/ubuntu/dev_ws/install/motor_controller' for CMake config files
[29.795s] Level 1:colcon.colcon_core.environment:checking '/home/ubuntu/dev_ws/install/motor_controller/lib'
[29.796s] Level 1:colcon.colcon_core.environment:checking '/home/ubuntu/dev_ws/install/motor_controller/bin'
[29.798s] Level 1:colcon.colcon_core.environment:checking '/home/ubuntu/dev_ws/install/motor_controller/lib/pkgconfig/motor_controller.pc'
[29.800s] Level 1:colcon.colcon_core.environment:checking '/home/ubuntu/dev_ws/install/motor_controller/lib/python3.8/site-packages'
[29.802s] Level 1:colcon.colcon_core.shell:create_environment_hook('motor_controller', 'pythonpath')
[29.808s] INFO:colcon.colcon_core.shell:Creating environment hook '/home/ubuntu/dev_ws/install/motor_controller/share/motor_controller/hook/pythonpath.ps1'
[29.817s] INFO:colcon.colcon_core.shell:Creating environment descriptor '/home/ubuntu/dev_ws/install/motor_controller/share/motor_controller/hook/pythonpath.dsv'
[29.822s] INFO:colcon.colcon_core.shell:Creating environment hook '/home/ubuntu/dev_ws/install/motor_controller/share/motor_controller/hook/pythonpath.sh'
[29.838s] Level 1:colcon.colcon_core.environment:checking '/home/ubuntu/dev_ws/install/motor_controller/bin'
[29.840s] Level 1:colcon.colcon_core.environment:create_environment_scripts_only(motor_controller)
[29.845s] INFO:colcon.colcon_core.shell:Creating package script '/home/ubuntu/dev_ws/install/motor_controller/share/motor_controller/package.ps1'
[29.853s] INFO:colcon.colcon_core.shell:Creating package descriptor '/home/ubuntu/dev_ws/install/motor_controller/share/motor_controller/package.dsv'
[29.861s] INFO:colcon.colcon_core.shell:Creating package script '/home/ubuntu/dev_ws/install/motor_controller/share/motor_controller/package.sh'
[29.873s] INFO:colcon.colcon_core.shell:Creating package script '/home/ubuntu/dev_ws/install/motor_controller/share/motor_controller/package.bash'
[29.880s] INFO:colcon.colcon_core.shell:Creating package script '/home/ubuntu/dev_ws/install/motor_controller/share/motor_controller/package.zsh'
[29.886s] Level 1:colcon.colcon_core.environment:create_file_with_runtime_dependencies(/home/ubuntu/dev_ws/install/motor_controller/share/colcon-core/packages/motor_controller)
[29.898s] DEBUG:colcon.colcon_parallel_executor.executor.parallel:closing loop
[29.901s] DEBUG:colcon.colcon_parallel_executor.executor.parallel:loop closed
[29.902s] DEBUG:colcon.colcon_parallel_executor.executor.parallel:run_until_complete finished with '0'
[29.903s] DEBUG:colcon.colcon_core.event_reactor:joining thread
[29.976s] INFO:colcon.colcon_core.plugin_system:Skipping extension 'colcon_notification.desktop_notification.terminal_notifier': Not used on non-Darwin systems
[29.977s] INFO:colcon.colcon_core.plugin_system:Skipping extension 'colcon_notification.desktop_notification.win32': Not used on non-Windows systems
[29.978s] INFO:colcon.colcon_notification.desktop_notification:Sending desktop notification using 'notify2'
[29.993s] DEBUG:colcon.colcon_notification.desktop_notification.notify2:Failed to initialize notify2: org.freedesktop.DBus.Error.ServiceUnknown: The name org.freedesktop.Notifications was not provided by any .service files
[29.994s] DEBUG:colcon.colcon_core.event_reactor:joined thread
[30.000s] INFO:colcon.colcon_core.shell:Creating prefix script '/home/ubuntu/dev_ws/install/local_setup.ps1'
[30.015s] INFO:colcon.colcon_core.shell:Creating prefix util module '/home/ubuntu/dev_ws/install/_local_setup_util_ps1.py'
[30.045s] INFO:colcon.colcon_core.shell:Creating prefix chain script '/home/ubuntu/dev_ws/install/setup.ps1'
[30.067s] INFO:colcon.colcon_core.shell:Creating prefix script '/home/ubuntu/dev_ws/install/local_setup.sh'
[30.090s] INFO:colcon.colcon_core.shell:Creating prefix util module '/home/ubuntu/dev_ws/install/_local_setup_util_sh.py'
[30.102s] INFO:colcon.colcon_core.shell:Creating prefix chain script '/home/ubuntu/dev_ws/install/setup.sh'
[30.122s] INFO:colcon.colcon_core.shell:Creating prefix script '/home/ubuntu/dev_ws/install/local_setup.bash'
[30.135s] INFO:colcon.colcon_core.shell:Creating prefix chain script '/home/ubuntu/dev_ws/install/setup.bash'
[30.157s] INFO:colcon.colcon_core.shell:Creating prefix script '/home/ubuntu/dev_ws/install/local_setup.zsh'
[30.168s] INFO:colcon.colcon_core.shell:Creating prefix chain script '/home/ubuntu/dev_ws/install/setup.zsh'
