[3.749s] Invoking command in '/home/ubuntu/dev_ws/build/pigpio': /usr/bin/cmake --build /home/ubuntu/dev_ws/build/pigpio -- -j4 -l4
[4.458s] [ 13%] Built target pigpio
[4.751s] [ 26%] Built target pigs
[5.051s] [ 39%] Built target pig2vcd
[5.491s] [ 47%] Built target pigpiod
[5.907s] [ 56%] Built target x_pigpio
[6.287s] [ 69%] Built target pigpiod_if2
[6.608s] [ 82%] Built target pigpiod_if
[7.133s] [ 91%] Built target x_pigpiod_if2
[7.884s] [100%] Built target x_pigpiod_if
[8.165s] Invoked command in '/home/ubuntu/dev_ws/build/pigpio' returned '0': /usr/bin/cmake --build /home/ubuntu/dev_ws/build/pigpio -- -j4 -l4
[9.046s] Invoking command in '/home/ubuntu/dev_ws/build/pigpio': /usr/bin/cmake --install /home/ubuntu/dev_ws/build/pigpio
[9.131s] -- Install configuration: ""
[9.137s] -- Installing: /home/ubuntu/dev_ws/install/pigpio/lib/libpigpio.so
[9.155s] -- Installing: /home/ubuntu/dev_ws/install/pigpio/lib/libpigpiod_if.so
[9.159s] -- Installing: /home/ubuntu/dev_ws/install/pigpio/lib/libpigpiod_if2.so
[9.168s] -- Installing: /home/ubuntu/dev_ws/install/pigpio/bin/pig2vcd
[9.172s] -- Installing: /home/ubuntu/dev_ws/install/pigpio/bin/pigpiod
[9.179s] -- Set runtime path of "/home/ubuntu/dev_ws/install/pigpio/bin/pigpiod" to ""
[9.181s] -- Installing: /home/ubuntu/dev_ws/install/pigpio/bin/pigs
[9.187s] -- Installing: /home/ubuntu/dev_ws/install/pigpio/lib/cmake/pigpio/pigpioTargets.cmake
[9.198s] -- Installing: /home/ubuntu/dev_ws/install/pigpio/lib/cmake/pigpio/pigpioTargets-noconfig.cmake
[9.204s] -- Installing: /home/ubuntu/dev_ws/install/pigpio/lib/cmake/pigpio/pigpioConfig.cmake
[9.207s] -- Installing: /home/ubuntu/dev_ws/install/pigpio/lib/cmake/pigpio/pigpioConfigVersion.cmake
[9.210s] -- Installing: /home/ubuntu/dev_ws/install/pigpio/include/pigpio.h
[9.224s] -- Installing: /home/ubuntu/dev_ws/install/pigpio/include/pigpiod_if.h
[9.225s] -- Installing: /home/ubuntu/dev_ws/install/pigpio/include/pigpiod_if2.h
[9.230s] -- Installing: /home/ubuntu/dev_ws/install/pigpio/man/man1/libpigpio.so.1
[9.244s] -- Installing: /home/ubuntu/dev_ws/install/pigpio/man/man1/libpigpiod_if.so.1
[9.253s] -- Installing: /home/ubuntu/dev_ws/install/pigpio/man/man1/libpigpiod_if2.so.1
[9.266s] -- Installing: /home/ubuntu/dev_ws/install/pigpio/man/man1/pig2vcd.1
[9.273s] -- Installing: /home/ubuntu/dev_ws/install/pigpio/man/man1/pigpiod.1
[9.278s] -- Installing: /home/ubuntu/dev_ws/install/pigpio/man/man1/pigs.1
[9.291s] -- Installing: /home/ubuntu/dev_ws/install/pigpio/man/man3/pigpio.3
[9.305s] -- Installing: /home/ubuntu/dev_ws/install/pigpio/man/man3/pigpiod_if.3
[9.307s] -- Installing: /home/ubuntu/dev_ws/install/pigpio/man/man3/pigpiod_if2.3
[9.851s] running install
[9.869s] running build
[9.870s] running build_py
[9.887s] creating build
[9.893s] creating build/lib
[9.901s] copying /home/ubuntu/dev_ws/pigpio-master/pigpio.py -> build/lib
[9.942s] running install_lib
[10.010s] running install_egg_info
[10.035s] Writing /usr/local/lib/python3.8/dist-packages/pigpio-1.44.egg-info
[10.048s] error: [Errno 13] Permission denied: '/usr/local/lib/python3.8/dist-packages/pigpio-1.44.egg-info'
[10.146s] Invoked command in '/home/ubuntu/dev_ws/build/pigpio' returned '0': /usr/bin/cmake --install /home/ubuntu/dev_ws/build/pigpio
