[9.496s] Invoking command in '/home/ubuntu/dev_ws/build/motor_controller': PYTHONPATH=/home/ubuntu/dev_ws/build/motor_controller/prefix_override:/usr/lib/python3/dist-packages/colcon_core/task/python/colcon_distutils_commands:/home/ubuntu/dev_ws/install/motor_controller/lib/python3.8/site-packages:${PYTHONPATH} /usr/bin/python3 -W ignore:setup.py install is deprecated setup.py develop --editable --build-directory /home/ubuntu/dev_ws/build/motor_controller/build --no-deps symlink_data
[12.725s] running develop
[14.871s] running egg_info
[14.873s] writing motor_controller.egg-info/PKG-INFO
[14.875s] writing dependency_links to motor_controller.egg-info/dependency_links.txt
[14.877s] writing entry points to motor_controller.egg-info/entry_points.txt
[14.879s] writing requirements to motor_controller.egg-info/requires.txt
[14.880s] writing top-level names to motor_controller.egg-info/top_level.txt
[15.266s] reading manifest file 'motor_controller.egg-info/SOURCES.txt'
[15.276s] writing manifest file 'motor_controller.egg-info/SOURCES.txt'
[15.749s] running build_ext
[15.754s] Creating /home/ubuntu/dev_ws/install/motor_controller/lib/python3.8/site-packages/motor-controller.egg-link (link to .)
[15.775s] Installing controller script to /home/ubuntu/dev_ws/install/motor_controller/lib/motor_controller
[15.776s] Installing estop script to /home/ubuntu/dev_ws/install/motor_controller/lib/motor_controller
[15.778s] Installing relay script to /home/ubuntu/dev_ws/install/motor_controller/lib/motor_controller
[15.779s] Installing salter script to /home/ubuntu/dev_ws/install/motor_controller/lib/motor_controller
[15.783s] 
[15.787s] Installed /home/ubuntu/dev_ws/build/motor_controller
[15.790s] running symlink_data
[16.068s] Invoked command in '/home/ubuntu/dev_ws/build/motor_controller' returned '0': PYTHONPATH=/home/ubuntu/dev_ws/build/motor_controller/prefix_override:/usr/lib/python3/dist-packages/colcon_core/task/python/colcon_distutils_commands:/home/ubuntu/dev_ws/install/motor_controller/lib/python3.8/site-packages:${PYTHONPATH} /usr/bin/python3 -W ignore:setup.py install is deprecated setup.py develop --editable --build-directory /home/ubuntu/dev_ws/build/motor_controller/build --no-deps symlink_data
