[4.016s] Invoking command in '/home/ubuntu/dev_ws/src/motor_controller': PYTHONPATH=/home/ubuntu/dev_ws/build/motor_controller/prefix_override:/usr/lib/python3/dist-packages/colcon_core/task/python/colcon_distutils_commands:/home/ubuntu/dev_ws/install/motor_controller/lib/python3.8/site-packages:${PYTHONPATH} /usr/bin/python3 -W ignore:setup.py install is deprecated setup.py egg_info --egg-base ../../build/motor_controller build --build-base /home/ubuntu/dev_ws/build/motor_controller/build install --record /home/ubuntu/dev_ws/build/motor_controller/install.log --install-scripts $base/lib/motor_controller --single-version-externally-managed install_data
[5.556s] running egg_info
[5.559s] creating ../../build/motor_controller/motor_controller.egg-info
[5.559s] writing ../../build/motor_controller/motor_controller.egg-info/PKG-INFO
[5.560s] writing dependency_links to ../../build/motor_controller/motor_controller.egg-info/dependency_links.txt
[5.561s] writing entry points to ../../build/motor_controller/motor_controller.egg-info/entry_points.txt
[5.562s] writing requirements to ../../build/motor_controller/motor_controller.egg-info/requires.txt
[5.562s] writing top-level names to ../../build/motor_controller/motor_controller.egg-info/top_level.txt
[5.568s] writing manifest file '../../build/motor_controller/motor_controller.egg-info/SOURCES.txt'
[5.720s] reading manifest file '../../build/motor_controller/motor_controller.egg-info/SOURCES.txt'
[5.724s] writing manifest file '../../build/motor_controller/motor_controller.egg-info/SOURCES.txt'
[5.724s] running build
[5.725s] running build_py
[5.726s] creating /home/ubuntu/dev_ws/build/motor_controller/build
[5.726s] creating /home/ubuntu/dev_ws/build/motor_controller/build/lib
[5.727s] creating /home/ubuntu/dev_ws/build/motor_controller/build/lib/motor_controller
[5.727s] copying motor_controller/motor_driver.py -> /home/ubuntu/dev_ws/build/motor_controller/build/lib/motor_controller
[5.728s] copying motor_controller/__init__.py -> /home/ubuntu/dev_ws/build/motor_controller/build/lib/motor_controller
[5.728s] running install
[5.732s] running install_lib
[5.736s] creating /home/ubuntu/dev_ws/install/motor_controller/lib/python3.8/site-packages/motor_controller
[5.737s] copying /home/ubuntu/dev_ws/build/motor_controller/build/lib/motor_controller/motor_driver.py -> /home/ubuntu/dev_ws/install/motor_controller/lib/python3.8/site-packages/motor_controller
[5.737s] copying /home/ubuntu/dev_ws/build/motor_controller/build/lib/motor_controller/__init__.py -> /home/ubuntu/dev_ws/install/motor_controller/lib/python3.8/site-packages/motor_controller
[5.740s] byte-compiling /home/ubuntu/dev_ws/install/motor_controller/lib/python3.8/site-packages/motor_controller/motor_driver.py to motor_driver.cpython-38.pyc
[5.746s] byte-compiling /home/ubuntu/dev_ws/install/motor_controller/lib/python3.8/site-packages/motor_controller/__init__.py to __init__.cpython-38.pyc
[5.747s] running install_data
[5.748s] creating /home/ubuntu/dev_ws/install/motor_controller/share/ament_index
[5.748s] creating /home/ubuntu/dev_ws/install/motor_controller/share/ament_index/resource_index
[5.749s] creating /home/ubuntu/dev_ws/install/motor_controller/share/ament_index/resource_index/packages
[5.749s] copying resource/motor_controller -> /home/ubuntu/dev_ws/install/motor_controller/share/ament_index/resource_index/packages
[5.750s] copying package.xml -> /home/ubuntu/dev_ws/install/motor_controller/share/motor_controller
[5.750s] running install_egg_info
[5.758s] Copying ../../build/motor_controller/motor_controller.egg-info to /home/ubuntu/dev_ws/install/motor_controller/lib/python3.8/site-packages/motor_controller-0.0.0-py3.8.egg-info
[5.763s] running install_scripts
[5.837s] writing list of installed files to '/home/ubuntu/dev_ws/build/motor_controller/install.log'
[5.942s] Invoked command in '/home/ubuntu/dev_ws/src/motor_controller' returned '0': PYTHONPATH=/home/ubuntu/dev_ws/build/motor_controller/prefix_override:/usr/lib/python3/dist-packages/colcon_core/task/python/colcon_distutils_commands:/home/ubuntu/dev_ws/install/motor_controller/lib/python3.8/site-packages:${PYTHONPATH} /usr/bin/python3 -W ignore:setup.py install is deprecated setup.py egg_info --egg-base ../../build/motor_controller build --build-base /home/ubuntu/dev_ws/build/motor_controller/build install --record /home/ubuntu/dev_ws/build/motor_controller/install.log --install-scripts $base/lib/motor_controller --single-version-externally-managed install_data
