[2.620s] DEBUG:colcon:Command line arguments: ['/usr/bin/colcon', 'build', '--symlink-install']
[2.621s] DEBUG:colcon:Parsed command line arguments: Namespace(allow_overriding=[], ament_cmake_args=None, base_paths=['.'], build_base='build', catkin_cmake_args=None, catkin_skip_building_tests=False, cmake_args=None, cmake_clean_cache=False, cmake_clean_first=False, cmake_force_configure=False, cmake_target=None, cmake_target_skip_unavailable=False, continue_on_error=False, event_handlers=None, executor='parallel', ignore_user_meta=False, install_base='install', log_base=None, log_level=None, main=<bound method BuildVerb.main of <colcon_core.verb.build.BuildVerb object at 0xffff94028af0>>, merge_install=False, metas=['./colcon.meta'], mixin=None, mixin_files=None, mixin_verb=('build',), packages_above=None, packages_above_and_dependencies=None, packages_above_depth=None, packages_end=None, packages_ignore=None, packages_ignore_regex=None, packages_select=None, packages_select_build_failed=False, packages_select_by_dep=None, packages_select_regex=None, packages_select_test_failures=False, packages_skip=None, packages_skip_build_finished=False, packages_skip_by_dep=None, packages_skip_regex=None, packages_skip_test_passed=False, packages_skip_up_to=None, packages_start=None, packages_up_to=None, packages_up_to_regex=None, parallel_workers=4, paths=None, symlink_install=True, test_result_base=None, verb_extension=<colcon_core.verb.build.BuildVerb object at 0xffff94028af0>, verb_name='build', verb_parser=<colcon_mixin.mixin.mixin_argument.MixinArgumentDecorator object at 0xffff93f93a30>)
[5.058s] Level 1:colcon.colcon_core.package_discovery:discover_packages(colcon_meta) check parameters
[5.059s] Level 1:colcon.colcon_core.package_discovery:discover_packages(recursive) check parameters
[5.060s] Level 1:colcon.colcon_core.package_discovery:discover_packages(ignore) check parameters
[5.060s] Level 1:colcon.colcon_core.package_discovery:discover_packages(path) check parameters
[5.061s] Level 1:colcon.colcon_core.package_discovery:discover_packages(colcon_meta) discover
[5.062s] Level 1:colcon.colcon_core.package_discovery:discover_packages(recursive) discover
[5.063s] INFO:colcon.colcon_core.package_discovery:Crawling recursively for packages in '/home/ubuntu/dev_ws'
[5.065s] Level 1:colcon.colcon_core.package_identification:_identify(.) by extensions ['ignore', 'ignore_ament_install']
[5.067s] Level 1:colcon.colcon_core.package_identification:_identify(.) by extension 'ignore'
[5.068s] Level 1:colcon.colcon_core.package_identification:_identify(.) by extension 'ignore_ament_install'
[5.069s] Level 1:colcon.colcon_core.package_identification:_identify(.) by extensions ['colcon_pkg']
[5.070s] Level 1:colcon.colcon_core.package_identification:_identify(.) by extension 'colcon_pkg'
[5.072s] Level 1:colcon.colcon_core.package_identification:_identify(.) by extensions ['colcon_meta']
[5.072s] Level 1:colcon.colcon_core.package_identification:_identify(.) by extension 'colcon_meta'
[5.073s] Level 1:colcon.colcon_core.package_identification:_identify(.) by extensions ['ros']
[5.074s] Level 1:colcon.colcon_core.package_identification:_identify(.) by extension 'ros'
[5.225s] Level 1:colcon.colcon_core.package_identification:_identify(.) by extensions ['cmake', 'python']
[5.226s] Level 1:colcon.colcon_core.package_identification:_identify(.) by extension 'cmake'
[5.228s] Level 1:colcon.colcon_core.package_identification:_identify(.) by extension 'python'
[5.228s] Level 1:colcon.colcon_core.package_identification:_identify(.) by extensions ['python_setup_py']
[5.229s] Level 1:colcon.colcon_core.package_identification:_identify(.) by extension 'python_setup_py'
[5.230s] Level 1:colcon.colcon_core.package_identification:_identify(build) by extensions ['ignore', 'ignore_ament_install']
[5.231s] Level 1:colcon.colcon_core.package_identification:_identify(build) by extension 'ignore'
[5.232s] Level 1:colcon.colcon_core.package_identification:_identify(build) ignored
[5.234s] Level 1:colcon.colcon_core.package_identification:_identify(install) by extensions ['ignore', 'ignore_ament_install']
[5.235s] Level 1:colcon.colcon_core.package_identification:_identify(install) by extension 'ignore'
[5.236s] Level 1:colcon.colcon_core.package_identification:_identify(install) ignored
[5.240s] Level 1:colcon.colcon_core.package_identification:_identify(log) by extensions ['ignore', 'ignore_ament_install']
[5.242s] Level 1:colcon.colcon_core.package_identification:_identify(log) by extension 'ignore'
[5.243s] Level 1:colcon.colcon_core.package_identification:_identify(log) ignored
[5.247s] Level 1:colcon.colcon_core.package_identification:_identify(pigpio-master) by extensions ['ignore', 'ignore_ament_install']
[5.249s] Level 1:colcon.colcon_core.package_identification:_identify(pigpio-master) by extension 'ignore'
[5.250s] Level 1:colcon.colcon_core.package_identification:_identify(pigpio-master) by extension 'ignore_ament_install'
[5.251s] Level 1:colcon.colcon_core.package_identification:_identify(pigpio-master) by extensions ['colcon_pkg']
[5.252s] Level 1:colcon.colcon_core.package_identification:_identify(pigpio-master) by extension 'colcon_pkg'
[5.252s] Level 1:colcon.colcon_core.package_identification:_identify(pigpio-master) by extensions ['colcon_meta']
[5.253s] Level 1:colcon.colcon_core.package_identification:_identify(pigpio-master) by extension 'colcon_meta'
[5.254s] Level 1:colcon.colcon_core.package_identification:_identify(pigpio-master) by extensions ['ros']
[5.254s] Level 1:colcon.colcon_core.package_identification:_identify(pigpio-master) by extension 'ros'
[5.256s] Level 1:colcon.colcon_core.package_identification:_identify(pigpio-master) by extensions ['cmake', 'python']
[5.256s] Level 1:colcon.colcon_core.package_identification:_identify(pigpio-master) by extension 'cmake'
[5.306s] Level 1:colcon.colcon_core.package_identification:_identify(pigpio-master) by extension 'python'
[5.308s] DEBUG:colcon.colcon_core.package_identification:Package 'pigpio-master' with type 'cmake' and name 'pigpio'
[5.309s] Level 1:colcon.colcon_core.package_identification:_identify(src) by extensions ['ignore', 'ignore_ament_install']
[5.311s] Level 1:colcon.colcon_core.package_identification:_identify(src) by extension 'ignore'
[5.312s] Level 1:colcon.colcon_core.package_identification:_identify(src) by extension 'ignore_ament_install'
[5.313s] Level 1:colcon.colcon_core.package_identification:_identify(src) by extensions ['colcon_pkg']
[5.313s] Level 1:colcon.colcon_core.package_identification:_identify(src) by extension 'colcon_pkg'
[5.315s] Level 1:colcon.colcon_core.package_identification:_identify(src) by extensions ['colcon_meta']
[5.315s] Level 1:colcon.colcon_core.package_identification:_identify(src) by extension 'colcon_meta'
[5.316s] Level 1:colcon.colcon_core.package_identification:_identify(src) by extensions ['ros']
[5.316s] Level 1:colcon.colcon_core.package_identification:_identify(src) by extension 'ros'
[5.318s] Level 1:colcon.colcon_core.package_identification:_identify(src) by extensions ['cmake', 'python']
[5.319s] Level 1:colcon.colcon_core.package_identification:_identify(src) by extension 'cmake'
[5.320s] Level 1:colcon.colcon_core.package_identification:_identify(src) by extension 'python'
[5.321s] Level 1:colcon.colcon_core.package_identification:_identify(src) by extensions ['python_setup_py']
[5.321s] Level 1:colcon.colcon_core.package_identification:_identify(src) by extension 'python_setup_py'
[5.323s] Level 1:colcon.colcon_core.package_identification:_identify(src/build) by extensions ['ignore', 'ignore_ament_install']
[5.325s] Level 1:colcon.colcon_core.package_identification:_identify(src/build) by extension 'ignore'
[5.325s] Level 1:colcon.colcon_core.package_identification:_identify(src/build) ignored
[5.327s] Level 1:colcon.colcon_core.package_identification:_identify(src/install) by extensions ['ignore', 'ignore_ament_install']
[5.329s] Level 1:colcon.colcon_core.package_identification:_identify(src/install) by extension 'ignore'
[5.331s] Level 1:colcon.colcon_core.package_identification:_identify(src/install) ignored
[5.334s] Level 1:colcon.colcon_core.package_identification:_identify(src/log) by extensions ['ignore', 'ignore_ament_install']
[5.336s] Level 1:colcon.colcon_core.package_identification:_identify(src/log) by extension 'ignore'
[5.337s] Level 1:colcon.colcon_core.package_identification:_identify(src/log) ignored
[5.339s] Level 1:colcon.colcon_core.package_identification:_identify(src/motor_controller) by extensions ['ignore', 'ignore_ament_install']
[5.341s] Level 1:colcon.colcon_core.package_identification:_identify(src/motor_controller) by extension 'ignore'
[5.343s] Level 1:colcon.colcon_core.package_identification:_identify(src/motor_controller) by extension 'ignore_ament_install'
[5.345s] Level 1:colcon.colcon_core.package_identification:_identify(src/motor_controller) by extensions ['colcon_pkg']
[5.347s] Level 1:colcon.colcon_core.package_identification:_identify(src/motor_controller) by extension 'colcon_pkg'
[5.349s] Level 1:colcon.colcon_core.package_identification:_identify(src/motor_controller) by extensions ['colcon_meta']
[5.350s] Level 1:colcon.colcon_core.package_identification:_identify(src/motor_controller) by extension 'colcon_meta'
[5.352s] Level 1:colcon.colcon_core.package_identification:_identify(src/motor_controller) by extensions ['ros']
[5.353s] Level 1:colcon.colcon_core.package_identification:_identify(src/motor_controller) by extension 'ros'
[5.383s] DEBUG:colcon.colcon_core.package_identification:Package 'src/motor_controller' with type 'ros.ament_python' and name 'motor_controller'
[5.383s] Level 1:colcon.colcon_core.package_discovery:discover_packages(recursive) using defaults
[5.384s] Level 1:colcon.colcon_core.package_discovery:discover_packages(ignore) discover
[5.384s] Level 1:colcon.colcon_core.package_discovery:discover_packages(ignore) using defaults
[5.385s] Level 1:colcon.colcon_core.package_discovery:discover_packages(path) discover
[5.385s] Level 1:colcon.colcon_core.package_discovery:discover_packages(path) using defaults
[5.594s] Level 1:colcon.colcon_core.package_discovery:discover_packages(prefix_path) check parameters
[5.595s] Level 1:colcon.colcon_core.package_discovery:discover_packages(prefix_path) discover
[5.625s] DEBUG:colcon.colcon_installed_package_information.package_discovery:Found 4 installed packages in /home/ubuntu/dev_ws/install
[5.647s] DEBUG:colcon.colcon_installed_package_information.package_discovery:Found 255 installed packages in /opt/ros/foxy
[5.675s] Level 1:colcon.colcon_core.package_discovery:discover_packages(prefix_path) using defaults
[6.817s] Level 5:colcon.colcon_core.verb:set package 'motor_controller' build argument 'cmake_args' from command line to 'None'
[6.818s] Level 5:colcon.colcon_core.verb:set package 'motor_controller' build argument 'cmake_target' from command line to 'None'
[6.818s] Level 5:colcon.colcon_core.verb:set package 'motor_controller' build argument 'cmake_target_skip_unavailable' from command line to 'False'
[6.819s] Level 5:colcon.colcon_core.verb:set package 'motor_controller' build argument 'cmake_clean_cache' from command line to 'False'
[6.819s] Level 5:colcon.colcon_core.verb:set package 'motor_controller' build argument 'cmake_clean_first' from command line to 'False'
[6.820s] Level 5:colcon.colcon_core.verb:set package 'motor_controller' build argument 'cmake_force_configure' from command line to 'False'
[6.820s] Level 5:colcon.colcon_core.verb:set package 'motor_controller' build argument 'ament_cmake_args' from command line to 'None'
[6.820s] Level 5:colcon.colcon_core.verb:set package 'motor_controller' build argument 'catkin_cmake_args' from command line to 'None'
[6.821s] Level 5:colcon.colcon_core.verb:set package 'motor_controller' build argument 'catkin_skip_building_tests' from command line to 'False'
[6.821s] DEBUG:colcon.colcon_core.verb:Building package 'motor_controller' with the following arguments: {'ament_cmake_args': None, 'build_base': '/home/ubuntu/dev_ws/build/motor_controller', 'catkin_cmake_args': None, 'catkin_skip_building_tests': False, 'cmake_args': None, 'cmake_clean_cache': False, 'cmake_clean_first': False, 'cmake_force_configure': False, 'cmake_target': None, 'cmake_target_skip_unavailable': False, 'install_base': '/home/ubuntu/dev_ws/install/motor_controller', 'merge_install': False, 'path': '/home/ubuntu/dev_ws/src/motor_controller', 'symlink_install': True, 'test_result_base': None}
[6.825s] Level 5:colcon.colcon_core.verb:set package 'pigpio' build argument 'cmake_args' from command line to 'None'
[6.826s] Level 5:colcon.colcon_core.verb:set package 'pigpio' build argument 'cmake_target' from command line to 'None'
[6.827s] Level 5:colcon.colcon_core.verb:set package 'pigpio' build argument 'cmake_target_skip_unavailable' from command line to 'False'
[6.827s] Level 5:colcon.colcon_core.verb:set package 'pigpio' build argument 'cmake_clean_cache' from command line to 'False'
[6.827s] Level 5:colcon.colcon_core.verb:set package 'pigpio' build argument 'cmake_clean_first' from command line to 'False'
[6.828s] Level 5:colcon.colcon_core.verb:set package 'pigpio' build argument 'cmake_force_configure' from command line to 'False'
[6.828s] Level 5:colcon.colcon_core.verb:set package 'pigpio' build argument 'ament_cmake_args' from command line to 'None'
[6.828s] Level 5:colcon.colcon_core.verb:set package 'pigpio' build argument 'catkin_cmake_args' from command line to 'None'
[6.829s] Level 5:colcon.colcon_core.verb:set package 'pigpio' build argument 'catkin_skip_building_tests' from command line to 'False'
[6.829s] DEBUG:colcon.colcon_core.verb:Building package 'pigpio' with the following arguments: {'ament_cmake_args': None, 'build_base': '/home/ubuntu/dev_ws/build/pigpio', 'catkin_cmake_args': None, 'catkin_skip_building_tests': False, 'cmake_args': None, 'cmake_clean_cache': False, 'cmake_clean_first': False, 'cmake_force_configure': False, 'cmake_target': None, 'cmake_target_skip_unavailable': False, 'install_base': '/home/ubuntu/dev_ws/install/pigpio', 'merge_install': False, 'path': '/home/ubuntu/dev_ws/pigpio-master', 'symlink_install': True, 'test_result_base': None}
[6.831s] INFO:colcon.colcon_core.executor:Executing jobs using 'parallel' executor
[6.840s] DEBUG:colcon.colcon_parallel_executor.executor.parallel:run_until_complete
[6.844s] INFO:colcon.colcon_ros.task.ament_python.build:Building ROS package in '/home/ubuntu/dev_ws/src/motor_controller' with build type 'ament_python'
[6.847s] Level 1:colcon.colcon_core.shell:create_environment_hook('motor_controller', 'ament_prefix_path')
[6.880s] INFO:colcon.colcon_core.plugin_system:Skipping extension 'colcon_core.shell.bat': Not used on non-Windows systems
[6.884s] INFO:colcon.colcon_core.shell:Creating environment hook '/home/ubuntu/dev_ws/install/motor_controller/share/motor_controller/hook/ament_prefix_path.ps1'
[6.891s] INFO:colcon.colcon_core.shell:Creating environment descriptor '/home/ubuntu/dev_ws/install/motor_controller/share/motor_controller/hook/ament_prefix_path.dsv'
[6.899s] INFO:colcon.colcon_core.shell:Creating environment hook '/home/ubuntu/dev_ws/install/motor_controller/share/motor_controller/hook/ament_prefix_path.sh'
[6.910s] INFO:colcon.colcon_core.shell:Skip shell extension 'powershell' for command environment: Not usable outside of PowerShell
[6.911s] DEBUG:colcon.colcon_core.shell:Skip shell extension 'dsv' for command environment
[6.975s] INFO:colcon.colcon_cmake.task.cmake.build:Building CMake package in '/home/ubuntu/dev_ws/pigpio-master'
[6.981s] INFO:colcon.colcon_core.shell:Skip shell extension 'powershell' for command environment: Not usable outside of PowerShell
[6.981s] DEBUG:colcon.colcon_core.shell:Skip shell extension 'dsv' for command environment
[10.425s] INFO:colcon.colcon_core.task.python.build:Building Python package in '/home/ubuntu/dev_ws/src/motor_controller'
[10.429s] INFO:colcon.colcon_core.shell:Skip shell extension 'powershell' for command environment: Not usable outside of PowerShell
[10.429s] DEBUG:colcon.colcon_core.shell:Skip shell extension 'dsv' for command environment
[10.542s] DEBUG:colcon.colcon_core.event_handler.log_command:Invoking command in '/home/ubuntu/dev_ws/build/pigpio': /usr/bin/cmake --build /home/ubuntu/dev_ws/build/pigpio -- -j4 -l4
[12.838s] DEBUG:colcon.colcon_core.event_handler.log_command:Invoked command in '/home/ubuntu/dev_ws/build/pigpio' returned '0': /usr/bin/cmake --build /home/ubuntu/dev_ws/build/pigpio -- -j4 -l4
[13.912s] DEBUG:colcon.colcon_core.event_handler.log_command:Invoking command in '/home/ubuntu/dev_ws/build/pigpio': /usr/bin/cmake --install /home/ubuntu/dev_ws/build/pigpio
[14.947s] Level 1:colcon.colcon_core.environment:create_environment_scripts_only(pigpio)
[14.952s] DEBUG:colcon.colcon_core.event_handler.log_command:Invoked command in '/home/ubuntu/dev_ws/build/pigpio' returned '0': /usr/bin/cmake --install /home/ubuntu/dev_ws/build/pigpio
[15.011s] Level 1:colcon.colcon_core.environment:checking '/home/ubuntu/dev_ws/install/pigpio' for CMake module files
[15.020s] Level 1:colcon.colcon_core.environment:checking '/home/ubuntu/dev_ws/install/pigpio' for CMake config files
[15.025s] Level 1:colcon.colcon_core.shell:create_environment_hook('pigpio', 'cmake_prefix_path')
[15.029s] INFO:colcon.colcon_core.shell:Creating environment hook '/home/ubuntu/dev_ws/install/pigpio/share/pigpio/hook/cmake_prefix_path.ps1'
[15.036s] INFO:colcon.colcon_core.shell:Creating environment descriptor '/home/ubuntu/dev_ws/install/pigpio/share/pigpio/hook/cmake_prefix_path.dsv'
[15.043s] INFO:colcon.colcon_core.shell:Creating environment hook '/home/ubuntu/dev_ws/install/pigpio/share/pigpio/hook/cmake_prefix_path.sh'
[15.052s] Level 1:colcon.colcon_core.environment:checking '/home/ubuntu/dev_ws/install/pigpio/lib'
[15.055s] Level 1:colcon.colcon_core.shell:create_environment_hook('pigpio', 'ld_library_path_lib')
[15.059s] INFO:colcon.colcon_core.shell:Creating environment hook '/home/ubuntu/dev_ws/install/pigpio/share/pigpio/hook/ld_library_path_lib.ps1'
[15.068s] INFO:colcon.colcon_core.shell:Creating environment descriptor '/home/ubuntu/dev_ws/install/pigpio/share/pigpio/hook/ld_library_path_lib.dsv'
[15.074s] INFO:colcon.colcon_core.shell:Creating environment hook '/home/ubuntu/dev_ws/install/pigpio/share/pigpio/hook/ld_library_path_lib.sh'
[15.080s] Level 1:colcon.colcon_core.environment:checking '/home/ubuntu/dev_ws/install/pigpio/bin'
[15.081s] Level 1:colcon.colcon_core.shell:create_environment_hook('pigpio', 'path')
[15.084s] INFO:colcon.colcon_core.shell:Creating environment hook '/home/ubuntu/dev_ws/install/pigpio/share/pigpio/hook/path.ps1'
[15.090s] INFO:colcon.colcon_core.shell:Creating environment descriptor '/home/ubuntu/dev_ws/install/pigpio/share/pigpio/hook/path.dsv'
[15.094s] INFO:colcon.colcon_core.shell:Creating environment hook '/home/ubuntu/dev_ws/install/pigpio/share/pigpio/hook/path.sh'
[15.103s] Level 1:colcon.colcon_core.environment:checking '/home/ubuntu/dev_ws/install/pigpio/lib/pkgconfig/pigpio.pc'
[15.107s] Level 1:colcon.colcon_core.environment:checking '/home/ubuntu/dev_ws/install/pigpio/lib/python3.8/site-packages'
[15.109s] Level 1:colcon.colcon_core.environment:checking '/home/ubuntu/dev_ws/install/pigpio/bin'
[15.111s] Level 1:colcon.colcon_core.shell:create_environment_hook('pigpio', 'pythonscriptspath')
[15.114s] INFO:colcon.colcon_core.shell:Creating environment hook '/home/ubuntu/dev_ws/install/pigpio/share/pigpio/hook/pythonscriptspath.ps1'
[15.120s] INFO:colcon.colcon_core.shell:Creating environment descriptor '/home/ubuntu/dev_ws/install/pigpio/share/pigpio/hook/pythonscriptspath.dsv'
[15.125s] INFO:colcon.colcon_core.shell:Creating environment hook '/home/ubuntu/dev_ws/install/pigpio/share/pigpio/hook/pythonscriptspath.sh'
[15.136s] INFO:colcon.colcon_core.shell:Creating package script '/home/ubuntu/dev_ws/install/pigpio/share/pigpio/package.ps1'
[15.166s] INFO:colcon.colcon_core.shell:Creating package descriptor '/home/ubuntu/dev_ws/install/pigpio/share/pigpio/package.dsv'
[15.176s] INFO:colcon.colcon_core.shell:Creating package script '/home/ubuntu/dev_ws/install/pigpio/share/pigpio/package.sh'
[15.187s] INFO:colcon.colcon_core.shell:Creating package script '/home/ubuntu/dev_ws/install/pigpio/share/pigpio/package.bash'
[15.197s] INFO:colcon.colcon_core.shell:Creating package script '/home/ubuntu/dev_ws/install/pigpio/share/pigpio/package.zsh'
[15.211s] Level 1:colcon.colcon_core.environment:create_file_with_runtime_dependencies(/home/ubuntu/dev_ws/install/pigpio/share/colcon-core/packages/pigpio)
[17.198s] DEBUG:colcon.colcon_core.event_handler.log_command:Invoking command in '/home/ubuntu/dev_ws/build/motor_controller': PYTHONPATH=/home/ubuntu/dev_ws/build/motor_controller/prefix_override:/usr/lib/python3/dist-packages/colcon_core/task/python/colcon_distutils_commands:/home/ubuntu/dev_ws/install/motor_controller/lib/python3.8/site-packages:${PYTHONPATH} /usr/bin/python3 -W ignore:setup.py install is deprecated setup.py develop --editable --build-directory /home/ubuntu/dev_ws/build/motor_controller/build --no-deps symlink_data
[23.918s] Level 1:colcon.colcon_core.shell:create_environment_hook('motor_controller', 'pythonpath_develop')
[23.922s] DEBUG:colcon.colcon_core.event_handler.log_command:Invoked command in '/home/ubuntu/dev_ws/build/motor_controller' returned '0': PYTHONPATH=/home/ubuntu/dev_ws/build/motor_controller/prefix_override:/usr/lib/python3/dist-packages/colcon_core/task/python/colcon_distutils_commands:/home/ubuntu/dev_ws/install/motor_controller/lib/python3.8/site-packages:${PYTHONPATH} /usr/bin/python3 -W ignore:setup.py install is deprecated setup.py develop --editable --build-directory /home/ubuntu/dev_ws/build/motor_controller/build --no-deps symlink_data
[23.928s] INFO:colcon.colcon_core.shell:Creating environment hook '/home/ubuntu/dev_ws/build/motor_controller/share/motor_controller/hook/pythonpath_develop.ps1'
[23.940s] INFO:colcon.colcon_core.shell:Creating environment descriptor '/home/ubuntu/dev_ws/build/motor_controller/share/motor_controller/hook/pythonpath_develop.dsv'
[23.947s] INFO:colcon.colcon_core.shell:Creating environment hook '/home/ubuntu/dev_ws/build/motor_controller/share/motor_controller/hook/pythonpath_develop.sh'
[23.957s] Level 1:colcon.colcon_core.environment:checking '/home/ubuntu/dev_ws/install/motor_controller' for CMake module files
[23.965s] Level 1:colcon.colcon_core.environment:checking '/home/ubuntu/dev_ws/install/motor_controller' for CMake config files
[23.974s] Level 1:colcon.colcon_core.environment:checking '/home/ubuntu/dev_ws/install/motor_controller/lib'
[23.976s] Level 1:colcon.colcon_core.environment:checking '/home/ubuntu/dev_ws/install/motor_controller/bin'
[23.978s] Level 1:colcon.colcon_core.environment:checking '/home/ubuntu/dev_ws/install/motor_controller/lib/pkgconfig/motor_controller.pc'
[23.991s] Level 1:colcon.colcon_core.environment:checking '/home/ubuntu/dev_ws/install/motor_controller/lib/python3.8/site-packages'
[23.998s] Level 1:colcon.colcon_core.shell:create_environment_hook('motor_controller', 'pythonpath')
[24.002s] INFO:colcon.colcon_core.shell:Creating environment hook '/home/ubuntu/dev_ws/install/motor_controller/share/motor_controller/hook/pythonpath.ps1'
[24.012s] INFO:colcon.colcon_core.shell:Creating environment descriptor '/home/ubuntu/dev_ws/install/motor_controller/share/motor_controller/hook/pythonpath.dsv'
[24.020s] INFO:colcon.colcon_core.shell:Creating environment hook '/home/ubuntu/dev_ws/install/motor_controller/share/motor_controller/hook/pythonpath.sh'
[24.030s] Level 1:colcon.colcon_core.environment:checking '/home/ubuntu/dev_ws/install/motor_controller/bin'
[24.032s] Level 1:colcon.colcon_core.environment:create_environment_scripts_only(motor_controller)
[24.037s] INFO:colcon.colcon_core.shell:Creating package script '/home/ubuntu/dev_ws/install/motor_controller/share/motor_controller/package.ps1'
[24.066s] INFO:colcon.colcon_core.shell:Creating package descriptor '/home/ubuntu/dev_ws/install/motor_controller/share/motor_controller/package.dsv'
[24.075s] INFO:colcon.colcon_core.shell:Creating package script '/home/ubuntu/dev_ws/install/motor_controller/share/motor_controller/package.sh'
[24.086s] INFO:colcon.colcon_core.shell:Creating package script '/home/ubuntu/dev_ws/install/motor_controller/share/motor_controller/package.bash'
[24.107s] INFO:colcon.colcon_core.shell:Creating package script '/home/ubuntu/dev_ws/install/motor_controller/share/motor_controller/package.zsh'
[24.118s] Level 1:colcon.colcon_core.environment:create_file_with_runtime_dependencies(/home/ubuntu/dev_ws/install/motor_controller/share/colcon-core/packages/motor_controller)
[24.136s] DEBUG:colcon.colcon_parallel_executor.executor.parallel:closing loop
[24.138s] DEBUG:colcon.colcon_parallel_executor.executor.parallel:loop closed
[24.140s] DEBUG:colcon.colcon_parallel_executor.executor.parallel:run_until_complete finished with '0'
[24.143s] DEBUG:colcon.colcon_core.event_reactor:joining thread
[24.227s] INFO:colcon.colcon_core.plugin_system:Skipping extension 'colcon_notification.desktop_notification.terminal_notifier': Not used on non-Darwin systems
[24.229s] INFO:colcon.colcon_core.plugin_system:Skipping extension 'colcon_notification.desktop_notification.win32': Not used on non-Windows systems
[24.231s] INFO:colcon.colcon_notification.desktop_notification:Sending desktop notification using 'notify2'
[24.251s] DEBUG:colcon.colcon_notification.desktop_notification.notify2:Failed to initialize notify2: org.freedesktop.DBus.Error.ServiceUnknown: The name org.freedesktop.Notifications was not provided by any .service files
[24.253s] DEBUG:colcon.colcon_core.event_reactor:joined thread
[24.257s] INFO:colcon.colcon_core.shell:Creating prefix script '/home/ubuntu/dev_ws/install/local_setup.ps1'
[24.271s] INFO:colcon.colcon_core.shell:Creating prefix util module '/home/ubuntu/dev_ws/install/_local_setup_util_ps1.py'
[24.300s] INFO:colcon.colcon_core.shell:Creating prefix chain script '/home/ubuntu/dev_ws/install/setup.ps1'
[24.318s] INFO:colcon.colcon_core.shell:Creating prefix script '/home/ubuntu/dev_ws/install/local_setup.sh'
[24.335s] INFO:colcon.colcon_core.shell:Creating prefix util module '/home/ubuntu/dev_ws/install/_local_setup_util_sh.py'
[24.342s] INFO:colcon.colcon_core.shell:Creating prefix chain script '/home/ubuntu/dev_ws/install/setup.sh'
[24.359s] INFO:colcon.colcon_core.shell:Creating prefix script '/home/ubuntu/dev_ws/install/local_setup.bash'
[24.366s] INFO:colcon.colcon_core.shell:Creating prefix chain script '/home/ubuntu/dev_ws/install/setup.bash'
[24.381s] INFO:colcon.colcon_core.shell:Creating prefix script '/home/ubuntu/dev_ws/install/local_setup.zsh'
[24.388s] INFO:colcon.colcon_core.shell:Creating prefix chain script '/home/ubuntu/dev_ws/install/setup.zsh'
