[6.926s] Invoking command in '/home/ubuntu/dev_ws/build/motor_controller': PYTHONPATH=/home/ubuntu/dev_ws/build/motor_controller/prefix_override:/usr/lib/python3/dist-packages/colcon_core/task/python/colcon_distutils_commands:/home/ubuntu/dev_ws/install/motor_controller/lib/python3.8/site-packages: /usr/bin/python3 -W ignore:setup.py install is deprecated setup.py develop --editable --build-directory /home/ubuntu/dev_ws/build/motor_controller/build --no-deps symlink_data
[10.439s] running develop
[12.099s] running egg_info
[12.101s] writing motor_controller.egg-info/PKG-INFO
[12.102s] writing dependency_links to motor_controller.egg-info/dependency_links.txt
[12.105s] writing entry points to motor_controller.egg-info/entry_points.txt
[12.107s] writing requirements to motor_controller.egg-info/requires.txt
[12.110s] writing top-level names to motor_controller.egg-info/top_level.txt
[12.471s] reading manifest file 'motor_controller.egg-info/SOURCES.txt'
[12.481s] writing manifest file 'motor_controller.egg-info/SOURCES.txt'
[12.924s] running build_ext
[12.929s] Creating /home/ubuntu/dev_ws/install/motor_controller/lib/python3.8/site-packages/motor-controller.egg-link (link to .)
[12.939s] Installing controller script to /home/ubuntu/dev_ws/install/motor_controller/lib/motor_controller
[12.941s] Installing estop script to /home/ubuntu/dev_ws/install/motor_controller/lib/motor_controller
[12.942s] Installing relay script to /home/ubuntu/dev_ws/install/motor_controller/lib/motor_controller
[12.944s] Installing salter script to /home/ubuntu/dev_ws/install/motor_controller/lib/motor_controller
[12.947s] 
[12.948s] Installed /home/ubuntu/dev_ws/build/motor_controller
[12.951s] running symlink_data
[13.205s] Invoked command in '/home/ubuntu/dev_ws/build/motor_controller' returned '0': PYTHONPATH=/home/ubuntu/dev_ws/build/motor_controller/prefix_override:/usr/lib/python3/dist-packages/colcon_core/task/python/colcon_distutils_commands:/home/ubuntu/dev_ws/install/motor_controller/lib/python3.8/site-packages: /usr/bin/python3 -W ignore:setup.py install is deprecated setup.py develop --editable --build-directory /home/ubuntu/dev_ws/build/motor_controller/build --no-deps symlink_data
