[2.224s] DEBUG:colcon:Command line arguments: ['/usr/bin/colcon', 'build', '--symlink-install']
[2.237s] DEBUG:colcon:Parsed command line arguments: Namespace(allow_overriding=[], ament_cmake_args=None, base_paths=['.'], build_base='build', catkin_cmake_args=None, catkin_skip_building_tests=False, cmake_args=None, cmake_clean_cache=False, cmake_clean_first=False, cmake_force_configure=False, cmake_target=None, cmake_target_skip_unavailable=False, continue_on_error=False, event_handlers=None, executor='parallel', ignore_user_meta=False, install_base='install', log_base=None, log_level=None, main=<bound method BuildVerb.main of <colcon_core.verb.build.BuildVerb object at 0xffff967d1760>>, merge_install=False, metas=['./colcon.meta'], mixin=None, mixin_files=None, mixin_verb=('build',), packages_above=None, packages_above_and_dependencies=None, packages_above_depth=None, packages_end=None, packages_ignore=None, packages_ignore_regex=None, packages_select=None, packages_select_build_failed=False, packages_select_by_dep=None, packages_select_regex=None, packages_select_test_failures=False, packages_skip=None, packages_skip_build_finished=False, packages_skip_by_dep=None, packages_skip_regex=None, packages_skip_test_passed=False, packages_skip_up_to=None, packages_start=None, packages_up_to=None, packages_up_to_regex=None, parallel_workers=4, paths=None, symlink_install=True, test_result_base=None, verb_extension=<colcon_core.verb.build.BuildVerb object at 0xffff967d1760>, verb_name='build', verb_parser=<colcon_mixin.mixin.mixin_argument.MixinArgumentDecorator object at 0xffff9673e5b0>)
[4.347s] Level 1:colcon.colcon_core.package_discovery:discover_packages(colcon_meta) check parameters
[4.349s] Level 1:colcon.colcon_core.package_discovery:discover_packages(recursive) check parameters
[4.351s] Level 1:colcon.colcon_core.package_discovery:discover_packages(ignore) check parameters
[4.353s] Level 1:colcon.colcon_core.package_discovery:discover_packages(path) check parameters
[4.366s] Level 1:colcon.colcon_core.package_discovery:discover_packages(colcon_meta) discover
[4.378s] Level 1:colcon.colcon_core.package_discovery:discover_packages(recursive) discover
[4.381s] INFO:colcon.colcon_core.package_discovery:Crawling recursively for packages in '/home/ubuntu/dev_ws'
[4.387s] Level 1:colcon.colcon_core.package_identification:_identify(.) by extensions ['ignore', 'ignore_ament_install']
[4.389s] Level 1:colcon.colcon_core.package_identification:_identify(.) by extension 'ignore'
[4.390s] Level 1:colcon.colcon_core.package_identification:_identify(.) by extension 'ignore_ament_install'
[4.392s] Level 1:colcon.colcon_core.package_identification:_identify(.) by extensions ['colcon_pkg']
[4.396s] Level 1:colcon.colcon_core.package_identification:_identify(.) by extension 'colcon_pkg'
[4.397s] Level 1:colcon.colcon_core.package_identification:_identify(.) by extensions ['colcon_meta']
[4.401s] Level 1:colcon.colcon_core.package_identification:_identify(.) by extension 'colcon_meta'
[4.403s] Level 1:colcon.colcon_core.package_identification:_identify(.) by extensions ['ros']
[4.411s] Level 1:colcon.colcon_core.package_identification:_identify(.) by extension 'ros'
[4.655s] Level 1:colcon.colcon_core.package_identification:_identify(.) by extensions ['cmake', 'python']
[4.665s] Level 1:colcon.colcon_core.package_identification:_identify(.) by extension 'cmake'
[4.682s] Level 1:colcon.colcon_core.package_identification:_identify(.) by extension 'python'
[4.684s] Level 1:colcon.colcon_core.package_identification:_identify(.) by extensions ['python_setup_py']
[4.686s] Level 1:colcon.colcon_core.package_identification:_identify(.) by extension 'python_setup_py'
[4.689s] Level 1:colcon.colcon_core.package_identification:_identify(build) by extensions ['ignore', 'ignore_ament_install']
[4.692s] Level 1:colcon.colcon_core.package_identification:_identify(build) by extension 'ignore'
[4.694s] Level 1:colcon.colcon_core.package_identification:_identify(build) ignored
[4.698s] Level 1:colcon.colcon_core.package_identification:_identify(install) by extensions ['ignore', 'ignore_ament_install']
[4.701s] Level 1:colcon.colcon_core.package_identification:_identify(install) by extension 'ignore'
[4.703s] Level 1:colcon.colcon_core.package_identification:_identify(install) ignored
[4.706s] Level 1:colcon.colcon_core.package_identification:_identify(log) by extensions ['ignore', 'ignore_ament_install']
[4.709s] Level 1:colcon.colcon_core.package_identification:_identify(log) by extension 'ignore'
[4.710s] Level 1:colcon.colcon_core.package_identification:_identify(log) ignored
[4.713s] Level 1:colcon.colcon_core.package_identification:_identify(src) by extensions ['ignore', 'ignore_ament_install']
[4.715s] Level 1:colcon.colcon_core.package_identification:_identify(src) by extension 'ignore'
[4.717s] Level 1:colcon.colcon_core.package_identification:_identify(src) by extension 'ignore_ament_install'
[4.719s] Level 1:colcon.colcon_core.package_identification:_identify(src) by extensions ['colcon_pkg']
[4.721s] Level 1:colcon.colcon_core.package_identification:_identify(src) by extension 'colcon_pkg'
[4.722s] Level 1:colcon.colcon_core.package_identification:_identify(src) by extensions ['colcon_meta']
[4.724s] Level 1:colcon.colcon_core.package_identification:_identify(src) by extension 'colcon_meta'
[4.725s] Level 1:colcon.colcon_core.package_identification:_identify(src) by extensions ['ros']
[4.726s] Level 1:colcon.colcon_core.package_identification:_identify(src) by extension 'ros'
[4.728s] Level 1:colcon.colcon_core.package_identification:_identify(src) by extensions ['cmake', 'python']
[4.730s] Level 1:colcon.colcon_core.package_identification:_identify(src) by extension 'cmake'
[4.731s] Level 1:colcon.colcon_core.package_identification:_identify(src) by extension 'python'
[4.732s] Level 1:colcon.colcon_core.package_identification:_identify(src) by extensions ['python_setup_py']
[4.734s] Level 1:colcon.colcon_core.package_identification:_identify(src) by extension 'python_setup_py'
[4.736s] Level 1:colcon.colcon_core.package_identification:_identify(src/motor_control) by extensions ['ignore', 'ignore_ament_install']
[4.737s] Level 1:colcon.colcon_core.package_identification:_identify(src/motor_control) by extension 'ignore'
[4.739s] Level 1:colcon.colcon_core.package_identification:_identify(src/motor_control) by extension 'ignore_ament_install'
[4.741s] Level 1:colcon.colcon_core.package_identification:_identify(src/motor_control) by extensions ['colcon_pkg']
[4.742s] Level 1:colcon.colcon_core.package_identification:_identify(src/motor_control) by extension 'colcon_pkg'
[4.743s] Level 1:colcon.colcon_core.package_identification:_identify(src/motor_control) by extensions ['colcon_meta']
[4.745s] Level 1:colcon.colcon_core.package_identification:_identify(src/motor_control) by extension 'colcon_meta'
[4.749s] Level 1:colcon.colcon_core.package_identification:_identify(src/motor_control) by extensions ['ros']
[4.751s] Level 1:colcon.colcon_core.package_identification:_identify(src/motor_control) by extension 'ros'
[4.788s] DEBUG:colcon.colcon_core.package_identification:Package 'src/motor_control' with type 'ros.ament_cmake' and name 'motor_control'
[4.788s] Level 1:colcon.colcon_core.package_discovery:discover_packages(recursive) using defaults
[4.789s] Level 1:colcon.colcon_core.package_discovery:discover_packages(ignore) discover
[4.790s] Level 1:colcon.colcon_core.package_discovery:discover_packages(ignore) using defaults
[4.791s] Level 1:colcon.colcon_core.package_discovery:discover_packages(path) discover
[4.792s] Level 1:colcon.colcon_core.package_discovery:discover_packages(path) using defaults
[5.130s] Level 1:colcon.colcon_core.package_discovery:discover_packages(prefix_path) check parameters
[5.135s] Level 1:colcon.colcon_core.package_discovery:discover_packages(prefix_path) discover
[5.204s] DEBUG:colcon.colcon_installed_package_information.package_discovery:Found 1 installed packages in /home/ubuntu/dev_ws/install
[5.234s] DEBUG:colcon.colcon_installed_package_information.package_discovery:Found 256 installed packages in /opt/ros/foxy
[5.256s] Level 1:colcon.colcon_core.package_discovery:discover_packages(prefix_path) using defaults
[6.784s] Level 5:colcon.colcon_core.verb:set package 'motor_control' build argument 'cmake_args' from command line to 'None'
[6.785s] Level 5:colcon.colcon_core.verb:set package 'motor_control' build argument 'cmake_target' from command line to 'None'
[6.785s] Level 5:colcon.colcon_core.verb:set package 'motor_control' build argument 'cmake_target_skip_unavailable' from command line to 'False'
[6.785s] Level 5:colcon.colcon_core.verb:set package 'motor_control' build argument 'cmake_clean_cache' from command line to 'False'
[6.785s] Level 5:colcon.colcon_core.verb:set package 'motor_control' build argument 'cmake_clean_first' from command line to 'False'
[6.786s] Level 5:colcon.colcon_core.verb:set package 'motor_control' build argument 'cmake_force_configure' from command line to 'False'
[6.786s] Level 5:colcon.colcon_core.verb:set package 'motor_control' build argument 'ament_cmake_args' from command line to 'None'
[6.786s] Level 5:colcon.colcon_core.verb:set package 'motor_control' build argument 'catkin_cmake_args' from command line to 'None'
[6.786s] Level 5:colcon.colcon_core.verb:set package 'motor_control' build argument 'catkin_skip_building_tests' from command line to 'False'
[6.786s] DEBUG:colcon.colcon_core.verb:Building package 'motor_control' with the following arguments: {'ament_cmake_args': None, 'build_base': '/home/ubuntu/dev_ws/build/motor_control', 'catkin_cmake_args': None, 'catkin_skip_building_tests': False, 'cmake_args': None, 'cmake_clean_cache': False, 'cmake_clean_first': False, 'cmake_force_configure': False, 'cmake_target': None, 'cmake_target_skip_unavailable': False, 'install_base': '/home/ubuntu/dev_ws/install/motor_control', 'merge_install': False, 'path': '/home/ubuntu/dev_ws/src/motor_control', 'symlink_install': True, 'test_result_base': None}
[6.787s] INFO:colcon.colcon_core.executor:Executing jobs using 'parallel' executor
[6.796s] DEBUG:colcon.colcon_parallel_executor.executor.parallel:run_until_complete
[6.801s] INFO:colcon.colcon_ros.task.ament_cmake.build:Building ROS package in '/home/ubuntu/dev_ws/src/motor_control' with build type 'ament_cmake'
[6.809s] INFO:colcon.colcon_cmake.task.cmake.build:Building CMake package in '/home/ubuntu/dev_ws/src/motor_control'
[6.861s] INFO:colcon.colcon_core.plugin_system:Skipping extension 'colcon_core.shell.bat': Not used on non-Windows systems
[6.865s] INFO:colcon.colcon_core.shell:Skip shell extension 'powershell' for command environment: Not usable outside of PowerShell
[6.866s] DEBUG:colcon.colcon_core.shell:Skip shell extension 'dsv' for command environment
[6.985s] DEBUG:colcon.colcon_core.event_handler.log_command:Invoking command in '/home/ubuntu/dev_ws/build/motor_control': CMAKE_PREFIX_PATH=${CMAKE_PREFIX_PATH}:/opt/ros/foxy /usr/bin/cmake --build /home/ubuntu/dev_ws/build/motor_control -- -j4 -l4
[7.926s] DEBUG:colcon.colcon_core.event_handler.log_command:Invoked command in '/home/ubuntu/dev_ws/build/motor_control' returned '0': CMAKE_PREFIX_PATH=${CMAKE_PREFIX_PATH}:/opt/ros/foxy /usr/bin/cmake --build /home/ubuntu/dev_ws/build/motor_control -- -j4 -l4
[8.141s] DEBUG:colcon.colcon_core.event_handler.log_command:Invoking command in '/home/ubuntu/dev_ws/build/motor_control': CMAKE_PREFIX_PATH=${CMAKE_PREFIX_PATH}:/opt/ros/foxy /usr/bin/cmake --install /home/ubuntu/dev_ws/build/motor_control
[8.291s] Level 1:colcon.colcon_core.environment:create_environment_scripts_only(motor_control)
[8.303s] DEBUG:colcon.colcon_core.event_handler.log_command:Invoked command in '/home/ubuntu/dev_ws/build/motor_control' returned '0': CMAKE_PREFIX_PATH=${CMAKE_PREFIX_PATH}:/opt/ros/foxy /usr/bin/cmake --install /home/ubuntu/dev_ws/build/motor_control
[8.348s] Level 1:colcon.colcon_core.environment:checking '/home/ubuntu/dev_ws/install/motor_control' for CMake module files
[8.352s] Level 1:colcon.colcon_core.environment:checking '/home/ubuntu/dev_ws/install/motor_control' for CMake config files
[8.357s] Level 1:colcon.colcon_core.shell:create_environment_hook('motor_control', 'cmake_prefix_path')
[8.359s] INFO:colcon.colcon_core.shell:Creating environment hook '/home/ubuntu/dev_ws/install/motor_control/share/motor_control/hook/cmake_prefix_path.ps1'
[8.364s] INFO:colcon.colcon_core.shell:Creating environment descriptor '/home/ubuntu/dev_ws/install/motor_control/share/motor_control/hook/cmake_prefix_path.dsv'
[8.370s] INFO:colcon.colcon_core.shell:Creating environment hook '/home/ubuntu/dev_ws/install/motor_control/share/motor_control/hook/cmake_prefix_path.sh'
[8.378s] Level 1:colcon.colcon_core.environment:checking '/home/ubuntu/dev_ws/install/motor_control/bin'
[8.379s] Level 1:colcon.colcon_core.environment:checking '/home/ubuntu/dev_ws/install/motor_control/lib/pkgconfig/motor_control.pc'
[8.381s] Level 1:colcon.colcon_core.environment:checking '/home/ubuntu/dev_ws/install/motor_control/lib/python3.8/site-packages'
[8.382s] Level 1:colcon.colcon_core.environment:checking '/home/ubuntu/dev_ws/install/motor_control/bin'
[8.384s] INFO:colcon.colcon_core.shell:Creating package script '/home/ubuntu/dev_ws/install/motor_control/share/motor_control/package.ps1'
[8.389s] INFO:colcon.colcon_core.shell:Creating package descriptor '/home/ubuntu/dev_ws/install/motor_control/share/motor_control/package.dsv'
[8.395s] INFO:colcon.colcon_core.shell:Creating package script '/home/ubuntu/dev_ws/install/motor_control/share/motor_control/package.sh'
[8.400s] INFO:colcon.colcon_core.shell:Creating package script '/home/ubuntu/dev_ws/install/motor_control/share/motor_control/package.bash'
[8.406s] INFO:colcon.colcon_core.shell:Creating package script '/home/ubuntu/dev_ws/install/motor_control/share/motor_control/package.zsh'
[8.414s] Level 1:colcon.colcon_core.environment:create_file_with_runtime_dependencies(/home/ubuntu/dev_ws/install/motor_control/share/colcon-core/packages/motor_control)
[8.570s] Level 1:colcon.colcon_core.environment:create_environment_scripts_only(motor_control)
[8.573s] Level 1:colcon.colcon_core.environment:checking '/home/ubuntu/dev_ws/install/motor_control' for CMake module files
[8.577s] Level 1:colcon.colcon_core.environment:checking '/home/ubuntu/dev_ws/install/motor_control' for CMake config files
[8.580s] Level 1:colcon.colcon_core.shell:create_environment_hook('motor_control', 'cmake_prefix_path')
[8.583s] INFO:colcon.colcon_core.shell:Creating environment hook '/home/ubuntu/dev_ws/install/motor_control/share/motor_control/hook/cmake_prefix_path.ps1'
[8.588s] INFO:colcon.colcon_core.shell:Creating environment descriptor '/home/ubuntu/dev_ws/install/motor_control/share/motor_control/hook/cmake_prefix_path.dsv'
[8.591s] INFO:colcon.colcon_core.shell:Creating environment hook '/home/ubuntu/dev_ws/install/motor_control/share/motor_control/hook/cmake_prefix_path.sh'
[8.595s] Level 1:colcon.colcon_core.environment:checking '/home/ubuntu/dev_ws/install/motor_control/bin'
[8.595s] Level 1:colcon.colcon_core.environment:checking '/home/ubuntu/dev_ws/install/motor_control/lib/pkgconfig/motor_control.pc'
[8.597s] Level 1:colcon.colcon_core.environment:checking '/home/ubuntu/dev_ws/install/motor_control/lib/python3.8/site-packages'
[8.598s] Level 1:colcon.colcon_core.environment:checking '/home/ubuntu/dev_ws/install/motor_control/bin'
[8.600s] INFO:colcon.colcon_core.shell:Creating package script '/home/ubuntu/dev_ws/install/motor_control/share/motor_control/package.ps1'
[8.603s] INFO:colcon.colcon_core.shell:Creating package descriptor '/home/ubuntu/dev_ws/install/motor_control/share/motor_control/package.dsv'
[8.606s] INFO:colcon.colcon_core.shell:Creating package script '/home/ubuntu/dev_ws/install/motor_control/share/motor_control/package.sh'
[8.610s] INFO:colcon.colcon_core.shell:Creating package script '/home/ubuntu/dev_ws/install/motor_control/share/motor_control/package.bash'
[8.613s] INFO:colcon.colcon_core.shell:Creating package script '/home/ubuntu/dev_ws/install/motor_control/share/motor_control/package.zsh'
[8.616s] Level 1:colcon.colcon_core.environment:create_file_with_runtime_dependencies(/home/ubuntu/dev_ws/install/motor_control/share/colcon-core/packages/motor_control)
[8.619s] DEBUG:colcon.colcon_parallel_executor.executor.parallel:closing loop
[8.622s] DEBUG:colcon.colcon_parallel_executor.executor.parallel:loop closed
[8.623s] DEBUG:colcon.colcon_parallel_executor.executor.parallel:run_until_complete finished with '0'
[8.623s] DEBUG:colcon.colcon_core.event_reactor:joining thread
[8.738s] INFO:colcon.colcon_core.plugin_system:Skipping extension 'colcon_notification.desktop_notification.terminal_notifier': Not used on non-Darwin systems
[8.739s] INFO:colcon.colcon_core.plugin_system:Skipping extension 'colcon_notification.desktop_notification.win32': Not used on non-Windows systems
[8.740s] INFO:colcon.colcon_notification.desktop_notification:Sending desktop notification using 'notify2'
[9.081s] DEBUG:colcon.colcon_core.event_reactor:joined thread
[9.083s] INFO:colcon.colcon_core.shell:Creating prefix script '/home/ubuntu/dev_ws/install/local_setup.ps1'
[9.089s] INFO:colcon.colcon_core.shell:Creating prefix util module '/home/ubuntu/dev_ws/install/_local_setup_util_ps1.py'
[9.098s] INFO:colcon.colcon_core.shell:Creating prefix chain script '/home/ubuntu/dev_ws/install/setup.ps1'
[9.121s] INFO:colcon.colcon_core.shell:Creating prefix script '/home/ubuntu/dev_ws/install/local_setup.sh'
[9.135s] INFO:colcon.colcon_core.shell:Creating prefix util module '/home/ubuntu/dev_ws/install/_local_setup_util_sh.py'
[9.139s] INFO:colcon.colcon_core.shell:Creating prefix chain script '/home/ubuntu/dev_ws/install/setup.sh'
[9.152s] INFO:colcon.colcon_core.shell:Creating prefix script '/home/ubuntu/dev_ws/install/local_setup.bash'
[9.167s] INFO:colcon.colcon_core.shell:Creating prefix chain script '/home/ubuntu/dev_ws/install/setup.bash'
[9.185s] INFO:colcon.colcon_core.shell:Creating prefix script '/home/ubuntu/dev_ws/install/local_setup.zsh'
[9.190s] INFO:colcon.colcon_core.shell:Creating prefix chain script '/home/ubuntu/dev_ws/install/setup.zsh'
