[3.564s] Invoking command in '/home/ubuntu/dev_ws/build/pigpio': /usr/bin/cmake --build /home/ubuntu/dev_ws/build/pigpio -- -j4 -l4
[4.427s] [ 13%] Built target pigpio
[4.609s] [ 26%] Built target pigpiod_if
[4.686s] [ 39%] Built target pigs
[4.697s] [ 52%] Built target pigpiod_if2
[4.966s] [ 65%] Built target pig2vcd
[5.361s] [ 73%] Built target pigpiod
[5.431s] [ 82%] Built target x_pigpiod_if
[5.466s] [ 91%] Built target x_pigpio
[5.706s] [100%] Built target x_pigpiod_if2
[5.860s] Invoked command in '/home/ubuntu/dev_ws/build/pigpio' returned '0': /usr/bin/cmake --build /home/ubuntu/dev_ws/build/pigpio -- -j4 -l4
[6.935s] Invoking command in '/home/ubuntu/dev_ws/build/pigpio': /usr/bin/cmake --install /home/ubuntu/dev_ws/build/pigpio
[7.047s] -- Install configuration: ""
[7.056s] -- Up-to-date: /home/ubuntu/dev_ws/install/pigpio/lib/libpigpio.so
[7.064s] -- Up-to-date: /home/ubuntu/dev_ws/install/pigpio/lib/libpigpiod_if.so
[7.072s] -- Up-to-date: /home/ubuntu/dev_ws/install/pigpio/lib/libpigpiod_if2.so
[7.077s] -- Up-to-date: /home/ubuntu/dev_ws/install/pigpio/bin/pig2vcd
[7.085s] -- Up-to-date: /home/ubuntu/dev_ws/install/pigpio/bin/pigpiod
[7.095s] -- Up-to-date: /home/ubuntu/dev_ws/install/pigpio/bin/pigs
[7.103s] -- Up-to-date: /home/ubuntu/dev_ws/install/pigpio/lib/cmake/pigpio/pigpioTargets.cmake
[7.106s] -- Up-to-date: /home/ubuntu/dev_ws/install/pigpio/lib/cmake/pigpio/pigpioTargets-noconfig.cmake
[7.121s] -- Up-to-date: /home/ubuntu/dev_ws/install/pigpio/lib/cmake/pigpio/pigpioConfig.cmake
[7.123s] -- Up-to-date: /home/ubuntu/dev_ws/install/pigpio/lib/cmake/pigpio/pigpioConfigVersion.cmake
[7.128s] -- Up-to-date: /home/ubuntu/dev_ws/install/pigpio/include/pigpio.h
[7.129s] -- Up-to-date: /home/ubuntu/dev_ws/install/pigpio/include/pigpiod_if.h
[7.131s] -- Up-to-date: /home/ubuntu/dev_ws/install/pigpio/include/pigpiod_if2.h
[7.139s] -- Up-to-date: /home/ubuntu/dev_ws/install/pigpio/man/man1/libpigpio.so.1
[7.141s] -- Up-to-date: /home/ubuntu/dev_ws/install/pigpio/man/man1/libpigpiod_if.so.1
[7.143s] -- Up-to-date: /home/ubuntu/dev_ws/install/pigpio/man/man1/libpigpiod_if2.so.1
[7.145s] -- Up-to-date: /home/ubuntu/dev_ws/install/pigpio/man/man1/pig2vcd.1
[7.148s] -- Up-to-date: /home/ubuntu/dev_ws/install/pigpio/man/man1/pigpiod.1
[7.149s] -- Up-to-date: /home/ubuntu/dev_ws/install/pigpio/man/man1/pigs.1
[7.151s] -- Up-to-date: /home/ubuntu/dev_ws/install/pigpio/man/man3/pigpio.3
[7.152s] -- Up-to-date: /home/ubuntu/dev_ws/install/pigpio/man/man3/pigpiod_if.3
[7.164s] -- Up-to-date: /home/ubuntu/dev_ws/install/pigpio/man/man3/pigpiod_if2.3
[7.770s] running install
[7.789s] running build
[7.791s] running build_py
[7.816s] running install_lib
[7.886s] running install_egg_info
[7.899s] Writing /usr/local/lib/python3.8/dist-packages/pigpio-1.44.egg-info
[7.902s] error: [Errno 13] Permission denied: '/usr/local/lib/python3.8/dist-packages/pigpio-1.44.egg-info'
[7.974s] Invoked command in '/home/ubuntu/dev_ws/build/pigpio' returned '0': /usr/bin/cmake --install /home/ubuntu/dev_ws/build/pigpio
