[3.147s] Invoking command in '/home/ubuntu/dev_ws/src/py_pubsub': PYTHONPATH=/home/ubuntu/dev_ws/src/build/py_pubsub/prefix_override:/usr/lib/python3/dist-packages/colcon_core/task/python/colcon_distutils_commands:/home/ubuntu/dev_ws/src/install/py_pubsub/lib/python3.8/site-packages:${PYTHONPATH} /usr/bin/python3 -W ignore:setup.py install is deprecated setup.py egg_info --egg-base ../build/py_pubsub build --build-base /home/ubuntu/dev_ws/src/build/py_pubsub/build install --record /home/ubuntu/dev_ws/src/build/py_pubsub/install.log --install-scripts $base/lib/py_pubsub --single-version-externally-managed install_data
[4.230s] running egg_info
[4.232s] creating ../build/py_pubsub/py_pubsub.egg-info
[4.233s] writing ../build/py_pubsub/py_pubsub.egg-info/PKG-INFO
[4.235s] writing dependency_links to ../build/py_pubsub/py_pubsub.egg-info/dependency_links.txt
[4.236s] writing entry points to ../build/py_pubsub/py_pubsub.egg-info/entry_points.txt
[4.236s] writing requirements to ../build/py_pubsub/py_pubsub.egg-info/requires.txt
[4.237s] writing top-level names to ../build/py_pubsub/py_pubsub.egg-info/top_level.txt
[4.250s] writing manifest file '../build/py_pubsub/py_pubsub.egg-info/SOURCES.txt'
[4.433s] reading manifest file '../build/py_pubsub/py_pubsub.egg-info/SOURCES.txt'
[4.437s] writing manifest file '../build/py_pubsub/py_pubsub.egg-info/SOURCES.txt'
[4.438s] running build
[4.438s] running build_py
[4.439s] creating /home/ubuntu/dev_ws/src/build/py_pubsub/build
[4.440s] creating /home/ubuntu/dev_ws/src/build/py_pubsub/build/lib
[4.440s] creating /home/ubuntu/dev_ws/src/build/py_pubsub/build/lib/py_pubsub
[4.441s] copying py_pubsub/motor_driver.py -> /home/ubuntu/dev_ws/src/build/py_pubsub/build/lib/py_pubsub
[4.441s] copying py_pubsub/__init__.py -> /home/ubuntu/dev_ws/src/build/py_pubsub/build/lib/py_pubsub
[4.442s] running install
[4.447s] running install_lib
[4.453s] creating /home/ubuntu/dev_ws/src/install/py_pubsub/lib/python3.8/site-packages/py_pubsub
[4.454s] copying /home/ubuntu/dev_ws/src/build/py_pubsub/build/lib/py_pubsub/motor_driver.py -> /home/ubuntu/dev_ws/src/install/py_pubsub/lib/python3.8/site-packages/py_pubsub
[4.454s] copying /home/ubuntu/dev_ws/src/build/py_pubsub/build/lib/py_pubsub/__init__.py -> /home/ubuntu/dev_ws/src/install/py_pubsub/lib/python3.8/site-packages/py_pubsub
[4.457s] byte-compiling /home/ubuntu/dev_ws/src/install/py_pubsub/lib/python3.8/site-packages/py_pubsub/motor_driver.py to motor_driver.cpython-38.pyc
[4.465s] byte-compiling /home/ubuntu/dev_ws/src/install/py_pubsub/lib/python3.8/site-packages/py_pubsub/__init__.py to __init__.cpython-38.pyc
[4.466s] running install_data
[4.467s] creating /home/ubuntu/dev_ws/src/install/py_pubsub/share/ament_index
[4.467s] creating /home/ubuntu/dev_ws/src/install/py_pubsub/share/ament_index/resource_index
[4.468s] creating /home/ubuntu/dev_ws/src/install/py_pubsub/share/ament_index/resource_index/packages
[4.468s] copying resource/py_pubsub -> /home/ubuntu/dev_ws/src/install/py_pubsub/share/ament_index/resource_index/packages
[4.468s] copying package.xml -> /home/ubuntu/dev_ws/src/install/py_pubsub/share/py_pubsub
[4.469s] running install_egg_info
[4.480s] Copying ../build/py_pubsub/py_pubsub.egg-info to /home/ubuntu/dev_ws/src/install/py_pubsub/lib/python3.8/site-packages/py_pubsub-0.0.0-py3.8.egg-info
[4.485s] running install_scripts
[4.583s] writing list of installed files to '/home/ubuntu/dev_ws/src/build/py_pubsub/install.log'
[4.718s] Invoked command in '/home/ubuntu/dev_ws/src/py_pubsub' returned '0': PYTHONPATH=/home/ubuntu/dev_ws/src/build/py_pubsub/prefix_override:/usr/lib/python3/dist-packages/colcon_core/task/python/colcon_distutils_commands:/home/ubuntu/dev_ws/src/install/py_pubsub/lib/python3.8/site-packages:${PYTHONPATH} /usr/bin/python3 -W ignore:setup.py install is deprecated setup.py egg_info --egg-base ../build/py_pubsub build --build-base /home/ubuntu/dev_ws/src/build/py_pubsub/build install --record /home/ubuntu/dev_ws/src/build/py_pubsub/install.log --install-scripts $base/lib/py_pubsub --single-version-externally-managed install_data
