[4.060s] Invoking command in '/home/ubuntu/dev_ws/src/py_pubsub': PYTHONPATH=/home/ubuntu/dev_ws/build/py_pubsub/prefix_override:/usr/lib/python3/dist-packages/colcon_core/task/python/colcon_distutils_commands:/home/ubuntu/dev_ws/install/py_pubsub/lib/python3.8/site-packages:${PYTHONPATH} /usr/bin/python3 -W ignore:setup.py install is deprecated setup.py egg_info --egg-base ../../build/py_pubsub build --build-base /home/ubuntu/dev_ws/build/py_pubsub/build install --record /home/ubuntu/dev_ws/build/py_pubsub/install.log --install-scripts $base/lib/py_pubsub --single-version-externally-managed install_data
[5.171s] running egg_info
[5.174s] writing ../../build/py_pubsub/py_pubsub.egg-info/PKG-INFO
[5.175s] writing dependency_links to ../../build/py_pubsub/py_pubsub.egg-info/dependency_links.txt
[5.176s] writing entry points to ../../build/py_pubsub/py_pubsub.egg-info/entry_points.txt
[5.178s] writing requirements to ../../build/py_pubsub/py_pubsub.egg-info/requires.txt
[5.178s] writing top-level names to ../../build/py_pubsub/py_pubsub.egg-info/top_level.txt
[5.334s] reading manifest file '../../build/py_pubsub/py_pubsub.egg-info/SOURCES.txt'
[5.339s] writing manifest file '../../build/py_pubsub/py_pubsub.egg-info/SOURCES.txt'
[5.341s] running build
[5.342s] running build_py
[5.343s] copying py_pubsub/motor_driver.py -> /home/ubuntu/dev_ws/build/py_pubsub/build/lib/py_pubsub
[5.343s] running install
[5.347s] running install_lib
[5.351s] copying /home/ubuntu/dev_ws/build/py_pubsub/build/lib/py_pubsub/motor_driver.py -> /home/ubuntu/dev_ws/install/py_pubsub/lib/python3.8/site-packages/py_pubsub
[5.354s] byte-compiling /home/ubuntu/dev_ws/install/py_pubsub/lib/python3.8/site-packages/py_pubsub/motor_driver.py to motor_driver.cpython-38.pyc
[5.360s] running install_data
[5.361s] copying package.xml -> /home/ubuntu/dev_ws/install/py_pubsub/share/py_pubsub
[5.362s] running install_egg_info
[5.369s] removing '/home/ubuntu/dev_ws/install/py_pubsub/lib/python3.8/site-packages/py_pubsub-0.0.0-py3.8.egg-info' (and everything under it)
[5.370s] Copying ../../build/py_pubsub/py_pubsub.egg-info to /home/ubuntu/dev_ws/install/py_pubsub/lib/python3.8/site-packages/py_pubsub-0.0.0-py3.8.egg-info
[5.375s] running install_scripts
[5.446s] Installing controller script to /home/ubuntu/dev_ws/install/py_pubsub/lib/py_pubsub
[5.448s] writing list of installed files to '/home/ubuntu/dev_ws/build/py_pubsub/install.log'
[5.547s] Invoked command in '/home/ubuntu/dev_ws/src/py_pubsub' returned '0': PYTHONPATH=/home/ubuntu/dev_ws/build/py_pubsub/prefix_override:/usr/lib/python3/dist-packages/colcon_core/task/python/colcon_distutils_commands:/home/ubuntu/dev_ws/install/py_pubsub/lib/python3.8/site-packages:${PYTHONPATH} /usr/bin/python3 -W ignore:setup.py install is deprecated setup.py egg_info --egg-base ../../build/py_pubsub build --build-base /home/ubuntu/dev_ws/build/py_pubsub/build install --record /home/ubuntu/dev_ws/build/py_pubsub/install.log --install-scripts $base/lib/py_pubsub --single-version-externally-managed install_data
