[3.194s] Invoking command in '/home/ubuntu/dev_ws/src/motor_controller': PYTHONPATH=/home/ubuntu/dev_ws/build/motor_controller/prefix_override:/usr/lib/python3/dist-packages/colcon_core/task/python/colcon_distutils_commands:/home/ubuntu/dev_ws/install/motor_controller/lib/python3.8/site-packages:${PYTHONPATH} /usr/bin/python3 -W ignore:setup.py install is deprecated setup.py egg_info --egg-base ../../build/motor_controller build --build-base /home/ubuntu/dev_ws/build/motor_controller/build install --record /home/ubuntu/dev_ws/build/motor_controller/install.log --install-scripts $base/lib/motor_controller --single-version-externally-managed install_data
[4.274s] running egg_info
[4.277s] writing ../../build/motor_controller/motor_controller.egg-info/PKG-INFO
[4.278s] writing dependency_links to ../../build/motor_controller/motor_controller.egg-info/dependency_links.txt
[4.279s] writing entry points to ../../build/motor_controller/motor_controller.egg-info/entry_points.txt
[4.280s] writing requirements to ../../build/motor_controller/motor_controller.egg-info/requires.txt
[4.281s] writing top-level names to ../../build/motor_controller/motor_controller.egg-info/top_level.txt
[4.429s] reading manifest file '../../build/motor_controller/motor_controller.egg-info/SOURCES.txt'
[4.433s] writing manifest file '../../build/motor_controller/motor_controller.egg-info/SOURCES.txt'
[4.434s] running build
[4.435s] running build_py
[4.436s] running install
[4.439s] running install_lib
[4.446s] running install_data
[4.446s] running install_egg_info
[4.454s] removing '/home/ubuntu/dev_ws/install/motor_controller/lib/python3.8/site-packages/motor_controller-0.0.0-py3.8.egg-info' (and everything under it)
[4.456s] Copying ../../build/motor_controller/motor_controller.egg-info to /home/ubuntu/dev_ws/install/motor_controller/lib/python3.8/site-packages/motor_controller-0.0.0-py3.8.egg-info
[4.462s] running install_scripts
[4.535s] Installing controller script to /home/ubuntu/dev_ws/install/motor_controller/lib/motor_controller
[4.537s] writing list of installed files to '/home/ubuntu/dev_ws/build/motor_controller/install.log'
[4.646s] Invoked command in '/home/ubuntu/dev_ws/src/motor_controller' returned '0': PYTHONPATH=/home/ubuntu/dev_ws/build/motor_controller/prefix_override:/usr/lib/python3/dist-packages/colcon_core/task/python/colcon_distutils_commands:/home/ubuntu/dev_ws/install/motor_controller/lib/python3.8/site-packages:${PYTHONPATH} /usr/bin/python3 -W ignore:setup.py install is deprecated setup.py egg_info --egg-base ../../build/motor_controller build --build-base /home/ubuntu/dev_ws/build/motor_controller/build install --record /home/ubuntu/dev_ws/build/motor_controller/install.log --install-scripts $base/lib/motor_controller --single-version-externally-managed install_data
