[17.270s] Invoking command in '/home/ubuntu/dev_ws/build/motor_controller': PYTHONPATH=/home/ubuntu/dev_ws/build/motor_controller/prefix_override:/usr/lib/python3/dist-packages/colcon_core/task/python/colcon_distutils_commands:/home/ubuntu/dev_ws/install/motor_controller/lib/python3.8/site-packages: /usr/bin/python3 -W ignore:setup.py install is deprecated setup.py develop --editable --build-directory /home/ubuntu/dev_ws/build/motor_controller/build --no-deps symlink_data
[21.696s] running develop
[24.532s] running egg_info
[24.535s] writing motor_controller.egg-info/PKG-INFO
[24.538s] writing dependency_links to motor_controller.egg-info/dependency_links.txt
[24.540s] writing entry points to motor_controller.egg-info/entry_points.txt
[24.543s] writing requirements to motor_controller.egg-info/requires.txt
[24.544s] writing top-level names to motor_controller.egg-info/top_level.txt
[24.950s] reading manifest file 'motor_controller.egg-info/SOURCES.txt'
[24.962s] writing manifest file 'motor_controller.egg-info/SOURCES.txt'
[25.476s] running build_ext
[25.482s] Creating /home/ubuntu/dev_ws/install/motor_controller/lib/python3.8/site-packages/motor-controller.egg-link (link to .)
[25.498s] Installing controller script to /home/ubuntu/dev_ws/install/motor_controller/lib/motor_controller
[25.502s] Installing estop script to /home/ubuntu/dev_ws/install/motor_controller/lib/motor_controller
[25.510s] Installing relay script to /home/ubuntu/dev_ws/install/motor_controller/lib/motor_controller
[25.514s] Installing salter script to /home/ubuntu/dev_ws/install/motor_controller/lib/motor_controller
[25.522s] 
[25.524s] Installed /home/ubuntu/dev_ws/build/motor_controller
[25.527s] running symlink_data
[25.831s] Invoked command in '/home/ubuntu/dev_ws/build/motor_controller' returned '0': PYTHONPATH=/home/ubuntu/dev_ws/build/motor_controller/prefix_override:/usr/lib/python3/dist-packages/colcon_core/task/python/colcon_distutils_commands:/home/ubuntu/dev_ws/install/motor_controller/lib/python3.8/site-packages: /usr/bin/python3 -W ignore:setup.py install is deprecated setup.py develop --editable --build-directory /home/ubuntu/dev_ws/build/motor_controller/build --no-deps symlink_data
