[4.377s] Invoking command in '/home/ubuntu/dev_ws/build/pigpio': /usr/bin/cmake --build /home/ubuntu/dev_ws/build/pigpio -- -j4 -l4
[5.164s] [ 13%] Built target pigpio
[5.475s] [ 26%] Built target pigs
[5.857s] [ 39%] Built target pig2vcd
[6.390s] [ 47%] Built target pigpiod
[6.825s] [ 56%] Built target x_pigpio
[7.261s] [ 69%] Built target pigpiod_if2
[7.646s] [ 82%] Built target pigpiod_if
[8.164s] [ 91%] Built target x_pigpiod_if2
[8.572s] [100%] Built target x_pigpiod_if
[8.823s] Invoked command in '/home/ubuntu/dev_ws/build/pigpio' returned '0': /usr/bin/cmake --build /home/ubuntu/dev_ws/build/pigpio -- -j4 -l4
[9.857s] Invoking command in '/home/ubuntu/dev_ws/build/pigpio': /usr/bin/cmake --install /home/ubuntu/dev_ws/build/pigpio
[9.980s] -- Install configuration: ""
[9.988s] -- Up-to-date: /home/ubuntu/dev_ws/install/pigpio/lib/libpigpio.so
[9.997s] -- Up-to-date: /home/ubuntu/dev_ws/install/pigpio/lib/libpigpiod_if.so
[10.005s] -- Up-to-date: /home/ubuntu/dev_ws/install/pigpio/lib/libpigpiod_if2.so
[10.015s] -- Up-to-date: /home/ubuntu/dev_ws/install/pigpio/bin/pig2vcd
[10.022s] -- Up-to-date: /home/ubuntu/dev_ws/install/pigpio/bin/pigpiod
[10.033s] -- Up-to-date: /home/ubuntu/dev_ws/install/pigpio/bin/pigs
[10.043s] -- Up-to-date: /home/ubuntu/dev_ws/install/pigpio/lib/cmake/pigpio/pigpioTargets.cmake
[10.050s] -- Up-to-date: /home/ubuntu/dev_ws/install/pigpio/lib/cmake/pigpio/pigpioTargets-noconfig.cmake
[10.056s] -- Up-to-date: /home/ubuntu/dev_ws/install/pigpio/lib/cmake/pigpio/pigpioConfig.cmake
[10.061s] -- Up-to-date: /home/ubuntu/dev_ws/install/pigpio/lib/cmake/pigpio/pigpioConfigVersion.cmake
[10.067s] -- Up-to-date: /home/ubuntu/dev_ws/install/pigpio/include/pigpio.h
[10.074s] -- Up-to-date: /home/ubuntu/dev_ws/install/pigpio/include/pigpiod_if.h
[10.081s] -- Up-to-date: /home/ubuntu/dev_ws/install/pigpio/include/pigpiod_if2.h
[10.086s] -- Up-to-date: /home/ubuntu/dev_ws/install/pigpio/man/man1/libpigpio.so.1
[10.091s] -- Up-to-date: /home/ubuntu/dev_ws/install/pigpio/man/man1/libpigpiod_if.so.1
[10.094s] -- Up-to-date: /home/ubuntu/dev_ws/install/pigpio/man/man1/libpigpiod_if2.so.1
[10.103s] -- Up-to-date: /home/ubuntu/dev_ws/install/pigpio/man/man1/pig2vcd.1
[10.104s] -- Up-to-date: /home/ubuntu/dev_ws/install/pigpio/man/man1/pigpiod.1
[10.111s] -- Up-to-date: /home/ubuntu/dev_ws/install/pigpio/man/man1/pigs.1
[10.112s] -- Up-to-date: /home/ubuntu/dev_ws/install/pigpio/man/man3/pigpio.3
[10.114s] -- Up-to-date: /home/ubuntu/dev_ws/install/pigpio/man/man3/pigpiod_if.3
[10.115s] -- Up-to-date: /home/ubuntu/dev_ws/install/pigpio/man/man3/pigpiod_if2.3
[10.617s] running install
[10.635s] running build
[10.641s] running build_py
[10.658s] running install_lib
[10.737s] running install_egg_info
[10.746s] Writing /usr/local/lib/python3.8/dist-packages/pigpio-1.44.egg-info
[10.757s] error: [Errno 13] Permission denied: '/usr/local/lib/python3.8/dist-packages/pigpio-1.44.egg-info'
[10.985s] Invoked command in '/home/ubuntu/dev_ws/build/pigpio' returned '0': /usr/bin/cmake --install /home/ubuntu/dev_ws/build/pigpio
