running develop
Removing /home/ubuntu/dev_ws/install/motor_controller/lib/python3.8/site-packages/motor-controller.egg-link (link to .)
running egg_info
writing ../../build/motor_controller/motor_controller.egg-info/PKG-INFO
writing dependency_links to ../../build/motor_controller/motor_controller.egg-info/dependency_links.txt
writing entry points to ../../build/motor_controller/motor_controller.egg-info/entry_points.txt
writing requirements to ../../build/motor_controller/motor_controller.egg-info/requires.txt
writing top-level names to ../../build/motor_controller/motor_controller.egg-info/top_level.txt
reading manifest file '../../build/motor_controller/motor_controller.egg-info/SOURCES.txt'
writing manifest file '../../build/motor_controller/motor_controller.egg-info/SOURCES.txt'
running build
running build_py
copying motor_controller/salter.py -> /home/ubuntu/dev_ws/build/motor_controller/build/lib/motor_controller
copying motor_controller/relay.py -> /home/ubuntu/dev_ws/build/motor_controller/build/lib/motor_controller
running install
running install_lib
creating /home/ubuntu/dev_ws/install/motor_controller/lib/python3.8/site-packages/motor_controller
copying /home/ubuntu/dev_ws/build/motor_controller/build/lib/motor_controller/salter.py -> /home/ubuntu/dev_ws/install/motor_controller/lib/python3.8/site-packages/motor_controller
copying /home/ubuntu/dev_ws/build/motor_controller/build/lib/motor_controller/motor_driver.py -> /home/ubuntu/dev_ws/install/motor_controller/lib/python3.8/site-packages/motor_controller
copying /home/ubuntu/dev_ws/build/motor_controller/build/lib/motor_controller/relay.py -> /home/ubuntu/dev_ws/install/motor_controller/lib/python3.8/site-packages/motor_controller
copying /home/ubuntu/dev_ws/build/motor_controller/build/lib/motor_controller/__init__.py -> /home/ubuntu/dev_ws/install/motor_controller/lib/python3.8/site-packages/motor_controller
byte-compiling /home/ubuntu/dev_ws/install/motor_controller/lib/python3.8/site-packages/motor_controller/salter.py to salter.cpython-38.pyc
byte-compiling /home/ubuntu/dev_ws/install/motor_controller/lib/python3.8/site-packages/motor_controller/motor_driver.py to motor_driver.cpython-38.pyc
byte-compiling /home/ubuntu/dev_ws/install/motor_controller/lib/python3.8/site-packages/motor_controller/relay.py to relay.cpython-38.pyc
byte-compiling /home/ubuntu/dev_ws/install/motor_controller/lib/python3.8/site-packages/motor_controller/__init__.py to __init__.cpython-38.pyc
running install_data
copying resource/motor_controller -> /home/ubuntu/dev_ws/install/motor_controller/share/ament_index/resource_index/packages
copying package.xml -> /home/ubuntu/dev_ws/install/motor_controller/share/motor_controller
running install_egg_info
Copying ../../build/motor_controller/motor_controller.egg-info to /home/ubuntu/dev_ws/install/motor_controller/lib/python3.8/site-packages/motor_controller-0.0.0-py3.8.egg-info
running install_scripts
Installing controller script to /home/ubuntu/dev_ws/install/motor_controller/lib/motor_controller
Installing relay script to /home/ubuntu/dev_ws/install/motor_controller/lib/motor_controller
Installing salter script to /home/ubuntu/dev_ws/install/motor_controller/lib/motor_controller
writing list of installed files to '/home/ubuntu/dev_ws/build/motor_controller/install.log'
