[2.253s] DEBUG:colcon:Command line arguments: ['/usr/bin/colcon', 'build', '--symlink-install']
[2.254s] DEBUG:colcon:Parsed command line arguments: Namespace(allow_overriding=[], ament_cmake_args=None, base_paths=['.'], build_base='build', catkin_cmake_args=None, catkin_skip_building_tests=False, cmake_args=None, cmake_clean_cache=False, cmake_clean_first=False, cmake_force_configure=False, cmake_target=None, cmake_target_skip_unavailable=False, continue_on_error=False, event_handlers=None, executor='parallel', ignore_user_meta=False, install_base='install', log_base=None, log_level=None, main=<bound method BuildVerb.main of <colcon_core.verb.build.BuildVerb object at 0xffffb186a310>>, merge_install=False, metas=['./colcon.meta'], mixin=None, mixin_files=None, mixin_verb=('build',), packages_above=None, packages_above_and_dependencies=None, packages_above_depth=None, packages_end=None, packages_ignore=None, packages_ignore_regex=None, packages_select=None, packages_select_build_failed=False, packages_select_by_dep=None, packages_select_regex=None, packages_select_test_failures=False, packages_skip=None, packages_skip_build_finished=False, packages_skip_by_dep=None, packages_skip_regex=None, packages_skip_test_passed=False, packages_skip_up_to=None, packages_start=None, packages_up_to=None, packages_up_to_regex=None, parallel_workers=4, paths=None, symlink_install=True, test_result_base=None, verb_extension=<colcon_core.verb.build.BuildVerb object at 0xffffb186a310>, verb_name='build', verb_parser=<colcon_mixin.mixin.mixin_argument.MixinArgumentDecorator object at 0xffffb17d42e0>)
[4.288s] Level 1:colcon.colcon_core.package_discovery:discover_packages(colcon_meta) check parameters
[4.290s] Level 1:colcon.colcon_core.package_discovery:discover_packages(recursive) check parameters
[4.290s] Level 1:colcon.colcon_core.package_discovery:discover_packages(ignore) check parameters
[4.291s] Level 1:colcon.colcon_core.package_discovery:discover_packages(path) check parameters
[4.291s] Level 1:colcon.colcon_core.package_discovery:discover_packages(colcon_meta) discover
[4.292s] Level 1:colcon.colcon_core.package_discovery:discover_packages(recursive) discover
[4.292s] INFO:colcon.colcon_core.package_discovery:Crawling recursively for packages in '/home/ubuntu/dev_ws/src'
[4.293s] Level 1:colcon.colcon_core.package_identification:_identify(.) by extensions ['ignore', 'ignore_ament_install']
[4.294s] Level 1:colcon.colcon_core.package_identification:_identify(.) by extension 'ignore'
[4.295s] Level 1:colcon.colcon_core.package_identification:_identify(.) by extension 'ignore_ament_install'
[4.296s] Level 1:colcon.colcon_core.package_identification:_identify(.) by extensions ['colcon_pkg']
[4.296s] Level 1:colcon.colcon_core.package_identification:_identify(.) by extension 'colcon_pkg'
[4.296s] Level 1:colcon.colcon_core.package_identification:_identify(.) by extensions ['colcon_meta']
[4.297s] Level 1:colcon.colcon_core.package_identification:_identify(.) by extension 'colcon_meta'
[4.297s] Level 1:colcon.colcon_core.package_identification:_identify(.) by extensions ['ros']
[4.298s] Level 1:colcon.colcon_core.package_identification:_identify(.) by extension 'ros'
[4.413s] Level 1:colcon.colcon_core.package_identification:_identify(.) by extensions ['cmake', 'python']
[4.413s] Level 1:colcon.colcon_core.package_identification:_identify(.) by extension 'cmake'
[4.414s] Level 1:colcon.colcon_core.package_identification:_identify(.) by extension 'python'
[4.415s] Level 1:colcon.colcon_core.package_identification:_identify(.) by extensions ['python_setup_py']
[4.415s] Level 1:colcon.colcon_core.package_identification:_identify(.) by extension 'python_setup_py'
[4.416s] Level 1:colcon.colcon_core.package_identification:_identify(build) by extensions ['ignore', 'ignore_ament_install']
[4.417s] Level 1:colcon.colcon_core.package_identification:_identify(build) by extension 'ignore'
[4.418s] Level 1:colcon.colcon_core.package_identification:_identify(build) ignored
[4.420s] Level 1:colcon.colcon_core.package_identification:_identify(install) by extensions ['ignore', 'ignore_ament_install']
[4.421s] Level 1:colcon.colcon_core.package_identification:_identify(install) by extension 'ignore'
[4.421s] Level 1:colcon.colcon_core.package_identification:_identify(install) ignored
[4.422s] Level 1:colcon.colcon_core.package_identification:_identify(log) by extensions ['ignore', 'ignore_ament_install']
[4.423s] Level 1:colcon.colcon_core.package_identification:_identify(log) by extension 'ignore'
[4.424s] Level 1:colcon.colcon_core.package_identification:_identify(log) ignored
[4.425s] Level 1:colcon.colcon_core.package_identification:_identify(motor_controller) by extensions ['ignore', 'ignore_ament_install']
[4.426s] Level 1:colcon.colcon_core.package_identification:_identify(motor_controller) by extension 'ignore'
[4.426s] Level 1:colcon.colcon_core.package_identification:_identify(motor_controller) by extension 'ignore_ament_install'
[4.427s] Level 1:colcon.colcon_core.package_identification:_identify(motor_controller) by extensions ['colcon_pkg']
[4.428s] Level 1:colcon.colcon_core.package_identification:_identify(motor_controller) by extension 'colcon_pkg'
[4.428s] Level 1:colcon.colcon_core.package_identification:_identify(motor_controller) by extensions ['colcon_meta']
[4.428s] Level 1:colcon.colcon_core.package_identification:_identify(motor_controller) by extension 'colcon_meta'
[4.429s] Level 1:colcon.colcon_core.package_identification:_identify(motor_controller) by extensions ['ros']
[4.429s] Level 1:colcon.colcon_core.package_identification:_identify(motor_controller) by extension 'ros'
[4.453s] DEBUG:colcon.colcon_core.package_identification:Package 'motor_controller' with type 'ros.ament_python' and name 'motor_controller'
[4.453s] Level 1:colcon.colcon_core.package_discovery:discover_packages(recursive) using defaults
[4.454s] Level 1:colcon.colcon_core.package_discovery:discover_packages(ignore) discover
[4.454s] Level 1:colcon.colcon_core.package_discovery:discover_packages(ignore) using defaults
[4.455s] Level 1:colcon.colcon_core.package_discovery:discover_packages(path) discover
[4.455s] Level 1:colcon.colcon_core.package_discovery:discover_packages(path) using defaults
[4.609s] Level 1:colcon.colcon_core.package_discovery:discover_packages(prefix_path) check parameters
[4.610s] Level 1:colcon.colcon_core.package_discovery:discover_packages(prefix_path) discover
[4.632s] DEBUG:colcon.colcon_installed_package_information.package_discovery:Found 0 installed packages in /home/ubuntu/dev_ws/launch/install
[4.654s] DEBUG:colcon.colcon_installed_package_information.package_discovery:Found 256 installed packages in /opt/ros/foxy
[4.755s] Level 1:colcon.colcon_core.package_discovery:discover_packages(prefix_path) using defaults
[5.778s] Level 5:colcon.colcon_core.verb:set package 'motor_controller' build argument 'cmake_args' from command line to 'None'
[5.778s] Level 5:colcon.colcon_core.verb:set package 'motor_controller' build argument 'cmake_target' from command line to 'None'
[5.779s] Level 5:colcon.colcon_core.verb:set package 'motor_controller' build argument 'cmake_target_skip_unavailable' from command line to 'False'
[5.779s] Level 5:colcon.colcon_core.verb:set package 'motor_controller' build argument 'cmake_clean_cache' from command line to 'False'
[5.779s] Level 5:colcon.colcon_core.verb:set package 'motor_controller' build argument 'cmake_clean_first' from command line to 'False'
[5.779s] Level 5:colcon.colcon_core.verb:set package 'motor_controller' build argument 'cmake_force_configure' from command line to 'False'
[5.780s] Level 5:colcon.colcon_core.verb:set package 'motor_controller' build argument 'ament_cmake_args' from command line to 'None'
[5.780s] Level 5:colcon.colcon_core.verb:set package 'motor_controller' build argument 'catkin_cmake_args' from command line to 'None'
[5.780s] Level 5:colcon.colcon_core.verb:set package 'motor_controller' build argument 'catkin_skip_building_tests' from command line to 'False'
[5.781s] DEBUG:colcon.colcon_core.verb:Building package 'motor_controller' with the following arguments: {'ament_cmake_args': None, 'build_base': '/home/ubuntu/dev_ws/src/build/motor_controller', 'catkin_cmake_args': None, 'catkin_skip_building_tests': False, 'cmake_args': None, 'cmake_clean_cache': False, 'cmake_clean_first': False, 'cmake_force_configure': False, 'cmake_target': None, 'cmake_target_skip_unavailable': False, 'install_base': '/home/ubuntu/dev_ws/src/install/motor_controller', 'merge_install': False, 'path': '/home/ubuntu/dev_ws/src/motor_controller', 'symlink_install': True, 'test_result_base': None}
[5.782s] INFO:colcon.colcon_core.executor:Executing jobs using 'parallel' executor
[5.791s] DEBUG:colcon.colcon_parallel_executor.executor.parallel:run_until_complete
[5.794s] INFO:colcon.colcon_ros.task.ament_python.build:Building ROS package in '/home/ubuntu/dev_ws/src/motor_controller' with build type 'ament_python'
[5.795s] Level 1:colcon.colcon_core.shell:create_environment_hook('motor_controller', 'ament_prefix_path')
[5.819s] INFO:colcon.colcon_core.plugin_system:Skipping extension 'colcon_core.shell.bat': Not used on non-Windows systems
[5.822s] INFO:colcon.colcon_core.shell:Creating environment hook '/home/ubuntu/dev_ws/src/install/motor_controller/share/motor_controller/hook/ament_prefix_path.ps1'
[5.833s] INFO:colcon.colcon_core.shell:Creating environment descriptor '/home/ubuntu/dev_ws/src/install/motor_controller/share/motor_controller/hook/ament_prefix_path.dsv'
[5.847s] INFO:colcon.colcon_core.shell:Creating environment hook '/home/ubuntu/dev_ws/src/install/motor_controller/share/motor_controller/hook/ament_prefix_path.sh'
[5.857s] INFO:colcon.colcon_core.shell:Skip shell extension 'powershell' for command environment: Not usable outside of PowerShell
[5.858s] DEBUG:colcon.colcon_core.shell:Skip shell extension 'dsv' for command environment
[9.604s] INFO:colcon.colcon_core.task.python.build:Building Python package in '/home/ubuntu/dev_ws/src/motor_controller'
[9.612s] INFO:colcon.colcon_core.shell:Skip shell extension 'powershell' for command environment: Not usable outside of PowerShell
[9.614s] DEBUG:colcon.colcon_core.shell:Skip shell extension 'dsv' for command environment
[15.329s] DEBUG:colcon.colcon_core.event_handler.log_command:Invoking command in '/home/ubuntu/dev_ws/src/build/motor_controller': PYTHONPATH=/home/ubuntu/dev_ws/src/build/motor_controller/prefix_override:/usr/lib/python3/dist-packages/colcon_core/task/python/colcon_distutils_commands:/home/ubuntu/dev_ws/src/install/motor_controller/lib/python3.8/site-packages:${PYTHONPATH} /usr/bin/python3 -W ignore:setup.py install is deprecated setup.py develop --editable --build-directory /home/ubuntu/dev_ws/src/build/motor_controller/build --no-deps symlink_data
[22.095s] Level 1:colcon.colcon_core.shell:create_environment_hook('motor_controller', 'pythonpath_develop')
[22.099s] INFO:colcon.colcon_core.shell:Creating environment hook '/home/ubuntu/dev_ws/src/build/motor_controller/share/motor_controller/hook/pythonpath_develop.ps1'
[22.104s] DEBUG:colcon.colcon_core.event_handler.log_command:Invoked command in '/home/ubuntu/dev_ws/src/build/motor_controller' returned '0': PYTHONPATH=/home/ubuntu/dev_ws/src/build/motor_controller/prefix_override:/usr/lib/python3/dist-packages/colcon_core/task/python/colcon_distutils_commands:/home/ubuntu/dev_ws/src/install/motor_controller/lib/python3.8/site-packages:${PYTHONPATH} /usr/bin/python3 -W ignore:setup.py install is deprecated setup.py develop --editable --build-directory /home/ubuntu/dev_ws/src/build/motor_controller/build --no-deps symlink_data
[22.110s] INFO:colcon.colcon_core.shell:Creating environment descriptor '/home/ubuntu/dev_ws/src/build/motor_controller/share/motor_controller/hook/pythonpath_develop.dsv'
[22.114s] INFO:colcon.colcon_core.shell:Creating environment hook '/home/ubuntu/dev_ws/src/build/motor_controller/share/motor_controller/hook/pythonpath_develop.sh'
[22.163s] Level 1:colcon.colcon_core.environment:checking '/home/ubuntu/dev_ws/src/install/motor_controller' for CMake module files
[22.169s] Level 1:colcon.colcon_core.environment:checking '/home/ubuntu/dev_ws/src/install/motor_controller' for CMake config files
[22.178s] Level 1:colcon.colcon_core.environment:checking '/home/ubuntu/dev_ws/src/install/motor_controller/lib'
[22.180s] Level 1:colcon.colcon_core.environment:checking '/home/ubuntu/dev_ws/src/install/motor_controller/bin'
[22.181s] Level 1:colcon.colcon_core.environment:checking '/home/ubuntu/dev_ws/src/install/motor_controller/lib/pkgconfig/motor_controller.pc'
[22.184s] Level 1:colcon.colcon_core.environment:checking '/home/ubuntu/dev_ws/src/install/motor_controller/lib/python3.8/site-packages'
[22.185s] Level 1:colcon.colcon_core.shell:create_environment_hook('motor_controller', 'pythonpath')
[22.187s] INFO:colcon.colcon_core.shell:Creating environment hook '/home/ubuntu/dev_ws/src/install/motor_controller/share/motor_controller/hook/pythonpath.ps1'
[22.192s] INFO:colcon.colcon_core.shell:Creating environment descriptor '/home/ubuntu/dev_ws/src/install/motor_controller/share/motor_controller/hook/pythonpath.dsv'
[22.197s] INFO:colcon.colcon_core.shell:Creating environment hook '/home/ubuntu/dev_ws/src/install/motor_controller/share/motor_controller/hook/pythonpath.sh'
[22.203s] Level 1:colcon.colcon_core.environment:checking '/home/ubuntu/dev_ws/src/install/motor_controller/bin'
[22.204s] Level 1:colcon.colcon_core.environment:create_environment_scripts_only(motor_controller)
[22.208s] INFO:colcon.colcon_core.shell:Creating package script '/home/ubuntu/dev_ws/src/install/motor_controller/share/motor_controller/package.ps1'
[22.217s] INFO:colcon.colcon_core.shell:Creating package descriptor '/home/ubuntu/dev_ws/src/install/motor_controller/share/motor_controller/package.dsv'
[22.224s] INFO:colcon.colcon_core.shell:Creating package script '/home/ubuntu/dev_ws/src/install/motor_controller/share/motor_controller/package.sh'
[22.241s] INFO:colcon.colcon_core.shell:Creating package script '/home/ubuntu/dev_ws/src/install/motor_controller/share/motor_controller/package.bash'
[22.254s] INFO:colcon.colcon_core.shell:Creating package script '/home/ubuntu/dev_ws/src/install/motor_controller/share/motor_controller/package.zsh'
[22.262s] Level 1:colcon.colcon_core.environment:create_file_with_runtime_dependencies(/home/ubuntu/dev_ws/src/install/motor_controller/share/colcon-core/packages/motor_controller)
[22.266s] DEBUG:colcon.colcon_parallel_executor.executor.parallel:closing loop
[22.269s] DEBUG:colcon.colcon_parallel_executor.executor.parallel:loop closed
[22.270s] DEBUG:colcon.colcon_parallel_executor.executor.parallel:run_until_complete finished with '0'
[22.271s] DEBUG:colcon.colcon_core.event_reactor:joining thread
[22.334s] INFO:colcon.colcon_core.plugin_system:Skipping extension 'colcon_notification.desktop_notification.terminal_notifier': Not used on non-Darwin systems
[22.336s] INFO:colcon.colcon_core.plugin_system:Skipping extension 'colcon_notification.desktop_notification.win32': Not used on non-Windows systems
[22.337s] INFO:colcon.colcon_notification.desktop_notification:Sending desktop notification using 'notify2'
[22.675s] DEBUG:colcon.colcon_core.event_reactor:joined thread
[22.679s] INFO:colcon.colcon_core.shell:Creating prefix script '/home/ubuntu/dev_ws/src/install/local_setup.ps1'
[22.690s] INFO:colcon.colcon_core.shell:Creating prefix util module '/home/ubuntu/dev_ws/src/install/_local_setup_util_ps1.py'
[22.708s] INFO:colcon.colcon_core.shell:Creating prefix chain script '/home/ubuntu/dev_ws/src/install/setup.ps1'
[22.735s] INFO:colcon.colcon_core.shell:Creating prefix script '/home/ubuntu/dev_ws/src/install/local_setup.sh'
[22.747s] INFO:colcon.colcon_core.shell:Creating prefix util module '/home/ubuntu/dev_ws/src/install/_local_setup_util_sh.py'
[22.764s] INFO:colcon.colcon_core.shell:Creating prefix chain script '/home/ubuntu/dev_ws/src/install/setup.sh'
[22.775s] INFO:colcon.colcon_core.shell:Creating prefix script '/home/ubuntu/dev_ws/src/install/local_setup.bash'
[22.782s] INFO:colcon.colcon_core.shell:Creating prefix chain script '/home/ubuntu/dev_ws/src/install/setup.bash'
[22.793s] INFO:colcon.colcon_core.shell:Creating prefix script '/home/ubuntu/dev_ws/src/install/local_setup.zsh'
[22.800s] INFO:colcon.colcon_core.shell:Creating prefix chain script '/home/ubuntu/dev_ws/src/install/setup.zsh'
