[2.226s] DEBUG:colcon:Command line arguments: ['/usr/bin/colcon', 'build', '--symlink-install']
[2.227s] DEBUG:colcon:Parsed command line arguments: Namespace(allow_overriding=[], ament_cmake_args=None, base_paths=['.'], build_base='build', catkin_cmake_args=None, catkin_skip_building_tests=False, cmake_args=None, cmake_clean_cache=False, cmake_clean_first=False, cmake_force_configure=False, cmake_target=None, cmake_target_skip_unavailable=False, continue_on_error=False, event_handlers=None, executor='parallel', ignore_user_meta=False, install_base='install', log_base=None, log_level=None, main=<bound method BuildVerb.main of <colcon_core.verb.build.BuildVerb object at 0xffff96168310>>, merge_install=False, metas=['./colcon.meta'], mixin=None, mixin_files=None, mixin_verb=('build',), packages_above=None, packages_above_and_dependencies=None, packages_above_depth=None, packages_end=None, packages_ignore=None, packages_ignore_regex=None, packages_select=None, packages_select_build_failed=False, packages_select_by_dep=None, packages_select_regex=None, packages_select_test_failures=False, packages_skip=None, packages_skip_build_finished=False, packages_skip_by_dep=None, packages_skip_regex=None, packages_skip_test_passed=False, packages_skip_up_to=None, packages_start=None, packages_up_to=None, packages_up_to_regex=None, parallel_workers=4, paths=None, symlink_install=True, test_result_base=None, verb_extension=<colcon_core.verb.build.BuildVerb object at 0xffff96168310>, verb_name='build', verb_parser=<colcon_mixin.mixin.mixin_argument.MixinArgumentDecorator object at 0xffff960d22e0>)
[4.298s] Level 1:colcon.colcon_core.package_discovery:discover_packages(colcon_meta) check parameters
[4.299s] Level 1:colcon.colcon_core.package_discovery:discover_packages(recursive) check parameters
[4.300s] Level 1:colcon.colcon_core.package_discovery:discover_packages(ignore) check parameters
[4.300s] Level 1:colcon.colcon_core.package_discovery:discover_packages(path) check parameters
[4.301s] Level 1:colcon.colcon_core.package_discovery:discover_packages(colcon_meta) discover
[4.301s] Level 1:colcon.colcon_core.package_discovery:discover_packages(recursive) discover
[4.302s] INFO:colcon.colcon_core.package_discovery:Crawling recursively for packages in '/home/ubuntu/dev_ws'
[4.303s] Level 1:colcon.colcon_core.package_identification:_identify(.) by extensions ['ignore', 'ignore_ament_install']
[4.304s] Level 1:colcon.colcon_core.package_identification:_identify(.) by extension 'ignore'
[4.305s] Level 1:colcon.colcon_core.package_identification:_identify(.) by extension 'ignore_ament_install'
[4.305s] Level 1:colcon.colcon_core.package_identification:_identify(.) by extensions ['colcon_pkg']
[4.306s] Level 1:colcon.colcon_core.package_identification:_identify(.) by extension 'colcon_pkg'
[4.306s] Level 1:colcon.colcon_core.package_identification:_identify(.) by extensions ['colcon_meta']
[4.307s] Level 1:colcon.colcon_core.package_identification:_identify(.) by extension 'colcon_meta'
[4.307s] Level 1:colcon.colcon_core.package_identification:_identify(.) by extensions ['ros']
[4.307s] Level 1:colcon.colcon_core.package_identification:_identify(.) by extension 'ros'
[4.425s] Level 1:colcon.colcon_core.package_identification:_identify(.) by extensions ['cmake', 'python']
[4.426s] Level 1:colcon.colcon_core.package_identification:_identify(.) by extension 'cmake'
[4.426s] Level 1:colcon.colcon_core.package_identification:_identify(.) by extension 'python'
[4.427s] Level 1:colcon.colcon_core.package_identification:_identify(.) by extensions ['python_setup_py']
[4.427s] Level 1:colcon.colcon_core.package_identification:_identify(.) by extension 'python_setup_py'
[4.429s] Level 1:colcon.colcon_core.package_identification:_identify(build) by extensions ['ignore', 'ignore_ament_install']
[4.430s] Level 1:colcon.colcon_core.package_identification:_identify(build) by extension 'ignore'
[4.430s] Level 1:colcon.colcon_core.package_identification:_identify(build) ignored
[4.432s] Level 1:colcon.colcon_core.package_identification:_identify(install) by extensions ['ignore', 'ignore_ament_install']
[4.433s] Level 1:colcon.colcon_core.package_identification:_identify(install) by extension 'ignore'
[4.434s] Level 1:colcon.colcon_core.package_identification:_identify(install) ignored
[4.435s] Level 1:colcon.colcon_core.package_identification:_identify(launch) by extensions ['ignore', 'ignore_ament_install']
[4.436s] Level 1:colcon.colcon_core.package_identification:_identify(launch) by extension 'ignore'
[4.436s] Level 1:colcon.colcon_core.package_identification:_identify(launch) by extension 'ignore_ament_install'
[4.437s] Level 1:colcon.colcon_core.package_identification:_identify(launch) by extensions ['colcon_pkg']
[4.437s] Level 1:colcon.colcon_core.package_identification:_identify(launch) by extension 'colcon_pkg'
[4.438s] Level 1:colcon.colcon_core.package_identification:_identify(launch) by extensions ['colcon_meta']
[4.438s] Level 1:colcon.colcon_core.package_identification:_identify(launch) by extension 'colcon_meta'
[4.439s] Level 1:colcon.colcon_core.package_identification:_identify(launch) by extensions ['ros']
[4.439s] Level 1:colcon.colcon_core.package_identification:_identify(launch) by extension 'ros'
[4.440s] Level 1:colcon.colcon_core.package_identification:_identify(launch) by extensions ['cmake', 'python']
[4.440s] Level 1:colcon.colcon_core.package_identification:_identify(launch) by extension 'cmake'
[4.441s] Level 1:colcon.colcon_core.package_identification:_identify(launch) by extension 'python'
[4.441s] Level 1:colcon.colcon_core.package_identification:_identify(launch) by extensions ['python_setup_py']
[4.442s] Level 1:colcon.colcon_core.package_identification:_identify(launch) by extension 'python_setup_py'
[4.443s] Level 1:colcon.colcon_core.package_identification:_identify(launch/__pycache__) by extensions ['ignore', 'ignore_ament_install']
[4.444s] Level 1:colcon.colcon_core.package_identification:_identify(launch/__pycache__) by extension 'ignore'
[4.444s] Level 1:colcon.colcon_core.package_identification:_identify(launch/__pycache__) by extension 'ignore_ament_install'
[4.445s] Level 1:colcon.colcon_core.package_identification:_identify(launch/__pycache__) by extensions ['colcon_pkg']
[4.445s] Level 1:colcon.colcon_core.package_identification:_identify(launch/__pycache__) by extension 'colcon_pkg'
[4.446s] Level 1:colcon.colcon_core.package_identification:_identify(launch/__pycache__) by extensions ['colcon_meta']
[4.446s] Level 1:colcon.colcon_core.package_identification:_identify(launch/__pycache__) by extension 'colcon_meta'
[4.447s] Level 1:colcon.colcon_core.package_identification:_identify(launch/__pycache__) by extensions ['ros']
[4.447s] Level 1:colcon.colcon_core.package_identification:_identify(launch/__pycache__) by extension 'ros'
[4.448s] Level 1:colcon.colcon_core.package_identification:_identify(launch/__pycache__) by extensions ['cmake', 'python']
[4.449s] Level 1:colcon.colcon_core.package_identification:_identify(launch/__pycache__) by extension 'cmake'
[4.449s] Level 1:colcon.colcon_core.package_identification:_identify(launch/__pycache__) by extension 'python'
[4.449s] Level 1:colcon.colcon_core.package_identification:_identify(launch/__pycache__) by extensions ['python_setup_py']
[4.450s] Level 1:colcon.colcon_core.package_identification:_identify(launch/__pycache__) by extension 'python_setup_py'
[4.451s] Level 1:colcon.colcon_core.package_identification:_identify(launch/build) by extensions ['ignore', 'ignore_ament_install']
[4.452s] Level 1:colcon.colcon_core.package_identification:_identify(launch/build) by extension 'ignore'
[4.453s] Level 1:colcon.colcon_core.package_identification:_identify(launch/build) ignored
[4.454s] Level 1:colcon.colcon_core.package_identification:_identify(launch/install) by extensions ['ignore', 'ignore_ament_install']
[4.455s] Level 1:colcon.colcon_core.package_identification:_identify(launch/install) by extension 'ignore'
[4.455s] Level 1:colcon.colcon_core.package_identification:_identify(launch/install) ignored
[4.457s] Level 1:colcon.colcon_core.package_identification:_identify(launch/log) by extensions ['ignore', 'ignore_ament_install']
[4.458s] Level 1:colcon.colcon_core.package_identification:_identify(launch/log) by extension 'ignore'
[4.458s] Level 1:colcon.colcon_core.package_identification:_identify(launch/log) ignored
[4.462s] Level 1:colcon.colcon_core.package_identification:_identify(log) by extensions ['ignore', 'ignore_ament_install']
[4.463s] Level 1:colcon.colcon_core.package_identification:_identify(log) by extension 'ignore'
[4.463s] Level 1:colcon.colcon_core.package_identification:_identify(log) ignored
[4.464s] Level 1:colcon.colcon_core.package_identification:_identify(src) by extensions ['ignore', 'ignore_ament_install']
[4.465s] Level 1:colcon.colcon_core.package_identification:_identify(src) by extension 'ignore'
[4.466s] Level 1:colcon.colcon_core.package_identification:_identify(src) by extension 'ignore_ament_install'
[4.467s] Level 1:colcon.colcon_core.package_identification:_identify(src) by extensions ['colcon_pkg']
[4.467s] Level 1:colcon.colcon_core.package_identification:_identify(src) by extension 'colcon_pkg'
[4.468s] Level 1:colcon.colcon_core.package_identification:_identify(src) by extensions ['colcon_meta']
[4.468s] Level 1:colcon.colcon_core.package_identification:_identify(src) by extension 'colcon_meta'
[4.468s] Level 1:colcon.colcon_core.package_identification:_identify(src) by extensions ['ros']
[4.469s] Level 1:colcon.colcon_core.package_identification:_identify(src) by extension 'ros'
[4.470s] Level 1:colcon.colcon_core.package_identification:_identify(src) by extensions ['cmake', 'python']
[4.470s] Level 1:colcon.colcon_core.package_identification:_identify(src) by extension 'cmake'
[4.471s] Level 1:colcon.colcon_core.package_identification:_identify(src) by extension 'python'
[4.471s] Level 1:colcon.colcon_core.package_identification:_identify(src) by extensions ['python_setup_py']
[4.471s] Level 1:colcon.colcon_core.package_identification:_identify(src) by extension 'python_setup_py'
[4.473s] Level 1:colcon.colcon_core.package_identification:_identify(src/build) by extensions ['ignore', 'ignore_ament_install']
[4.474s] Level 1:colcon.colcon_core.package_identification:_identify(src/build) by extension 'ignore'
[4.474s] Level 1:colcon.colcon_core.package_identification:_identify(src/build) ignored
[4.476s] Level 1:colcon.colcon_core.package_identification:_identify(src/install) by extensions ['ignore', 'ignore_ament_install']
[4.476s] Level 1:colcon.colcon_core.package_identification:_identify(src/install) by extension 'ignore'
[4.477s] Level 1:colcon.colcon_core.package_identification:_identify(src/install) ignored
[4.478s] Level 1:colcon.colcon_core.package_identification:_identify(src/log) by extensions ['ignore', 'ignore_ament_install']
[4.479s] Level 1:colcon.colcon_core.package_identification:_identify(src/log) by extension 'ignore'
[4.480s] Level 1:colcon.colcon_core.package_identification:_identify(src/log) ignored
[4.481s] Level 1:colcon.colcon_core.package_identification:_identify(src/motor_controller) by extensions ['ignore', 'ignore_ament_install']
[4.482s] Level 1:colcon.colcon_core.package_identification:_identify(src/motor_controller) by extension 'ignore'
[4.482s] Level 1:colcon.colcon_core.package_identification:_identify(src/motor_controller) by extension 'ignore_ament_install'
[4.483s] Level 1:colcon.colcon_core.package_identification:_identify(src/motor_controller) by extensions ['colcon_pkg']
[4.483s] Level 1:colcon.colcon_core.package_identification:_identify(src/motor_controller) by extension 'colcon_pkg'
[4.484s] Level 1:colcon.colcon_core.package_identification:_identify(src/motor_controller) by extensions ['colcon_meta']
[4.484s] Level 1:colcon.colcon_core.package_identification:_identify(src/motor_controller) by extension 'colcon_meta'
[4.485s] Level 1:colcon.colcon_core.package_identification:_identify(src/motor_controller) by extensions ['ros']
[4.485s] Level 1:colcon.colcon_core.package_identification:_identify(src/motor_controller) by extension 'ros'
[4.508s] DEBUG:colcon.colcon_core.package_identification:Package 'src/motor_controller' with type 'ros.ament_python' and name 'motor_controller'
[4.509s] Level 1:colcon.colcon_core.package_discovery:discover_packages(recursive) using defaults
[4.510s] Level 1:colcon.colcon_core.package_discovery:discover_packages(ignore) discover
[4.510s] Level 1:colcon.colcon_core.package_discovery:discover_packages(ignore) using defaults
[4.510s] Level 1:colcon.colcon_core.package_discovery:discover_packages(path) discover
[4.511s] Level 1:colcon.colcon_core.package_discovery:discover_packages(path) using defaults
[4.660s] Level 1:colcon.colcon_core.package_discovery:discover_packages(prefix_path) check parameters
[4.661s] Level 1:colcon.colcon_core.package_discovery:discover_packages(prefix_path) discover
[4.681s] DEBUG:colcon.colcon_installed_package_information.package_discovery:Found 0 installed packages in /home/ubuntu/dev_ws/launch/install
[4.702s] DEBUG:colcon.colcon_installed_package_information.package_discovery:Found 256 installed packages in /opt/ros/foxy
[4.801s] Level 1:colcon.colcon_core.package_discovery:discover_packages(prefix_path) using defaults
[5.768s] Level 5:colcon.colcon_core.verb:set package 'motor_controller' build argument 'cmake_args' from command line to 'None'
[5.769s] Level 5:colcon.colcon_core.verb:set package 'motor_controller' build argument 'cmake_target' from command line to 'None'
[5.769s] Level 5:colcon.colcon_core.verb:set package 'motor_controller' build argument 'cmake_target_skip_unavailable' from command line to 'False'
[5.769s] Level 5:colcon.colcon_core.verb:set package 'motor_controller' build argument 'cmake_clean_cache' from command line to 'False'
[5.769s] Level 5:colcon.colcon_core.verb:set package 'motor_controller' build argument 'cmake_clean_first' from command line to 'False'
[5.770s] Level 5:colcon.colcon_core.verb:set package 'motor_controller' build argument 'cmake_force_configure' from command line to 'False'
[5.770s] Level 5:colcon.colcon_core.verb:set package 'motor_controller' build argument 'ament_cmake_args' from command line to 'None'
[5.770s] Level 5:colcon.colcon_core.verb:set package 'motor_controller' build argument 'catkin_cmake_args' from command line to 'None'
[5.771s] Level 5:colcon.colcon_core.verb:set package 'motor_controller' build argument 'catkin_skip_building_tests' from command line to 'False'
[5.771s] DEBUG:colcon.colcon_core.verb:Building package 'motor_controller' with the following arguments: {'ament_cmake_args': None, 'build_base': '/home/ubuntu/dev_ws/build/motor_controller', 'catkin_cmake_args': None, 'catkin_skip_building_tests': False, 'cmake_args': None, 'cmake_clean_cache': False, 'cmake_clean_first': False, 'cmake_force_configure': False, 'cmake_target': None, 'cmake_target_skip_unavailable': False, 'install_base': '/home/ubuntu/dev_ws/install/motor_controller', 'merge_install': False, 'path': '/home/ubuntu/dev_ws/src/motor_controller', 'symlink_install': True, 'test_result_base': None}
[5.773s] INFO:colcon.colcon_core.executor:Executing jobs using 'parallel' executor
[5.782s] DEBUG:colcon.colcon_parallel_executor.executor.parallel:run_until_complete
[5.784s] INFO:colcon.colcon_ros.task.ament_python.build:Building ROS package in '/home/ubuntu/dev_ws/src/motor_controller' with build type 'ament_python'
[5.785s] Level 1:colcon.colcon_core.shell:create_environment_hook('motor_controller', 'ament_prefix_path')
[5.807s] INFO:colcon.colcon_core.plugin_system:Skipping extension 'colcon_core.shell.bat': Not used on non-Windows systems
[5.810s] INFO:colcon.colcon_core.shell:Creating environment hook '/home/ubuntu/dev_ws/install/motor_controller/share/motor_controller/hook/ament_prefix_path.ps1'
[5.819s] INFO:colcon.colcon_core.shell:Creating environment descriptor '/home/ubuntu/dev_ws/install/motor_controller/share/motor_controller/hook/ament_prefix_path.dsv'
[5.833s] INFO:colcon.colcon_core.shell:Creating environment hook '/home/ubuntu/dev_ws/install/motor_controller/share/motor_controller/hook/ament_prefix_path.sh'
[5.847s] INFO:colcon.colcon_core.shell:Skip shell extension 'powershell' for command environment: Not usable outside of PowerShell
[5.848s] DEBUG:colcon.colcon_core.shell:Skip shell extension 'dsv' for command environment
[9.409s] INFO:colcon.colcon_core.task.python.build:Building Python package in '/home/ubuntu/dev_ws/src/motor_controller'
[9.413s] INFO:colcon.colcon_core.shell:Skip shell extension 'powershell' for command environment: Not usable outside of PowerShell
[9.414s] DEBUG:colcon.colcon_core.shell:Skip shell extension 'dsv' for command environment
[15.283s] DEBUG:colcon.colcon_core.event_handler.log_command:Invoking command in '/home/ubuntu/dev_ws/build/motor_controller': PYTHONPATH=/home/ubuntu/dev_ws/build/motor_controller/prefix_override:/usr/lib/python3/dist-packages/colcon_core/task/python/colcon_distutils_commands:/home/ubuntu/dev_ws/install/motor_controller/lib/python3.8/site-packages:${PYTHONPATH} /usr/bin/python3 -W ignore:setup.py install is deprecated setup.py develop --editable --build-directory /home/ubuntu/dev_ws/build/motor_controller/build --no-deps symlink_data
[21.842s] Level 1:colcon.colcon_core.shell:create_environment_hook('motor_controller', 'pythonpath_develop')
[21.858s] INFO:colcon.colcon_core.shell:Creating environment hook '/home/ubuntu/dev_ws/build/motor_controller/share/motor_controller/hook/pythonpath_develop.ps1'
[21.861s] DEBUG:colcon.colcon_core.event_handler.log_command:Invoked command in '/home/ubuntu/dev_ws/build/motor_controller' returned '0': PYTHONPATH=/home/ubuntu/dev_ws/build/motor_controller/prefix_override:/usr/lib/python3/dist-packages/colcon_core/task/python/colcon_distutils_commands:/home/ubuntu/dev_ws/install/motor_controller/lib/python3.8/site-packages:${PYTHONPATH} /usr/bin/python3 -W ignore:setup.py install is deprecated setup.py develop --editable --build-directory /home/ubuntu/dev_ws/build/motor_controller/build --no-deps symlink_data
[21.867s] INFO:colcon.colcon_core.shell:Creating environment descriptor '/home/ubuntu/dev_ws/build/motor_controller/share/motor_controller/hook/pythonpath_develop.dsv'
[21.872s] INFO:colcon.colcon_core.shell:Creating environment hook '/home/ubuntu/dev_ws/build/motor_controller/share/motor_controller/hook/pythonpath_develop.sh'
[21.905s] Level 1:colcon.colcon_core.environment:checking '/home/ubuntu/dev_ws/install/motor_controller' for CMake module files
[21.912s] Level 1:colcon.colcon_core.environment:checking '/home/ubuntu/dev_ws/install/motor_controller' for CMake config files
[21.922s] Level 1:colcon.colcon_core.environment:checking '/home/ubuntu/dev_ws/install/motor_controller/lib'
[21.924s] Level 1:colcon.colcon_core.environment:checking '/home/ubuntu/dev_ws/install/motor_controller/bin'
[21.925s] Level 1:colcon.colcon_core.environment:checking '/home/ubuntu/dev_ws/install/motor_controller/lib/pkgconfig/motor_controller.pc'
[21.927s] Level 1:colcon.colcon_core.environment:checking '/home/ubuntu/dev_ws/install/motor_controller/lib/python3.8/site-packages'
[21.929s] Level 1:colcon.colcon_core.shell:create_environment_hook('motor_controller', 'pythonpath')
[21.932s] INFO:colcon.colcon_core.shell:Creating environment hook '/home/ubuntu/dev_ws/install/motor_controller/share/motor_controller/hook/pythonpath.ps1'
[21.941s] INFO:colcon.colcon_core.shell:Creating environment descriptor '/home/ubuntu/dev_ws/install/motor_controller/share/motor_controller/hook/pythonpath.dsv'
[21.956s] INFO:colcon.colcon_core.shell:Creating environment hook '/home/ubuntu/dev_ws/install/motor_controller/share/motor_controller/hook/pythonpath.sh'
[21.963s] Level 1:colcon.colcon_core.environment:checking '/home/ubuntu/dev_ws/install/motor_controller/bin'
[21.964s] Level 1:colcon.colcon_core.environment:create_environment_scripts_only(motor_controller)
[21.969s] INFO:colcon.colcon_core.shell:Creating package script '/home/ubuntu/dev_ws/install/motor_controller/share/motor_controller/package.ps1'
[21.978s] INFO:colcon.colcon_core.shell:Creating package descriptor '/home/ubuntu/dev_ws/install/motor_controller/share/motor_controller/package.dsv'
[21.986s] INFO:colcon.colcon_core.shell:Creating package script '/home/ubuntu/dev_ws/install/motor_controller/share/motor_controller/package.sh'
[21.996s] INFO:colcon.colcon_core.shell:Creating package script '/home/ubuntu/dev_ws/install/motor_controller/share/motor_controller/package.bash'
[22.006s] INFO:colcon.colcon_core.shell:Creating package script '/home/ubuntu/dev_ws/install/motor_controller/share/motor_controller/package.zsh'
[22.015s] Level 1:colcon.colcon_core.environment:create_file_with_runtime_dependencies(/home/ubuntu/dev_ws/install/motor_controller/share/colcon-core/packages/motor_controller)
[22.020s] DEBUG:colcon.colcon_parallel_executor.executor.parallel:closing loop
[22.023s] DEBUG:colcon.colcon_parallel_executor.executor.parallel:loop closed
[22.024s] DEBUG:colcon.colcon_parallel_executor.executor.parallel:run_until_complete finished with '0'
[22.025s] DEBUG:colcon.colcon_core.event_reactor:joining thread
[22.099s] INFO:colcon.colcon_core.plugin_system:Skipping extension 'colcon_notification.desktop_notification.terminal_notifier': Not used on non-Darwin systems
[22.100s] INFO:colcon.colcon_core.plugin_system:Skipping extension 'colcon_notification.desktop_notification.win32': Not used on non-Windows systems
[22.101s] INFO:colcon.colcon_notification.desktop_notification:Sending desktop notification using 'notify2'
[22.277s] DEBUG:colcon.colcon_core.event_reactor:joined thread
[22.281s] INFO:colcon.colcon_core.shell:Creating prefix script '/home/ubuntu/dev_ws/install/local_setup.ps1'
[22.295s] INFO:colcon.colcon_core.shell:Creating prefix util module '/home/ubuntu/dev_ws/install/_local_setup_util_ps1.py'
[22.316s] INFO:colcon.colcon_core.shell:Creating prefix chain script '/home/ubuntu/dev_ws/install/setup.ps1'
[22.346s] INFO:colcon.colcon_core.shell:Creating prefix script '/home/ubuntu/dev_ws/install/local_setup.sh'
[22.355s] INFO:colcon.colcon_core.shell:Creating prefix util module '/home/ubuntu/dev_ws/install/_local_setup_util_sh.py'
[22.366s] INFO:colcon.colcon_core.shell:Creating prefix chain script '/home/ubuntu/dev_ws/install/setup.sh'
[22.380s] INFO:colcon.colcon_core.shell:Creating prefix script '/home/ubuntu/dev_ws/install/local_setup.bash'
[22.388s] INFO:colcon.colcon_core.shell:Creating prefix chain script '/home/ubuntu/dev_ws/install/setup.bash'
[22.401s] INFO:colcon.colcon_core.shell:Creating prefix script '/home/ubuntu/dev_ws/install/local_setup.zsh'
[22.409s] INFO:colcon.colcon_core.shell:Creating prefix chain script '/home/ubuntu/dev_ws/install/setup.zsh'
