[1.292s] DEBUG:colcon:Command line arguments: ['/usr/bin/colcon', 'build', '--symlink-install']
[1.293s] DEBUG:colcon:Parsed command line arguments: Namespace(allow_overriding=[], ament_cmake_args=None, base_paths=['.'], build_base='build', catkin_cmake_args=None, catkin_skip_building_tests=False, cmake_args=None, cmake_clean_cache=False, cmake_clean_first=False, cmake_force_configure=False, cmake_target=None, cmake_target_skip_unavailable=False, continue_on_error=False, event_handlers=None, executor='parallel', ignore_user_meta=False, install_base='install', log_base=None, log_level=None, main=<bound method BuildVerb.main of <colcon_core.verb.build.BuildVerb object at 0xffff7ee4a280>>, merge_install=False, metas=['./colcon.meta'], mixin=None, mixin_files=None, mixin_verb=('build',), packages_above=None, packages_above_and_dependencies=None, packages_above_depth=None, packages_end=None, packages_ignore=None, packages_ignore_regex=None, packages_select=None, packages_select_build_failed=False, packages_select_by_dep=None, packages_select_regex=None, packages_select_test_failures=False, packages_skip=None, packages_skip_build_finished=False, packages_skip_by_dep=None, packages_skip_regex=None, packages_skip_test_passed=False, packages_skip_up_to=None, packages_start=None, packages_up_to=None, packages_up_to_regex=None, parallel_workers=4, paths=None, symlink_install=True, test_result_base=None, verb_extension=<colcon_core.verb.build.BuildVerb object at 0xffff7ee4a280>, verb_name='build', verb_parser=<colcon_mixin.mixin.mixin_argument.MixinArgumentDecorator object at 0xffff7edb40d0>)
[2.362s] Level 1:colcon.colcon_core.package_discovery:discover_packages(colcon_meta) check parameters
[2.363s] Level 1:colcon.colcon_core.package_discovery:discover_packages(recursive) check parameters
[2.363s] Level 1:colcon.colcon_core.package_discovery:discover_packages(ignore) check parameters
[2.364s] Level 1:colcon.colcon_core.package_discovery:discover_packages(path) check parameters
[2.365s] Level 1:colcon.colcon_core.package_discovery:discover_packages(colcon_meta) discover
[2.365s] Level 1:colcon.colcon_core.package_discovery:discover_packages(recursive) discover
[2.366s] INFO:colcon.colcon_core.package_discovery:Crawling recursively for packages in '/home/ubuntu/dev_ws'
[2.367s] Level 1:colcon.colcon_core.package_identification:_identify(.) by extensions ['ignore', 'ignore_ament_install']
[2.368s] Level 1:colcon.colcon_core.package_identification:_identify(.) by extension 'ignore'
[2.369s] Level 1:colcon.colcon_core.package_identification:_identify(.) by extension 'ignore_ament_install'
[2.370s] Level 1:colcon.colcon_core.package_identification:_identify(.) by extensions ['colcon_pkg']
[2.371s] Level 1:colcon.colcon_core.package_identification:_identify(.) by extension 'colcon_pkg'
[2.372s] Level 1:colcon.colcon_core.package_identification:_identify(.) by extensions ['colcon_meta']
[2.372s] Level 1:colcon.colcon_core.package_identification:_identify(.) by extension 'colcon_meta'
[2.373s] Level 1:colcon.colcon_core.package_identification:_identify(.) by extensions ['ros']
[2.374s] Level 1:colcon.colcon_core.package_identification:_identify(.) by extension 'ros'
[2.433s] Level 1:colcon.colcon_core.package_identification:_identify(.) by extensions ['cmake', 'python']
[2.434s] Level 1:colcon.colcon_core.package_identification:_identify(.) by extension 'cmake'
[2.435s] Level 1:colcon.colcon_core.package_identification:_identify(.) by extension 'python'
[2.435s] Level 1:colcon.colcon_core.package_identification:_identify(.) by extensions ['python_setup_py']
[2.436s] Level 1:colcon.colcon_core.package_identification:_identify(.) by extension 'python_setup_py'
[2.437s] Level 1:colcon.colcon_core.package_identification:_identify(build) by extensions ['ignore', 'ignore_ament_install']
[2.439s] Level 1:colcon.colcon_core.package_identification:_identify(build) by extension 'ignore'
[2.439s] Level 1:colcon.colcon_core.package_identification:_identify(build) ignored
[2.441s] Level 1:colcon.colcon_core.package_identification:_identify(install) by extensions ['ignore', 'ignore_ament_install']
[2.442s] Level 1:colcon.colcon_core.package_identification:_identify(install) by extension 'ignore'
[2.443s] Level 1:colcon.colcon_core.package_identification:_identify(install) ignored
[2.445s] Level 1:colcon.colcon_core.package_identification:_identify(log) by extensions ['ignore', 'ignore_ament_install']
[2.446s] Level 1:colcon.colcon_core.package_identification:_identify(log) by extension 'ignore'
[2.447s] Level 1:colcon.colcon_core.package_identification:_identify(log) ignored
[2.448s] Level 1:colcon.colcon_core.package_identification:_identify(src) by extensions ['ignore', 'ignore_ament_install']
[2.449s] Level 1:colcon.colcon_core.package_identification:_identify(src) by extension 'ignore'
[2.450s] Level 1:colcon.colcon_core.package_identification:_identify(src) by extension 'ignore_ament_install'
[2.450s] Level 1:colcon.colcon_core.package_identification:_identify(src) by extensions ['colcon_pkg']
[2.451s] Level 1:colcon.colcon_core.package_identification:_identify(src) by extension 'colcon_pkg'
[2.452s] Level 1:colcon.colcon_core.package_identification:_identify(src) by extensions ['colcon_meta']
[2.452s] Level 1:colcon.colcon_core.package_identification:_identify(src) by extension 'colcon_meta'
[2.453s] Level 1:colcon.colcon_core.package_identification:_identify(src) by extensions ['ros']
[2.454s] Level 1:colcon.colcon_core.package_identification:_identify(src) by extension 'ros'
[2.454s] Level 1:colcon.colcon_core.package_identification:_identify(src) by extensions ['cmake', 'python']
[2.454s] Level 1:colcon.colcon_core.package_identification:_identify(src) by extension 'cmake'
[2.455s] Level 1:colcon.colcon_core.package_identification:_identify(src) by extension 'python'
[2.455s] Level 1:colcon.colcon_core.package_identification:_identify(src) by extensions ['python_setup_py']
[2.455s] Level 1:colcon.colcon_core.package_identification:_identify(src) by extension 'python_setup_py'
[2.456s] Level 1:colcon.colcon_core.package_identification:_identify(src/build) by extensions ['ignore', 'ignore_ament_install']
[2.457s] Level 1:colcon.colcon_core.package_identification:_identify(src/build) by extension 'ignore'
[2.457s] Level 1:colcon.colcon_core.package_identification:_identify(src/build) ignored
[2.458s] Level 1:colcon.colcon_core.package_identification:_identify(src/install) by extensions ['ignore', 'ignore_ament_install']
[2.458s] Level 1:colcon.colcon_core.package_identification:_identify(src/install) by extension 'ignore'
[2.459s] Level 1:colcon.colcon_core.package_identification:_identify(src/install) ignored
[2.459s] Level 1:colcon.colcon_core.package_identification:_identify(src/log) by extensions ['ignore', 'ignore_ament_install']
[2.459s] Level 1:colcon.colcon_core.package_identification:_identify(src/log) by extension 'ignore'
[2.460s] Level 1:colcon.colcon_core.package_identification:_identify(src/log) ignored
[2.460s] Level 1:colcon.colcon_core.package_identification:_identify(src/motor_controller) by extensions ['ignore', 'ignore_ament_install']
[2.461s] Level 1:colcon.colcon_core.package_identification:_identify(src/motor_controller) by extension 'ignore'
[2.461s] Level 1:colcon.colcon_core.package_identification:_identify(src/motor_controller) by extension 'ignore_ament_install'
[2.461s] Level 1:colcon.colcon_core.package_identification:_identify(src/motor_controller) by extensions ['colcon_pkg']
[2.461s] Level 1:colcon.colcon_core.package_identification:_identify(src/motor_controller) by extension 'colcon_pkg'
[2.462s] Level 1:colcon.colcon_core.package_identification:_identify(src/motor_controller) by extensions ['colcon_meta']
[2.462s] Level 1:colcon.colcon_core.package_identification:_identify(src/motor_controller) by extension 'colcon_meta'
[2.462s] Level 1:colcon.colcon_core.package_identification:_identify(src/motor_controller) by extensions ['ros']
[2.462s] Level 1:colcon.colcon_core.package_identification:_identify(src/motor_controller) by extension 'ros'
[2.476s] DEBUG:colcon.colcon_core.package_identification:Package 'src/motor_controller' with type 'ros.ament_python' and name 'motor_controller'
[2.477s] Level 1:colcon.colcon_core.package_discovery:discover_packages(recursive) using defaults
[2.477s] Level 1:colcon.colcon_core.package_discovery:discover_packages(ignore) discover
[2.477s] Level 1:colcon.colcon_core.package_discovery:discover_packages(ignore) using defaults
[2.477s] Level 1:colcon.colcon_core.package_discovery:discover_packages(path) discover
[2.477s] Level 1:colcon.colcon_core.package_discovery:discover_packages(path) using defaults
[2.569s] Level 1:colcon.colcon_core.package_discovery:discover_packages(prefix_path) check parameters
[2.569s] Level 1:colcon.colcon_core.package_discovery:discover_packages(prefix_path) discover
[2.586s] DEBUG:colcon.colcon_installed_package_information.package_discovery:Found 256 installed packages in /opt/ros/foxy
[2.594s] Level 1:colcon.colcon_core.package_discovery:discover_packages(prefix_path) using defaults
[3.139s] Level 5:colcon.colcon_core.verb:set package 'motor_controller' build argument 'cmake_args' from command line to 'None'
[3.139s] Level 5:colcon.colcon_core.verb:set package 'motor_controller' build argument 'cmake_target' from command line to 'None'
[3.140s] Level 5:colcon.colcon_core.verb:set package 'motor_controller' build argument 'cmake_target_skip_unavailable' from command line to 'False'
[3.140s] Level 5:colcon.colcon_core.verb:set package 'motor_controller' build argument 'cmake_clean_cache' from command line to 'False'
[3.140s] Level 5:colcon.colcon_core.verb:set package 'motor_controller' build argument 'cmake_clean_first' from command line to 'False'
[3.140s] Level 5:colcon.colcon_core.verb:set package 'motor_controller' build argument 'cmake_force_configure' from command line to 'False'
[3.140s] Level 5:colcon.colcon_core.verb:set package 'motor_controller' build argument 'ament_cmake_args' from command line to 'None'
[3.140s] Level 5:colcon.colcon_core.verb:set package 'motor_controller' build argument 'catkin_cmake_args' from command line to 'None'
[3.140s] Level 5:colcon.colcon_core.verb:set package 'motor_controller' build argument 'catkin_skip_building_tests' from command line to 'False'
[3.141s] DEBUG:colcon.colcon_core.verb:Building package 'motor_controller' with the following arguments: {'ament_cmake_args': None, 'build_base': '/home/ubuntu/dev_ws/build/motor_controller', 'catkin_cmake_args': None, 'catkin_skip_building_tests': False, 'cmake_args': None, 'cmake_clean_cache': False, 'cmake_clean_first': False, 'cmake_force_configure': False, 'cmake_target': None, 'cmake_target_skip_unavailable': False, 'install_base': '/home/ubuntu/dev_ws/install/motor_controller', 'merge_install': False, 'path': '/home/ubuntu/dev_ws/src/motor_controller', 'symlink_install': True, 'test_result_base': None}
[3.141s] INFO:colcon.colcon_core.executor:Executing jobs using 'parallel' executor
[3.145s] DEBUG:colcon.colcon_parallel_executor.executor.parallel:run_until_complete
[3.147s] INFO:colcon.colcon_ros.task.ament_python.build:Building ROS package in '/home/ubuntu/dev_ws/src/motor_controller' with build type 'ament_python'
[3.147s] Level 1:colcon.colcon_core.shell:create_environment_hook('motor_controller', 'ament_prefix_path')
[3.156s] INFO:colcon.colcon_core.plugin_system:Skipping extension 'colcon_core.shell.bat': Not used on non-Windows systems
[3.157s] INFO:colcon.colcon_core.shell:Creating environment hook '/home/ubuntu/dev_ws/install/motor_controller/share/motor_controller/hook/ament_prefix_path.ps1'
[3.160s] INFO:colcon.colcon_core.shell:Creating environment descriptor '/home/ubuntu/dev_ws/install/motor_controller/share/motor_controller/hook/ament_prefix_path.dsv'
[3.163s] INFO:colcon.colcon_core.shell:Creating environment hook '/home/ubuntu/dev_ws/install/motor_controller/share/motor_controller/hook/ament_prefix_path.sh'
[3.167s] INFO:colcon.colcon_core.shell:Skip shell extension 'powershell' for command environment: Not usable outside of PowerShell
[3.167s] DEBUG:colcon.colcon_core.shell:Skip shell extension 'dsv' for command environment
[4.342s] INFO:colcon.colcon_core.task.python.build:Building Python package in '/home/ubuntu/dev_ws/src/motor_controller'
[4.344s] INFO:colcon.colcon_core.shell:Skip shell extension 'powershell' for command environment: Not usable outside of PowerShell
[4.344s] DEBUG:colcon.colcon_core.shell:Skip shell extension 'dsv' for command environment
[6.222s] DEBUG:colcon.colcon_core.event_handler.log_command:Invoking command in '/home/ubuntu/dev_ws/build/motor_controller': PYTHONPATH=/home/ubuntu/dev_ws/build/motor_controller/prefix_override:/usr/lib/python3/dist-packages/colcon_core/task/python/colcon_distutils_commands:/home/ubuntu/dev_ws/install/motor_controller/lib/python3.8/site-packages:${PYTHONPATH} /usr/bin/python3 -W ignore:setup.py install is deprecated setup.py develop --editable --build-directory /home/ubuntu/dev_ws/build/motor_controller/build --no-deps symlink_data
[8.600s] Level 1:colcon.colcon_core.shell:create_environment_hook('motor_controller', 'pythonpath_develop')
[8.602s] INFO:colcon.colcon_core.shell:Creating environment hook '/home/ubuntu/dev_ws/build/motor_controller/share/motor_controller/hook/pythonpath_develop.ps1'
[8.603s] DEBUG:colcon.colcon_core.event_handler.log_command:Invoked command in '/home/ubuntu/dev_ws/build/motor_controller' returned '0': PYTHONPATH=/home/ubuntu/dev_ws/build/motor_controller/prefix_override:/usr/lib/python3/dist-packages/colcon_core/task/python/colcon_distutils_commands:/home/ubuntu/dev_ws/install/motor_controller/lib/python3.8/site-packages:${PYTHONPATH} /usr/bin/python3 -W ignore:setup.py install is deprecated setup.py develop --editable --build-directory /home/ubuntu/dev_ws/build/motor_controller/build --no-deps symlink_data
[8.605s] INFO:colcon.colcon_core.shell:Creating environment descriptor '/home/ubuntu/dev_ws/build/motor_controller/share/motor_controller/hook/pythonpath_develop.dsv'
[8.607s] INFO:colcon.colcon_core.shell:Creating environment hook '/home/ubuntu/dev_ws/build/motor_controller/share/motor_controller/hook/pythonpath_develop.sh'
[8.621s] Level 1:colcon.colcon_core.environment:checking '/home/ubuntu/dev_ws/install/motor_controller' for CMake module files
[8.624s] Level 1:colcon.colcon_core.environment:checking '/home/ubuntu/dev_ws/install/motor_controller' for CMake config files
[8.627s] Level 1:colcon.colcon_core.environment:checking '/home/ubuntu/dev_ws/install/motor_controller/lib'
[8.628s] Level 1:colcon.colcon_core.environment:checking '/home/ubuntu/dev_ws/install/motor_controller/bin'
[8.628s] Level 1:colcon.colcon_core.environment:checking '/home/ubuntu/dev_ws/install/motor_controller/lib/pkgconfig/motor_controller.pc'
[8.630s] Level 1:colcon.colcon_core.environment:checking '/home/ubuntu/dev_ws/install/motor_controller/lib/python3.8/site-packages'
[8.630s] Level 1:colcon.colcon_core.shell:create_environment_hook('motor_controller', 'pythonpath')
[8.631s] INFO:colcon.colcon_core.shell:Creating environment hook '/home/ubuntu/dev_ws/install/motor_controller/share/motor_controller/hook/pythonpath.ps1'
[8.633s] INFO:colcon.colcon_core.shell:Creating environment descriptor '/home/ubuntu/dev_ws/install/motor_controller/share/motor_controller/hook/pythonpath.dsv'
[8.635s] INFO:colcon.colcon_core.shell:Creating environment hook '/home/ubuntu/dev_ws/install/motor_controller/share/motor_controller/hook/pythonpath.sh'
[8.638s] Level 1:colcon.colcon_core.environment:checking '/home/ubuntu/dev_ws/install/motor_controller/bin'
[8.638s] Level 1:colcon.colcon_core.environment:create_environment_scripts_only(motor_controller)
[8.640s] INFO:colcon.colcon_core.shell:Creating package script '/home/ubuntu/dev_ws/install/motor_controller/share/motor_controller/package.ps1'
[8.645s] INFO:colcon.colcon_core.shell:Creating package descriptor '/home/ubuntu/dev_ws/install/motor_controller/share/motor_controller/package.dsv'
[8.648s] INFO:colcon.colcon_core.shell:Creating package script '/home/ubuntu/dev_ws/install/motor_controller/share/motor_controller/package.sh'
[8.653s] INFO:colcon.colcon_core.shell:Creating package script '/home/ubuntu/dev_ws/install/motor_controller/share/motor_controller/package.bash'
[8.657s] INFO:colcon.colcon_core.shell:Creating package script '/home/ubuntu/dev_ws/install/motor_controller/share/motor_controller/package.zsh'
[8.660s] Level 1:colcon.colcon_core.environment:create_file_with_runtime_dependencies(/home/ubuntu/dev_ws/install/motor_controller/share/colcon-core/packages/motor_controller)
[8.662s] DEBUG:colcon.colcon_parallel_executor.executor.parallel:closing loop
[8.663s] DEBUG:colcon.colcon_parallel_executor.executor.parallel:loop closed
[8.664s] DEBUG:colcon.colcon_parallel_executor.executor.parallel:run_until_complete finished with '0'
[8.664s] DEBUG:colcon.colcon_core.event_reactor:joining thread
[8.690s] INFO:colcon.colcon_core.plugin_system:Skipping extension 'colcon_notification.desktop_notification.terminal_notifier': Not used on non-Darwin systems
[8.691s] INFO:colcon.colcon_core.plugin_system:Skipping extension 'colcon_notification.desktop_notification.win32': Not used on non-Windows systems
[8.691s] INFO:colcon.colcon_notification.desktop_notification:Sending desktop notification using 'notify2'
[8.757s] DEBUG:colcon.colcon_core.event_reactor:joined thread
[8.759s] INFO:colcon.colcon_core.shell:Creating prefix script '/home/ubuntu/dev_ws/install/local_setup.ps1'
[8.763s] INFO:colcon.colcon_core.shell:Creating prefix util module '/home/ubuntu/dev_ws/install/_local_setup_util_ps1.py'
[8.770s] INFO:colcon.colcon_core.shell:Creating prefix chain script '/home/ubuntu/dev_ws/install/setup.ps1'
[8.775s] INFO:colcon.colcon_core.shell:Creating prefix script '/home/ubuntu/dev_ws/install/local_setup.sh'
[8.779s] INFO:colcon.colcon_core.shell:Creating prefix util module '/home/ubuntu/dev_ws/install/_local_setup_util_sh.py'
[8.781s] INFO:colcon.colcon_core.shell:Creating prefix chain script '/home/ubuntu/dev_ws/install/setup.sh'
[8.786s] INFO:colcon.colcon_core.shell:Creating prefix script '/home/ubuntu/dev_ws/install/local_setup.bash'
[8.789s] INFO:colcon.colcon_core.shell:Creating prefix chain script '/home/ubuntu/dev_ws/install/setup.bash'
[8.794s] INFO:colcon.colcon_core.shell:Creating prefix script '/home/ubuntu/dev_ws/install/local_setup.zsh'
[8.797s] INFO:colcon.colcon_core.shell:Creating prefix chain script '/home/ubuntu/dev_ws/install/setup.zsh'
