[0.924s] DEBUG:colcon:Command line arguments: ['/usr/bin/colcon', 'build', '--symlink-install']
[0.924s] DEBUG:colcon:Parsed command line arguments: Namespace(allow_overriding=[], ament_cmake_args=None, base_paths=['.'], build_base='build', catkin_cmake_args=None, catkin_skip_building_tests=False, cmake_args=None, cmake_clean_cache=False, cmake_clean_first=False, cmake_force_configure=False, cmake_target=None, cmake_target_skip_unavailable=False, continue_on_error=False, event_handlers=None, executor='parallel', ignore_user_meta=False, install_base='install', log_base=None, log_level=None, main=<bound method BuildVerb.main of <colcon_core.verb.build.BuildVerb object at 0xffff9c6d4100>>, merge_install=False, metas=['./colcon.meta'], mixin=None, mixin_files=None, mixin_verb=('build',), packages_above=None, packages_above_and_dependencies=None, packages_above_depth=None, packages_end=None, packages_ignore=None, packages_ignore_regex=None, packages_select=None, packages_select_build_failed=False, packages_select_by_dep=None, packages_select_regex=None, packages_select_test_failures=False, packages_skip=None, packages_skip_build_finished=False, packages_skip_by_dep=None, packages_skip_regex=None, packages_skip_test_passed=False, packages_skip_up_to=None, packages_start=None, packages_up_to=None, packages_up_to_regex=None, parallel_workers=4, paths=None, symlink_install=True, test_result_base=None, verb_extension=<colcon_core.verb.build.BuildVerb object at 0xffff9c6d4100>, verb_name='build', verb_parser=<colcon_mixin.mixin.mixin_argument.MixinArgumentDecorator object at 0xffff9c626f10>)
[1.685s] Level 1:colcon.colcon_core.package_discovery:discover_packages(colcon_meta) check parameters
[1.686s] Level 1:colcon.colcon_core.package_discovery:discover_packages(recursive) check parameters
[1.686s] Level 1:colcon.colcon_core.package_discovery:discover_packages(ignore) check parameters
[1.686s] Level 1:colcon.colcon_core.package_discovery:discover_packages(path) check parameters
[1.686s] Level 1:colcon.colcon_core.package_discovery:discover_packages(colcon_meta) discover
[1.686s] Level 1:colcon.colcon_core.package_discovery:discover_packages(recursive) discover
[1.687s] INFO:colcon.colcon_core.package_discovery:Crawling recursively for packages in '/home/ubuntu/dev_ws'
[1.687s] Level 1:colcon.colcon_core.package_identification:_identify(.) by extensions ['ignore', 'ignore_ament_install']
[1.687s] Level 1:colcon.colcon_core.package_identification:_identify(.) by extension 'ignore'
[1.688s] Level 1:colcon.colcon_core.package_identification:_identify(.) by extension 'ignore_ament_install'
[1.688s] Level 1:colcon.colcon_core.package_identification:_identify(.) by extensions ['colcon_pkg']
[1.688s] Level 1:colcon.colcon_core.package_identification:_identify(.) by extension 'colcon_pkg'
[1.688s] Level 1:colcon.colcon_core.package_identification:_identify(.) by extensions ['colcon_meta']
[1.688s] Level 1:colcon.colcon_core.package_identification:_identify(.) by extension 'colcon_meta'
[1.689s] Level 1:colcon.colcon_core.package_identification:_identify(.) by extensions ['ros']
[1.689s] Level 1:colcon.colcon_core.package_identification:_identify(.) by extension 'ros'
[1.736s] Level 1:colcon.colcon_core.package_identification:_identify(.) by extensions ['cmake', 'python']
[1.736s] Level 1:colcon.colcon_core.package_identification:_identify(.) by extension 'cmake'
[1.737s] Level 1:colcon.colcon_core.package_identification:_identify(.) by extension 'python'
[1.737s] Level 1:colcon.colcon_core.package_identification:_identify(.) by extensions ['python_setup_py']
[1.737s] Level 1:colcon.colcon_core.package_identification:_identify(.) by extension 'python_setup_py'
[1.737s] Level 1:colcon.colcon_core.package_identification:_identify(build) by extensions ['ignore', 'ignore_ament_install']
[1.738s] Level 1:colcon.colcon_core.package_identification:_identify(build) by extension 'ignore'
[1.738s] Level 1:colcon.colcon_core.package_identification:_identify(build) ignored
[1.739s] Level 1:colcon.colcon_core.package_identification:_identify(install) by extensions ['ignore', 'ignore_ament_install']
[1.739s] Level 1:colcon.colcon_core.package_identification:_identify(install) by extension 'ignore'
[1.740s] Level 1:colcon.colcon_core.package_identification:_identify(install) ignored
[1.740s] Level 1:colcon.colcon_core.package_identification:_identify(log) by extensions ['ignore', 'ignore_ament_install']
[1.741s] Level 1:colcon.colcon_core.package_identification:_identify(log) by extension 'ignore'
[1.741s] Level 1:colcon.colcon_core.package_identification:_identify(log) ignored
[1.741s] Level 1:colcon.colcon_core.package_identification:_identify(src) by extensions ['ignore', 'ignore_ament_install']
[1.742s] Level 1:colcon.colcon_core.package_identification:_identify(src) by extension 'ignore'
[1.742s] Level 1:colcon.colcon_core.package_identification:_identify(src) by extension 'ignore_ament_install'
[1.742s] Level 1:colcon.colcon_core.package_identification:_identify(src) by extensions ['colcon_pkg']
[1.742s] Level 1:colcon.colcon_core.package_identification:_identify(src) by extension 'colcon_pkg'
[1.743s] Level 1:colcon.colcon_core.package_identification:_identify(src) by extensions ['colcon_meta']
[1.743s] Level 1:colcon.colcon_core.package_identification:_identify(src) by extension 'colcon_meta'
[1.743s] Level 1:colcon.colcon_core.package_identification:_identify(src) by extensions ['ros']
[1.743s] Level 1:colcon.colcon_core.package_identification:_identify(src) by extension 'ros'
[1.744s] Level 1:colcon.colcon_core.package_identification:_identify(src) by extensions ['cmake', 'python']
[1.744s] Level 1:colcon.colcon_core.package_identification:_identify(src) by extension 'cmake'
[1.744s] Level 1:colcon.colcon_core.package_identification:_identify(src) by extension 'python'
[1.744s] Level 1:colcon.colcon_core.package_identification:_identify(src) by extensions ['python_setup_py']
[1.744s] Level 1:colcon.colcon_core.package_identification:_identify(src) by extension 'python_setup_py'
[1.745s] Level 1:colcon.colcon_core.package_identification:_identify(src/motor_control) by extensions ['ignore', 'ignore_ament_install']
[1.745s] Level 1:colcon.colcon_core.package_identification:_identify(src/motor_control) by extension 'ignore'
[1.745s] Level 1:colcon.colcon_core.package_identification:_identify(src/motor_control) by extension 'ignore_ament_install'
[1.746s] Level 1:colcon.colcon_core.package_identification:_identify(src/motor_control) by extensions ['colcon_pkg']
[1.746s] Level 1:colcon.colcon_core.package_identification:_identify(src/motor_control) by extension 'colcon_pkg'
[1.746s] Level 1:colcon.colcon_core.package_identification:_identify(src/motor_control) by extensions ['colcon_meta']
[1.746s] Level 1:colcon.colcon_core.package_identification:_identify(src/motor_control) by extension 'colcon_meta'
[1.746s] Level 1:colcon.colcon_core.package_identification:_identify(src/motor_control) by extensions ['ros']
[1.747s] Level 1:colcon.colcon_core.package_identification:_identify(src/motor_control) by extension 'ros'
[1.756s] DEBUG:colcon.colcon_core.package_identification:Package 'src/motor_control' with type 'ros.ament_cmake' and name 'motor_control'
[1.756s] Level 1:colcon.colcon_core.package_discovery:discover_packages(recursive) using defaults
[1.756s] Level 1:colcon.colcon_core.package_discovery:discover_packages(ignore) discover
[1.756s] Level 1:colcon.colcon_core.package_discovery:discover_packages(ignore) using defaults
[1.756s] Level 1:colcon.colcon_core.package_discovery:discover_packages(path) discover
[1.757s] Level 1:colcon.colcon_core.package_discovery:discover_packages(path) using defaults
[1.825s] Level 1:colcon.colcon_core.package_discovery:discover_packages(prefix_path) check parameters
[1.826s] Level 1:colcon.colcon_core.package_discovery:discover_packages(prefix_path) discover
[1.835s] DEBUG:colcon.colcon_installed_package_information.package_discovery:Found 1 installed packages in /home/ubuntu/dev_ws/install
[1.843s] DEBUG:colcon.colcon_installed_package_information.package_discovery:Found 256 installed packages in /opt/ros/foxy
[1.851s] Level 1:colcon.colcon_core.package_discovery:discover_packages(prefix_path) using defaults
[2.274s] Level 5:colcon.colcon_core.verb:set package 'motor_control' build argument 'cmake_args' from command line to 'None'
[2.275s] Level 5:colcon.colcon_core.verb:set package 'motor_control' build argument 'cmake_target' from command line to 'None'
[2.275s] Level 5:colcon.colcon_core.verb:set package 'motor_control' build argument 'cmake_target_skip_unavailable' from command line to 'False'
[2.275s] Level 5:colcon.colcon_core.verb:set package 'motor_control' build argument 'cmake_clean_cache' from command line to 'False'
[2.276s] Level 5:colcon.colcon_core.verb:set package 'motor_control' build argument 'cmake_clean_first' from command line to 'False'
[2.276s] Level 5:colcon.colcon_core.verb:set package 'motor_control' build argument 'cmake_force_configure' from command line to 'False'
[2.276s] Level 5:colcon.colcon_core.verb:set package 'motor_control' build argument 'ament_cmake_args' from command line to 'None'
[2.276s] Level 5:colcon.colcon_core.verb:set package 'motor_control' build argument 'catkin_cmake_args' from command line to 'None'
[2.276s] Level 5:colcon.colcon_core.verb:set package 'motor_control' build argument 'catkin_skip_building_tests' from command line to 'False'
[2.276s] DEBUG:colcon.colcon_core.verb:Building package 'motor_control' with the following arguments: {'ament_cmake_args': None, 'build_base': '/home/ubuntu/dev_ws/build/motor_control', 'catkin_cmake_args': None, 'catkin_skip_building_tests': False, 'cmake_args': None, 'cmake_clean_cache': False, 'cmake_clean_first': False, 'cmake_force_configure': False, 'cmake_target': None, 'cmake_target_skip_unavailable': False, 'install_base': '/home/ubuntu/dev_ws/install/motor_control', 'merge_install': False, 'path': '/home/ubuntu/dev_ws/src/motor_control', 'symlink_install': True, 'test_result_base': None}
[2.277s] INFO:colcon.colcon_core.executor:Executing jobs using 'parallel' executor
[2.281s] DEBUG:colcon.colcon_parallel_executor.executor.parallel:run_until_complete
[2.282s] INFO:colcon.colcon_ros.task.ament_cmake.build:Building ROS package in '/home/ubuntu/dev_ws/src/motor_control' with build type 'ament_cmake'
[2.283s] INFO:colcon.colcon_cmake.task.cmake.build:Building CMake package in '/home/ubuntu/dev_ws/src/motor_control'
[2.292s] INFO:colcon.colcon_core.plugin_system:Skipping extension 'colcon_core.shell.bat': Not used on non-Windows systems
[2.293s] INFO:colcon.colcon_core.shell:Skip shell extension 'powershell' for command environment: Not usable outside of PowerShell
[2.293s] DEBUG:colcon.colcon_core.shell:Skip shell extension 'dsv' for command environment
[2.337s] DEBUG:colcon.colcon_core.event_handler.log_command:Invoking command in '/home/ubuntu/dev_ws/build/motor_control': CMAKE_PREFIX_PATH=${CMAKE_PREFIX_PATH}:/opt/ros/foxy /usr/bin/cmake --build /home/ubuntu/dev_ws/build/motor_control -- -j4 -l4
[2.508s] DEBUG:colcon.colcon_core.event_handler.log_command:Invoked command in '/home/ubuntu/dev_ws/build/motor_control' returned '0': CMAKE_PREFIX_PATH=${CMAKE_PREFIX_PATH}:/opt/ros/foxy /usr/bin/cmake --build /home/ubuntu/dev_ws/build/motor_control -- -j4 -l4
[2.666s] DEBUG:colcon.colcon_core.event_handler.log_command:Invoking command in '/home/ubuntu/dev_ws/build/motor_control': CMAKE_PREFIX_PATH=${CMAKE_PREFIX_PATH}:/opt/ros/foxy /usr/bin/cmake --install /home/ubuntu/dev_ws/build/motor_control
[3.257s] Level 1:colcon.colcon_core.environment:create_environment_scripts_only(motor_control)
[3.259s] DEBUG:colcon.colcon_core.event_handler.log_command:Invoked command in '/home/ubuntu/dev_ws/build/motor_control' returned '0': CMAKE_PREFIX_PATH=${CMAKE_PREFIX_PATH}:/opt/ros/foxy /usr/bin/cmake --install /home/ubuntu/dev_ws/build/motor_control
[3.273s] Level 1:colcon.colcon_core.environment:checking '/home/ubuntu/dev_ws/install/motor_control' for CMake module files
[3.276s] Level 1:colcon.colcon_core.environment:checking '/home/ubuntu/dev_ws/install/motor_control' for CMake config files
[3.279s] Level 1:colcon.colcon_core.shell:create_environment_hook('motor_control', 'cmake_prefix_path')
[3.280s] INFO:colcon.colcon_core.shell:Creating environment hook '/home/ubuntu/dev_ws/install/motor_control/share/motor_control/hook/cmake_prefix_path.ps1'
[3.283s] INFO:colcon.colcon_core.shell:Creating environment descriptor '/home/ubuntu/dev_ws/install/motor_control/share/motor_control/hook/cmake_prefix_path.dsv'
[3.286s] INFO:colcon.colcon_core.shell:Creating environment hook '/home/ubuntu/dev_ws/install/motor_control/share/motor_control/hook/cmake_prefix_path.sh'
[3.294s] Level 1:colcon.colcon_core.environment:checking '/home/ubuntu/dev_ws/install/motor_control/bin'
[3.294s] Level 1:colcon.colcon_core.environment:checking '/home/ubuntu/dev_ws/install/motor_control/lib/pkgconfig/motor_control.pc'
[3.295s] Level 1:colcon.colcon_core.environment:checking '/home/ubuntu/dev_ws/install/motor_control/lib/python3.8/site-packages'
[3.296s] Level 1:colcon.colcon_core.environment:checking '/home/ubuntu/dev_ws/install/motor_control/bin'
[3.297s] INFO:colcon.colcon_core.shell:Creating package script '/home/ubuntu/dev_ws/install/motor_control/share/motor_control/package.ps1'
[3.301s] INFO:colcon.colcon_core.shell:Creating package descriptor '/home/ubuntu/dev_ws/install/motor_control/share/motor_control/package.dsv'
[3.304s] INFO:colcon.colcon_core.shell:Creating package script '/home/ubuntu/dev_ws/install/motor_control/share/motor_control/package.sh'
[3.307s] INFO:colcon.colcon_core.shell:Creating package script '/home/ubuntu/dev_ws/install/motor_control/share/motor_control/package.bash'
[3.310s] INFO:colcon.colcon_core.shell:Creating package script '/home/ubuntu/dev_ws/install/motor_control/share/motor_control/package.zsh'
[3.313s] Level 1:colcon.colcon_core.environment:create_file_with_runtime_dependencies(/home/ubuntu/dev_ws/install/motor_control/share/colcon-core/packages/motor_control)
[3.419s] Level 1:colcon.colcon_core.environment:create_environment_scripts_only(motor_control)
[3.421s] Level 1:colcon.colcon_core.environment:checking '/home/ubuntu/dev_ws/install/motor_control' for CMake module files
[3.425s] Level 1:colcon.colcon_core.environment:checking '/home/ubuntu/dev_ws/install/motor_control' for CMake config files
[3.429s] Level 1:colcon.colcon_core.shell:create_environment_hook('motor_control', 'cmake_prefix_path')
[3.431s] INFO:colcon.colcon_core.shell:Creating environment hook '/home/ubuntu/dev_ws/install/motor_control/share/motor_control/hook/cmake_prefix_path.ps1'
[3.433s] INFO:colcon.colcon_core.shell:Creating environment descriptor '/home/ubuntu/dev_ws/install/motor_control/share/motor_control/hook/cmake_prefix_path.dsv'
[3.435s] INFO:colcon.colcon_core.shell:Creating environment hook '/home/ubuntu/dev_ws/install/motor_control/share/motor_control/hook/cmake_prefix_path.sh'
[3.437s] Level 1:colcon.colcon_core.environment:checking '/home/ubuntu/dev_ws/install/motor_control/bin'
[3.438s] Level 1:colcon.colcon_core.environment:checking '/home/ubuntu/dev_ws/install/motor_control/lib/pkgconfig/motor_control.pc'
[3.439s] Level 1:colcon.colcon_core.environment:checking '/home/ubuntu/dev_ws/install/motor_control/lib/python3.8/site-packages'
[3.440s] Level 1:colcon.colcon_core.environment:checking '/home/ubuntu/dev_ws/install/motor_control/bin'
[3.442s] INFO:colcon.colcon_core.shell:Creating package script '/home/ubuntu/dev_ws/install/motor_control/share/motor_control/package.ps1'
[3.445s] INFO:colcon.colcon_core.shell:Creating package descriptor '/home/ubuntu/dev_ws/install/motor_control/share/motor_control/package.dsv'
[3.447s] INFO:colcon.colcon_core.shell:Creating package script '/home/ubuntu/dev_ws/install/motor_control/share/motor_control/package.sh'
[3.450s] INFO:colcon.colcon_core.shell:Creating package script '/home/ubuntu/dev_ws/install/motor_control/share/motor_control/package.bash'
[3.453s] INFO:colcon.colcon_core.shell:Creating package script '/home/ubuntu/dev_ws/install/motor_control/share/motor_control/package.zsh'
[3.455s] Level 1:colcon.colcon_core.environment:create_file_with_runtime_dependencies(/home/ubuntu/dev_ws/install/motor_control/share/colcon-core/packages/motor_control)
[3.457s] DEBUG:colcon.colcon_parallel_executor.executor.parallel:closing loop
[3.458s] DEBUG:colcon.colcon_parallel_executor.executor.parallel:loop closed
[3.459s] DEBUG:colcon.colcon_parallel_executor.executor.parallel:run_until_complete finished with '0'
[3.459s] DEBUG:colcon.colcon_core.event_reactor:joining thread
[3.483s] INFO:colcon.colcon_core.plugin_system:Skipping extension 'colcon_notification.desktop_notification.terminal_notifier': Not used on non-Darwin systems
[3.484s] INFO:colcon.colcon_core.plugin_system:Skipping extension 'colcon_notification.desktop_notification.win32': Not used on non-Windows systems
[3.484s] INFO:colcon.colcon_notification.desktop_notification:Sending desktop notification using 'notify2'
[3.550s] DEBUG:colcon.colcon_core.event_reactor:joined thread
[3.552s] INFO:colcon.colcon_core.shell:Creating prefix script '/home/ubuntu/dev_ws/install/local_setup.ps1'
[3.557s] INFO:colcon.colcon_core.shell:Creating prefix util module '/home/ubuntu/dev_ws/install/_local_setup_util_ps1.py'
[3.564s] INFO:colcon.colcon_core.shell:Creating prefix chain script '/home/ubuntu/dev_ws/install/setup.ps1'
[3.569s] INFO:colcon.colcon_core.shell:Creating prefix script '/home/ubuntu/dev_ws/install/local_setup.sh'
[3.572s] INFO:colcon.colcon_core.shell:Creating prefix util module '/home/ubuntu/dev_ws/install/_local_setup_util_sh.py'
[3.575s] INFO:colcon.colcon_core.shell:Creating prefix chain script '/home/ubuntu/dev_ws/install/setup.sh'
[3.582s] INFO:colcon.colcon_core.shell:Creating prefix script '/home/ubuntu/dev_ws/install/local_setup.bash'
[3.585s] INFO:colcon.colcon_core.shell:Creating prefix chain script '/home/ubuntu/dev_ws/install/setup.bash'
[3.592s] INFO:colcon.colcon_core.shell:Creating prefix script '/home/ubuntu/dev_ws/install/local_setup.zsh'
[3.595s] INFO:colcon.colcon_core.shell:Creating prefix chain script '/home/ubuntu/dev_ws/install/setup.zsh'
