[0.079s] Invoking command in '/home/ubuntu/dev_ws/build/motor_control': CMAKE_PREFIX_PATH=/opt/ros/foxy /usr/bin/cmake --build /home/ubuntu/dev_ws/build/motor_control -- -j4 -l4
[0.481s] Invoked command in '/home/ubuntu/dev_ws/build/motor_control' returned '0': CMAKE_PREFIX_PATH=/opt/ros/foxy /usr/bin/cmake --build /home/ubuntu/dev_ws/build/motor_control -- -j4 -l4
[0.680s] Invoking command in '/home/ubuntu/dev_ws/build/motor_control': CMAKE_PREFIX_PATH=/opt/ros/foxy /usr/bin/cmake --install /home/ubuntu/dev_ws/build/motor_control
[0.729s] -- Install configuration: ""
[0.736s] -- Execute custom install script
[0.740s] -- Symlinking: /home/ubuntu/dev_ws/install/motor_control/share/motor_control/launch/motor_control.launch.py
[0.792s] -- Up-to-date symlink: /home/ubuntu/dev_ws/install/motor_control/share/ament_index/resource_index/package_run_dependencies/motor_control
[0.794s] -- Up-to-date symlink: /home/ubuntu/dev_ws/install/motor_control/share/ament_index/resource_index/parent_prefix_path/motor_control
[0.796s] -- Up-to-date symlink: /home/ubuntu/dev_ws/install/motor_control/share/motor_control/environment/ament_prefix_path.sh
[0.798s] -- Up-to-date symlink: /home/ubuntu/dev_ws/install/motor_control/share/motor_control/environment/ament_prefix_path.dsv
[0.804s] -- Up-to-date symlink: /home/ubuntu/dev_ws/install/motor_control/share/motor_control/environment/path.sh
[0.805s] -- Up-to-date symlink: /home/ubuntu/dev_ws/install/motor_control/share/motor_control/environment/path.dsv
[0.807s] -- Up-to-date symlink: /home/ubuntu/dev_ws/install/motor_control/share/motor_control/local_setup.bash
[0.809s] -- Up-to-date symlink: /home/ubuntu/dev_ws/install/motor_control/share/motor_control/local_setup.sh
[0.810s] -- Up-to-date symlink: /home/ubuntu/dev_ws/install/motor_control/share/motor_control/local_setup.zsh
[0.812s] -- Up-to-date symlink: /home/ubuntu/dev_ws/install/motor_control/share/motor_control/local_setup.dsv
[0.813s] -- Symlinking: /home/ubuntu/dev_ws/install/motor_control/share/motor_control/package.dsv
[0.862s] -- Up-to-date symlink: /home/ubuntu/dev_ws/install/motor_control/share/ament_index/resource_index/packages/motor_control
[0.864s] -- Up-to-date symlink: /home/ubuntu/dev_ws/install/motor_control/share/motor_control/cmake/motor_controlConfig.cmake
[0.867s] -- Up-to-date symlink: /home/ubuntu/dev_ws/install/motor_control/share/motor_control/cmake/motor_controlConfig-version.cmake
[0.871s] -- Up-to-date symlink: /home/ubuntu/dev_ws/install/motor_control/share/motor_control/package.xml
[0.878s] Invoked command in '/home/ubuntu/dev_ws/build/motor_control' returned '0': CMAKE_PREFIX_PATH=/opt/ros/foxy /usr/bin/cmake --install /home/ubuntu/dev_ws/build/motor_control
