[2.249s] DEBUG:colcon:Command line arguments: ['/usr/bin/colcon', 'build', '--symlink-install']
[2.250s] DEBUG:colcon:Parsed command line arguments: Namespace(allow_overriding=[], ament_cmake_args=None, base_paths=['.'], build_base='build', catkin_cmake_args=None, catkin_skip_building_tests=False, cmake_args=None, cmake_clean_cache=False, cmake_clean_first=False, cmake_force_configure=False, cmake_target=None, cmake_target_skip_unavailable=False, continue_on_error=False, event_handlers=None, executor='parallel', ignore_user_meta=False, install_base='install', log_base=None, log_level=None, main=<bound method BuildVerb.main of <colcon_core.verb.build.BuildVerb object at 0xffffac23d310>>, merge_install=False, metas=['./colcon.meta'], mixin=None, mixin_files=None, mixin_verb=('build',), packages_above=None, packages_above_and_dependencies=None, packages_above_depth=None, packages_end=None, packages_ignore=None, packages_ignore_regex=None, packages_select=None, packages_select_build_failed=False, packages_select_by_dep=None, packages_select_regex=None, packages_select_test_failures=False, packages_skip=None, packages_skip_build_finished=False, packages_skip_by_dep=None, packages_skip_regex=None, packages_skip_test_passed=False, packages_skip_up_to=None, packages_start=None, packages_up_to=None, packages_up_to_regex=None, parallel_workers=4, paths=None, symlink_install=True, test_result_base=None, verb_extension=<colcon_core.verb.build.BuildVerb object at 0xffffac23d310>, verb_name='build', verb_parser=<colcon_mixin.mixin.mixin_argument.MixinArgumentDecorator object at 0xffffac1a72e0>)
[4.290s] Level 1:colcon.colcon_core.package_discovery:discover_packages(colcon_meta) check parameters
[4.291s] Level 1:colcon.colcon_core.package_discovery:discover_packages(recursive) check parameters
[4.291s] Level 1:colcon.colcon_core.package_discovery:discover_packages(ignore) check parameters
[4.292s] Level 1:colcon.colcon_core.package_discovery:discover_packages(path) check parameters
[4.292s] Level 1:colcon.colcon_core.package_discovery:discover_packages(colcon_meta) discover
[4.293s] Level 1:colcon.colcon_core.package_discovery:discover_packages(recursive) discover
[4.293s] INFO:colcon.colcon_core.package_discovery:Crawling recursively for packages in '/home/ubuntu/dev_ws/launch'
[4.294s] Level 1:colcon.colcon_core.package_identification:_identify(.) by extensions ['ignore', 'ignore_ament_install']
[4.295s] Level 1:colcon.colcon_core.package_identification:_identify(.) by extension 'ignore'
[4.296s] Level 1:colcon.colcon_core.package_identification:_identify(.) by extension 'ignore_ament_install'
[4.297s] Level 1:colcon.colcon_core.package_identification:_identify(.) by extensions ['colcon_pkg']
[4.297s] Level 1:colcon.colcon_core.package_identification:_identify(.) by extension 'colcon_pkg'
[4.298s] Level 1:colcon.colcon_core.package_identification:_identify(.) by extensions ['colcon_meta']
[4.298s] Level 1:colcon.colcon_core.package_identification:_identify(.) by extension 'colcon_meta'
[4.299s] Level 1:colcon.colcon_core.package_identification:_identify(.) by extensions ['ros']
[4.299s] Level 1:colcon.colcon_core.package_identification:_identify(.) by extension 'ros'
[4.415s] Level 1:colcon.colcon_core.package_identification:_identify(.) by extensions ['cmake', 'python']
[4.416s] Level 1:colcon.colcon_core.package_identification:_identify(.) by extension 'cmake'
[4.416s] Level 1:colcon.colcon_core.package_identification:_identify(.) by extension 'python'
[4.417s] Level 1:colcon.colcon_core.package_identification:_identify(.) by extensions ['python_setup_py']
[4.417s] Level 1:colcon.colcon_core.package_identification:_identify(.) by extension 'python_setup_py'
[4.418s] Level 1:colcon.colcon_core.package_identification:_identify(__pycache__) by extensions ['ignore', 'ignore_ament_install']
[4.420s] Level 1:colcon.colcon_core.package_identification:_identify(__pycache__) by extension 'ignore'
[4.420s] Level 1:colcon.colcon_core.package_identification:_identify(__pycache__) by extension 'ignore_ament_install'
[4.421s] Level 1:colcon.colcon_core.package_identification:_identify(__pycache__) by extensions ['colcon_pkg']
[4.421s] Level 1:colcon.colcon_core.package_identification:_identify(__pycache__) by extension 'colcon_pkg'
[4.422s] Level 1:colcon.colcon_core.package_identification:_identify(__pycache__) by extensions ['colcon_meta']
[4.422s] Level 1:colcon.colcon_core.package_identification:_identify(__pycache__) by extension 'colcon_meta'
[4.423s] Level 1:colcon.colcon_core.package_identification:_identify(__pycache__) by extensions ['ros']
[4.423s] Level 1:colcon.colcon_core.package_identification:_identify(__pycache__) by extension 'ros'
[4.424s] Level 1:colcon.colcon_core.package_identification:_identify(__pycache__) by extensions ['cmake', 'python']
[4.425s] Level 1:colcon.colcon_core.package_identification:_identify(__pycache__) by extension 'cmake'
[4.425s] Level 1:colcon.colcon_core.package_identification:_identify(__pycache__) by extension 'python'
[4.426s] Level 1:colcon.colcon_core.package_identification:_identify(__pycache__) by extensions ['python_setup_py']
[4.426s] Level 1:colcon.colcon_core.package_identification:_identify(__pycache__) by extension 'python_setup_py'
[4.427s] Level 1:colcon.colcon_core.package_identification:_identify(build) by extensions ['ignore', 'ignore_ament_install']
[4.428s] Level 1:colcon.colcon_core.package_identification:_identify(build) by extension 'ignore'
[4.429s] Level 1:colcon.colcon_core.package_identification:_identify(build) ignored
[4.430s] Level 1:colcon.colcon_core.package_identification:_identify(install) by extensions ['ignore', 'ignore_ament_install']
[4.431s] Level 1:colcon.colcon_core.package_identification:_identify(install) by extension 'ignore'
[4.432s] Level 1:colcon.colcon_core.package_identification:_identify(install) ignored
[4.433s] Level 1:colcon.colcon_core.package_identification:_identify(log) by extensions ['ignore', 'ignore_ament_install']
[4.434s] Level 1:colcon.colcon_core.package_identification:_identify(log) by extension 'ignore'
[4.435s] Level 1:colcon.colcon_core.package_identification:_identify(log) ignored
[4.435s] Level 1:colcon.colcon_core.package_discovery:discover_packages(recursive) using defaults
[4.436s] Level 1:colcon.colcon_core.package_discovery:discover_packages(ignore) discover
[4.436s] Level 1:colcon.colcon_core.package_discovery:discover_packages(ignore) using defaults
[4.436s] Level 1:colcon.colcon_core.package_discovery:discover_packages(path) discover
[4.437s] Level 1:colcon.colcon_core.package_discovery:discover_packages(path) using defaults
[4.586s] Level 1:colcon.colcon_core.package_discovery:discover_packages(prefix_path) check parameters
[4.586s] Level 1:colcon.colcon_core.package_discovery:discover_packages(prefix_path) discover
[4.606s] DEBUG:colcon.colcon_installed_package_information.package_discovery:Found 0 installed packages in /home/ubuntu/dev_ws/launch/install
[4.627s] DEBUG:colcon.colcon_installed_package_information.package_discovery:Found 256 installed packages in /opt/ros/foxy
[4.655s] Level 1:colcon.colcon_core.package_discovery:discover_packages(prefix_path) using defaults
[5.704s] INFO:colcon.colcon_core.executor:Executing jobs using 'parallel' executor
[5.712s] DEBUG:colcon.colcon_parallel_executor.executor.parallel:run_until_complete
[5.714s] DEBUG:colcon.colcon_parallel_executor.executor.parallel:closing loop
[5.715s] DEBUG:colcon.colcon_parallel_executor.executor.parallel:loop closed
[5.716s] DEBUG:colcon.colcon_parallel_executor.executor.parallel:run_until_complete finished with '0'
[5.716s] DEBUG:colcon.colcon_core.event_reactor:joining thread
[5.778s] INFO:colcon.colcon_core.plugin_system:Skipping extension 'colcon_notification.desktop_notification.terminal_notifier': Not used on non-Darwin systems
[5.779s] INFO:colcon.colcon_core.plugin_system:Skipping extension 'colcon_notification.desktop_notification.win32': Not used on non-Windows systems
[5.780s] INFO:colcon.colcon_notification.desktop_notification:Sending desktop notification using 'notify2'
[5.969s] DEBUG:colcon.colcon_core.event_reactor:joined thread
[5.993s] INFO:colcon.colcon_core.plugin_system:Skipping extension 'colcon_core.shell.bat': Not used on non-Windows systems
[5.997s] INFO:colcon.colcon_core.shell:Creating prefix script '/home/ubuntu/dev_ws/launch/install/local_setup.ps1'
[6.010s] INFO:colcon.colcon_core.shell:Creating prefix util module '/home/ubuntu/dev_ws/launch/install/_local_setup_util_ps1.py'
[6.038s] INFO:colcon.colcon_core.shell:Creating prefix chain script '/home/ubuntu/dev_ws/launch/install/setup.ps1'
[6.052s] INFO:colcon.colcon_core.shell:Creating prefix script '/home/ubuntu/dev_ws/launch/install/local_setup.sh'
[6.060s] INFO:colcon.colcon_core.shell:Creating prefix util module '/home/ubuntu/dev_ws/launch/install/_local_setup_util_sh.py'
[6.071s] INFO:colcon.colcon_core.shell:Creating prefix chain script '/home/ubuntu/dev_ws/launch/install/setup.sh'
[6.085s] INFO:colcon.colcon_core.shell:Creating prefix script '/home/ubuntu/dev_ws/launch/install/local_setup.bash'
[6.094s] INFO:colcon.colcon_core.shell:Creating prefix chain script '/home/ubuntu/dev_ws/launch/install/setup.bash'
[6.109s] INFO:colcon.colcon_core.shell:Creating prefix script '/home/ubuntu/dev_ws/launch/install/local_setup.zsh'
[6.118s] INFO:colcon.colcon_core.shell:Creating prefix chain script '/home/ubuntu/dev_ws/launch/install/setup.zsh'
