[3.661s] Invoking command in '/home/ubuntu/dev_ws/build/pigpio': /usr/bin/cmake --build /home/ubuntu/dev_ws/build/pigpio -- -j4 -l4
[4.303s] [ 13%] Built target pigpio
[4.586s] [ 26%] Built target pigs
[4.885s] [ 39%] Built target pig2vcd
[5.301s] [ 47%] Built target pigpiod
[5.722s] [ 56%] Built target x_pigpio
[6.105s] [ 69%] Built target pigpiod_if2
[6.424s] [ 82%] Built target pigpiod_if
[6.842s] [ 91%] Built target x_pigpiod_if2
[7.203s] [100%] Built target x_pigpiod_if
[7.334s] Invoked command in '/home/ubuntu/dev_ws/build/pigpio' returned '0': /usr/bin/cmake --build /home/ubuntu/dev_ws/build/pigpio -- -j4 -l4
[8.352s] Invoking command in '/home/ubuntu/dev_ws/build/pigpio': /usr/bin/cmake --install /home/ubuntu/dev_ws/build/pigpio
[8.486s] -- Install configuration: ""
[8.492s] -- Up-to-date: /home/ubuntu/dev_ws/install/pigpio/lib/libpigpio.so
[8.500s] -- Up-to-date: /home/ubuntu/dev_ws/install/pigpio/lib/libpigpiod_if.so
[8.503s] -- Up-to-date: /home/ubuntu/dev_ws/install/pigpio/lib/libpigpiod_if2.so
[8.511s] -- Up-to-date: /home/ubuntu/dev_ws/install/pigpio/bin/pig2vcd
[8.517s] -- Up-to-date: /home/ubuntu/dev_ws/install/pigpio/bin/pigpiod
[8.525s] -- Up-to-date: /home/ubuntu/dev_ws/install/pigpio/bin/pigs
[8.530s] -- Up-to-date: /home/ubuntu/dev_ws/install/pigpio/lib/cmake/pigpio/pigpioTargets.cmake
[8.531s] -- Up-to-date: /home/ubuntu/dev_ws/install/pigpio/lib/cmake/pigpio/pigpioTargets-noconfig.cmake
[8.538s] -- Up-to-date: /home/ubuntu/dev_ws/install/pigpio/lib/cmake/pigpio/pigpioConfig.cmake
[8.544s] -- Up-to-date: /home/ubuntu/dev_ws/install/pigpio/lib/cmake/pigpio/pigpioConfigVersion.cmake
[8.548s] -- Up-to-date: /home/ubuntu/dev_ws/install/pigpio/include/pigpio.h
[8.558s] -- Up-to-date: /home/ubuntu/dev_ws/install/pigpio/include/pigpiod_if.h
[8.561s] -- Up-to-date: /home/ubuntu/dev_ws/install/pigpio/include/pigpiod_if2.h
[8.566s] -- Up-to-date: /home/ubuntu/dev_ws/install/pigpio/man/man1/libpigpio.so.1
[8.572s] -- Up-to-date: /home/ubuntu/dev_ws/install/pigpio/man/man1/libpigpiod_if.so.1
[8.577s] -- Up-to-date: /home/ubuntu/dev_ws/install/pigpio/man/man1/libpigpiod_if2.so.1
[8.578s] -- Up-to-date: /home/ubuntu/dev_ws/install/pigpio/man/man1/pig2vcd.1
[8.586s] -- Up-to-date: /home/ubuntu/dev_ws/install/pigpio/man/man1/pigpiod.1
[8.587s] -- Up-to-date: /home/ubuntu/dev_ws/install/pigpio/man/man1/pigs.1
[8.591s] -- Up-to-date: /home/ubuntu/dev_ws/install/pigpio/man/man3/pigpio.3
[8.593s] -- Up-to-date: /home/ubuntu/dev_ws/install/pigpio/man/man3/pigpiod_if.3
[8.595s] -- Up-to-date: /home/ubuntu/dev_ws/install/pigpio/man/man3/pigpiod_if2.3
[9.246s] running install
[9.260s] running build
[9.263s] running build_py
[9.269s] running install_lib
[9.325s] running install_egg_info
[9.348s] Writing /usr/local/lib/python3.8/dist-packages/pigpio-1.44.egg-info
[9.363s] error: [Errno 13] Permission denied: '/usr/local/lib/python3.8/dist-packages/pigpio-1.44.egg-info'
[9.447s] Invoked command in '/home/ubuntu/dev_ws/build/pigpio' returned '0': /usr/bin/cmake --install /home/ubuntu/dev_ws/build/pigpio
