[6.589s] Invoking command in '/home/ubuntu/dev_ws/build/motor_controller': PYTHONPATH=/home/ubuntu/dev_ws/build/motor_controller/prefix_override:/usr/lib/python3/dist-packages/colcon_core/task/python/colcon_distutils_commands:/home/ubuntu/dev_ws/install/motor_controller/lib/python3.8/site-packages:${PYTHONPATH} /usr/bin/python3 -W ignore:setup.py install is deprecated setup.py develop --editable --build-directory /home/ubuntu/dev_ws/build/motor_controller/build --no-deps symlink_data --force
[8.801s] running develop
[10.216s] running egg_info
[10.222s] writing motor_controller.egg-info/PKG-INFO
[10.227s] writing dependency_links to motor_controller.egg-info/dependency_links.txt
[10.234s] writing entry points to motor_controller.egg-info/entry_points.txt
[10.235s] writing requirements to motor_controller.egg-info/requires.txt
[10.236s] writing top-level names to motor_controller.egg-info/top_level.txt
[10.618s] reading manifest file 'motor_controller.egg-info/SOURCES.txt'
[10.633s] writing manifest file 'motor_controller.egg-info/SOURCES.txt'
[10.938s] running build_ext
[10.943s] Creating /home/ubuntu/dev_ws/install/motor_controller/lib/python3.8/site-packages/motor-controller.egg-link (link to .)
[10.949s] Installing controller script to /home/ubuntu/dev_ws/install/motor_controller/lib/motor_controller
[10.952s] Installing relay script to /home/ubuntu/dev_ws/install/motor_controller/lib/motor_controller
[10.956s] Installing salter script to /home/ubuntu/dev_ws/install/motor_controller/lib/motor_controller
[10.960s] 
[10.961s] Installed /home/ubuntu/dev_ws/build/motor_controller
[10.963s] running symlink_data
[10.966s] symbolically linking /home/ubuntu/dev_ws/build/motor_controller/resource/motor_controller -> /home/ubuntu/dev_ws/install/motor_controller/share/ament_index/resource_index/packages
[10.970s] symbolically linking /home/ubuntu/dev_ws/build/motor_controller/package.xml -> /home/ubuntu/dev_ws/install/motor_controller/share/motor_controller
[11.233s] Invoked command in '/home/ubuntu/dev_ws/build/motor_controller' returned '0': PYTHONPATH=/home/ubuntu/dev_ws/build/motor_controller/prefix_override:/usr/lib/python3/dist-packages/colcon_core/task/python/colcon_distutils_commands:/home/ubuntu/dev_ws/install/motor_controller/lib/python3.8/site-packages:${PYTHONPATH} /usr/bin/python3 -W ignore:setup.py install is deprecated setup.py develop --editable --build-directory /home/ubuntu/dev_ws/build/motor_controller/build --no-deps symlink_data --force
