[11.240s] Invoking command in '/home/ubuntu/dev_ws/build/motor_controller': PYTHONPATH=/home/ubuntu/dev_ws/build/motor_controller/prefix_override:/usr/lib/python3/dist-packages/colcon_core/task/python/colcon_distutils_commands:/home/ubuntu/dev_ws/install/motor_controller/lib/python3.8/site-packages: /usr/bin/python3 -W ignore:setup.py install is deprecated setup.py develop --editable --build-directory /home/ubuntu/dev_ws/build/motor_controller/build --no-deps symlink_data
[14.957s] running develop
[16.915s] running egg_info
[16.917s] writing motor_controller.egg-info/PKG-INFO
[16.924s] writing dependency_links to motor_controller.egg-info/dependency_links.txt
[16.929s] writing entry points to motor_controller.egg-info/entry_points.txt
[16.933s] writing requirements to motor_controller.egg-info/requires.txt
[16.938s] writing top-level names to motor_controller.egg-info/top_level.txt
[17.370s] reading manifest file 'motor_controller.egg-info/SOURCES.txt'
[17.386s] writing manifest file 'motor_controller.egg-info/SOURCES.txt'
[17.909s] running build_ext
[17.912s] Creating /home/ubuntu/dev_ws/install/motor_controller/lib/python3.8/site-packages/motor-controller.egg-link (link to .)
[17.921s] Installing controller script to /home/ubuntu/dev_ws/install/motor_controller/lib/motor_controller
[17.923s] Installing estop script to /home/ubuntu/dev_ws/install/motor_controller/lib/motor_controller
[17.925s] Installing relay script to /home/ubuntu/dev_ws/install/motor_controller/lib/motor_controller
[17.927s] Installing salter script to /home/ubuntu/dev_ws/install/motor_controller/lib/motor_controller
[17.930s] 
[17.932s] Installed /home/ubuntu/dev_ws/build/motor_controller
[17.960s] running symlink_data
[18.180s] Invoked command in '/home/ubuntu/dev_ws/build/motor_controller' returned '0': PYTHONPATH=/home/ubuntu/dev_ws/build/motor_controller/prefix_override:/usr/lib/python3/dist-packages/colcon_core/task/python/colcon_distutils_commands:/home/ubuntu/dev_ws/install/motor_controller/lib/python3.8/site-packages: /usr/bin/python3 -W ignore:setup.py install is deprecated setup.py develop --editable --build-directory /home/ubuntu/dev_ws/build/motor_controller/build --no-deps symlink_data
