[9.919s] Invoking command in '/home/ubuntu/dev_ws/build/motor_controller': PYTHONPATH=/home/ubuntu/dev_ws/build/motor_controller/prefix_override:/usr/lib/python3/dist-packages/colcon_core/task/python/colcon_distutils_commands:/home/ubuntu/dev_ws/install/motor_controller/lib/python3.8/site-packages:${PYTHONPATH} /usr/bin/python3 -W ignore:setup.py install is deprecated setup.py develop --editable --build-directory /home/ubuntu/dev_ws/build/motor_controller/build --no-deps symlink_data
[13.460s] running develop
[15.631s] running egg_info
[15.639s] writing motor_controller.egg-info/PKG-INFO
[15.649s] writing dependency_links to motor_controller.egg-info/dependency_links.txt
[15.652s] writing entry points to motor_controller.egg-info/entry_points.txt
[15.653s] writing requirements to motor_controller.egg-info/requires.txt
[15.654s] writing top-level names to motor_controller.egg-info/top_level.txt
[16.064s] reading manifest file 'motor_controller.egg-info/SOURCES.txt'
[16.076s] writing manifest file 'motor_controller.egg-info/SOURCES.txt'
[16.569s] running build_ext
[16.573s] Creating /home/ubuntu/dev_ws/install/motor_controller/lib/python3.8/site-packages/motor-controller.egg-link (link to .)
[16.582s] Installing controller script to /home/ubuntu/dev_ws/install/motor_controller/lib/motor_controller
[16.584s] Installing estop script to /home/ubuntu/dev_ws/install/motor_controller/lib/motor_controller
[16.587s] Installing relay script to /home/ubuntu/dev_ws/install/motor_controller/lib/motor_controller
[16.592s] Installing salter script to /home/ubuntu/dev_ws/install/motor_controller/lib/motor_controller
[16.596s] 
[16.598s] Installed /home/ubuntu/dev_ws/build/motor_controller
[16.600s] running symlink_data
[16.820s] Invoked command in '/home/ubuntu/dev_ws/build/motor_controller' returned '0': PYTHONPATH=/home/ubuntu/dev_ws/build/motor_controller/prefix_override:/usr/lib/python3/dist-packages/colcon_core/task/python/colcon_distutils_commands:/home/ubuntu/dev_ws/install/motor_controller/lib/python3.8/site-packages:${PYTHONPATH} /usr/bin/python3 -W ignore:setup.py install is deprecated setup.py develop --editable --build-directory /home/ubuntu/dev_ws/build/motor_controller/build --no-deps symlink_data
